[[1;34mINFO[m] Scanning for projects...
[[1;33mWARNING[m] The project com.shinesolutions:swaggeraem4j:jar:0.10.0 uses prerequisites which is only intended for maven-plugin projects but not for non maven-plugin projects. For such purposes you should use the maven-enforcer-plugin. See https://maven.apache.org/enforcer/enforcer-rules/requireMavenVersion.html
[[1;34mINFO[m] 
[[1;34mINFO[m] [1m------------------------------------------------------------------------[m
[[1;34mINFO[m] [1mBuilding swaggeraem4j 0.10.0[m
[[1;34mINFO[m] [1m------------------------------------------------------------------------[m
[[1;34mINFO[m] 
[[1;34mINFO[m] [1m--- [0;32mbuild-helper-maven-plugin:1.10:add-source[m [1m(add_sources)[m @ [36mswaggeraem4j[0;1m ---[m
[[1;34mINFO[m] Source directory: /opt/workspace/java/generated/src/main/java added.
[[1;34mINFO[m] 
[[1;34mINFO[m] [1m--- [0;32mmaven-resources-plugin:2.6:resources[m [1m(default-resources)[m @ [36mswaggeraem4j[0;1m ---[m
[[1;34mINFO[m] Using 'UTF-8' encoding to copy filtered resources.
[[1;34mINFO[m] skip non existing resourceDirectory /opt/workspace/java/generated/src/main/resources
[[1;34mINFO[m] 
[[1;34mINFO[m] [1m--- [0;32mmaven-compiler-plugin:3.1:compile[m [1m(default-compile)[m @ [36mswaggeraem4j[0;1m ---[m
[[1;34mINFO[m] Nothing to compile - all classes are up to date
[[1;34mINFO[m] 
[[1;34mINFO[m] [1m--- [0;32mbuild-helper-maven-plugin:1.10:add-test-source[m [1m(add_test_sources)[m @ [36mswaggeraem4j[0;1m ---[m
[[1;34mINFO[m] Test Source directory: /opt/workspace/java/generated/src/test/java added.
[[1;34mINFO[m] 
[[1;34mINFO[m] [1m--- [0;32mmaven-resources-plugin:2.6:testResources[m [1m(default-testResources)[m @ [36mswaggeraem4j[0;1m ---[m
[[1;34mINFO[m] Using 'UTF-8' encoding to copy filtered resources.
[[1;34mINFO[m] skip non existing resourceDirectory /opt/workspace/java/generated/src/test/resources
[[1;34mINFO[m] 
[[1;34mINFO[m] [1m--- [0;32mmaven-compiler-plugin:3.1:testCompile[m [1m(default-testCompile)[m @ [36mswaggeraem4j[0;1m ---[m
[[1;34mINFO[m] Nothing to compile - all classes are up to date
[[1;34mINFO[m] 
[[1;34mINFO[m] [1m--- [0;32mmaven-surefire-plugin:2.12:test[m [1m(default-test)[m @ [36mswaggeraem4j[0;1m ---[m
[[1;34mINFO[m] Surefire report directory: /opt/workspace/java/generated/target/surefire-reports

-------------------------------------------------------
 T E S T S
-------------------------------------------------------

-------------------------------------------------------
 T E S T S
-------------------------------------------------------
Concurrency config is parallel='methods', perCoreThreadCount=true, threadCount=2, useUnlimitedThreads=false
Running com.shinesolutions.swaggeraem4j.api.CrxApiTest
Tests run: 1, Failures: 0, Errors: 0, Skipped: 1, Time elapsed: 0 sec
Concurrency config is parallel='methods', perCoreThreadCount=true, threadCount=2, useUnlimitedThreads=false
Running com.shinesolutions.swaggeraem4j.api.ConsoleApiTest
Tests run: 1, Failures: 0, Errors: 0, Skipped: 1, Time elapsed: 0.001 sec
Concurrency config is parallel='methods', perCoreThreadCount=true, threadCount=2, useUnlimitedThreads=false
Running com.shinesolutions.swaggeraem4j.api.CustomApiTest
Tests run: 1, Failures: 0, Errors: 0, Skipped: 1, Time elapsed: 0 sec
Concurrency config is parallel='methods', perCoreThreadCount=true, threadCount=2, useUnlimitedThreads=false
Running com.shinesolutions.swaggeraem4j.api.CqApiTest
Tests run: 1, Failures: 0, Errors: 0, Skipped: 1, Time elapsed: 0 sec
Concurrency config is parallel='methods', perCoreThreadCount=true, threadCount=2, useUnlimitedThreads=false
Running com.shinesolutions.swaggeraem4j.api.SlingApiTest
Tests run: 1, Failures: 0, Errors: 0, Skipped: 1, Time elapsed: 0 sec

Results :

Tests run: 5, Failures: 0, Errors: 0, Skipped: 5

[[1;34mINFO[m] 
[[1;34mINFO[m] [1m--- [0;32mmaven-jar-plugin:2.2:jar[m [1m(default-jar)[m @ [36mswaggeraem4j[0;1m ---[m
Downloading: https://repo.maven.apache.org/maven2/org/apache/maven/maven-project/2.0.7/maven-project-2.0.7.pom
Progress (1): 2.2/2.6 kBProgress (1): 2.6 kB                        Downloaded: https://repo.maven.apache.org/maven2/org/apache/maven/maven-project/2.0.7/maven-project-2.0.7.pom (2.6 kB at 1.5 kB/s)
Downloading: https://repo.maven.apache.org/maven2/org/apache/maven/maven/2.0.7/maven-2.0.7.pom
Progress (1): 2.2/11 kBProgress (1): 5.0/11 kBProgress (1): 7.8/11 kBProgress (1): 11/11 kB Progress (1): 11 kB                      Downloaded: https://repo.maven.apache.org/maven2/org/apache/maven/maven/2.0.7/maven-2.0.7.pom (11 kB at 12 kB/s)
Downloading: https://repo.maven.apache.org/maven2/org/apache/maven/maven-settings/2.0.7/maven-settings-2.0.7.pom
Progress (1): 2.0 kB                    Downloaded: https://repo.maven.apache.org/maven2/org/apache/maven/maven-settings/2.0.7/maven-settings-2.0.7.pom (2.0 kB at 3.9 kB/s)
Downloading: https://repo.maven.apache.org/maven2/org/apache/maven/maven-model/2.0.7/maven-model-2.0.7.pom
Progress (1): 1.4/3.0 kBProgress (1): 3.0 kB                        Downloaded: https://repo.maven.apache.org/maven2/org/apache/maven/maven-model/2.0.7/maven-model-2.0.7.pom (3.0 kB at 4.5 kB/s)
Downloading: https://repo.maven.apache.org/maven2/org/apache/maven/maven-profile/2.0.7/maven-profile-2.0.7.pom
Progress (1): 2.0 kB                    Downloaded: https://repo.maven.apache.org/maven2/org/apache/maven/maven-profile/2.0.7/maven-profile-2.0.7.pom (2.0 kB at 3.1 kB/s)
Downloading: https://repo.maven.apache.org/maven2/org/apache/maven/maven-artifact-manager/2.0.7/maven-artifact-manager-2.0.7.pom
Progress (1): 2.2/2.6 kBProgress (1): 2.6 kB                        Downloaded: https://repo.maven.apache.org/maven2/org/apache/maven/maven-artifact-manager/2.0.7/maven-artifact-manager-2.0.7.pom (2.6 kB at 6.5 kB/s)
Downloading: https://repo.maven.apache.org/maven2/org/apache/maven/maven-repository-metadata/2.0.7/maven-repository-metadata-2.0.7.pom
Progress (1): 1.9 kB                    Downloaded: https://repo.maven.apache.org/maven2/org/apache/maven/maven-repository-metadata/2.0.7/maven-repository-metadata-2.0.7.pom (1.9 kB at 4.9 kB/s)
Downloading: https://repo.maven.apache.org/maven2/org/apache/maven/maven-artifact/2.0.7/maven-artifact-2.0.7.pom
Progress (1): 1.6 kB                    Downloaded: https://repo.maven.apache.org/maven2/org/apache/maven/maven-artifact/2.0.7/maven-artifact-2.0.7.pom (1.6 kB at 3.6 kB/s)
Downloading: https://repo.maven.apache.org/maven2/org/apache/maven/maven-plugin-registry/2.0.7/maven-plugin-registry-2.0.7.pom
Progress (1): 1.9 kB                    Downloaded: https://repo.maven.apache.org/maven2/org/apache/maven/maven-plugin-registry/2.0.7/maven-plugin-registry-2.0.7.pom (1.9 kB at 4.1 kB/s)
Downloading: https://repo.maven.apache.org/maven2/org/apache/maven/maven-archiver/2.3/maven-archiver-2.3.pom
Progress (1): 2.2/3.7 kBProgress (1): 3.7 kB                        Downloaded: https://repo.maven.apache.org/maven2/org/apache/maven/maven-archiver/2.3/maven-archiver-2.3.pom (3.7 kB at 5.8 kB/s)
Downloading: https://repo.maven.apache.org/maven2/org/codehaus/plexus/plexus-archiver/1.0-alpha-9/plexus-archiver-1.0-alpha-9.pom
Progress (1): 1.8 kB                    Downloaded: https://repo.maven.apache.org/maven2/org/codehaus/plexus/plexus-archiver/1.0-alpha-9/plexus-archiver-1.0-alpha-9.pom (1.8 kB at 4.0 kB/s)
Downloading: https://repo.maven.apache.org/maven2/org/codehaus/plexus/plexus-container-default/1.0-alpha-15/plexus-container-default-1.0-alpha-15.pom
Progress (1): 1.7 kB                    Downloaded: https://repo.maven.apache.org/maven2/org/codehaus/plexus/plexus-container-default/1.0-alpha-15/plexus-container-default-1.0-alpha-15.pom (1.7 kB at 3.4 kB/s)
Downloading: https://repo.maven.apache.org/maven2/org/codehaus/plexus/plexus-containers/1.0-alpha-15/plexus-containers-1.0-alpha-15.pom
Progress (1): 1.9 kB                    Downloaded: https://repo.maven.apache.org/maven2/org/codehaus/plexus/plexus-containers/1.0-alpha-15/plexus-containers-1.0-alpha-15.pom (1.9 kB at 3.9 kB/s)
Downloading: https://repo.maven.apache.org/maven2/org/codehaus/plexus/plexus-component-api/1.0-alpha-15/plexus-component-api-1.0-alpha-15.pom
Progress (1): 948 B                   Downloaded: https://repo.maven.apache.org/maven2/org/codehaus/plexus/plexus-component-api/1.0-alpha-15/plexus-component-api-1.0-alpha-15.pom (948 B at 1.8 kB/s)
Downloading: https://repo.maven.apache.org/maven2/org/codehaus/plexus/plexus-classworlds/1.2-alpha-6/plexus-classworlds-1.2-alpha-6.pom
Progress (1): 2.2/2.4 kBProgress (1): 2.4 kB                        Downloaded: https://repo.maven.apache.org/maven2/org/codehaus/plexus/plexus-classworlds/1.2-alpha-6/plexus-classworlds-1.2-alpha-6.pom (2.4 kB at 6.2 kB/s)
Downloading: https://repo.maven.apache.org/maven2/org/codehaus/plexus/plexus-io/1.0-alpha-1/plexus-io-1.0-alpha-1.pom
Progress (1): 1.3 kB                    Downloaded: https://repo.maven.apache.org/maven2/org/codehaus/plexus/plexus-io/1.0-alpha-1/plexus-io-1.0-alpha-1.pom (1.3 kB at 2.5 kB/s)
Downloading: https://repo.maven.apache.org/maven2/org/codehaus/plexus/plexus-component-api/1.0-alpha-16/plexus-component-api-1.0-alpha-16.pom
Progress (1): 2.2 kB                    Downloaded: https://repo.maven.apache.org/maven2/org/codehaus/plexus/plexus-component-api/1.0-alpha-16/plexus-component-api-1.0-alpha-16.pom (2.2 kB at 2.4 kB/s)
Downloading: https://repo.maven.apache.org/maven2/org/codehaus/plexus/plexus-containers/1.0-alpha-16/plexus-containers-1.0-alpha-16.pom
Progress (1): 1.9 kB                    Downloaded: https://repo.maven.apache.org/maven2/org/codehaus/plexus/plexus-containers/1.0-alpha-16/plexus-containers-1.0-alpha-16.pom (1.9 kB at 4.6 kB/s)
Downloading: https://repo.maven.apache.org/maven2/org/codehaus/plexus/plexus-utils/1.4.9/plexus-utils-1.4.9.pom
Progress (1): 2.2/2.3 kBProgress (1): 2.3 kB                        Downloaded: https://repo.maven.apache.org/maven2/org/codehaus/plexus/plexus-utils/1.4.9/plexus-utils-1.4.9.pom (2.3 kB at 3.1 kB/s)
Downloading: https://repo.maven.apache.org/maven2/org/apache/maven/maven-project/2.0.7/maven-project-2.0.7.jar
Downloading: https://repo.maven.apache.org/maven2/org/apache/maven/maven-profile/2.0.7/maven-profile-2.0.7.jar
Downloading: https://repo.maven.apache.org/maven2/org/apache/maven/maven-model/2.0.7/maven-model-2.0.7.jar
Downloading: https://repo.maven.apache.org/maven2/org/apache/maven/maven-settings/2.0.7/maven-settings-2.0.7.jar
Downloading: https://repo.maven.apache.org/maven2/org/apache/maven/maven-artifact-manager/2.0.7/maven-artifact-manager-2.0.7.jar
Progress (1): 2.8/117 kBProgress (1): 5.5/117 kBProgress (1): 8.3/117 kBProgress (1): 11/117 kB Progress (1): 14/117 kBProgress (1): 16/117 kBProgress (1): 19/117 kBProgress (1): 22/117 kBProgress (1): 25/117 kBProgress (1): 27/117 kBProgress (1): 30/117 kBProgress (1): 33/117 kBProgress (1): 37/117 kBProgress (1): 41/117 kBProgress (1): 45/117 kBProgress (1): 49/117 kBProgress (1): 53/117 kBProgress (1): 57/117 kBProgress (1): 61/117 kBProgress (1): 65/117 kBProgress (1): 69/117 kBProgress (1): 73/117 kBProgress (1): 78/117 kBProgress (1): 82/117 kBProgress (2): 82/117 kB | 2.2/57 kBProgress (2): 86/117 kB | 2.2/57 kBProgress (2): 90/117 kB | 2.2/57 kBProgress (3): 90/117 kB | 2.2/57 kB | 2.8/35 kBProgress (3): 90/117 kB | 2.2/57 kB | 5.5/35 kBProgress (3): 90/117 kB | 2.2/57 kB | 8.3/35 kBProgress (4): 90/117 kB | 2.2/57 kB | 8.3/35 kB | 2.8/86 kBProgress (5): 90/117 kB | 2.2/57 kB | 8.3/35 kB | 2.8/86 kB | 2.8/49 kBProgress (5): 90/117 kB | 2.2/57 kB | 8.3/35 kB | 5.5/86 kB | 2.8/49 kBProgress (5): 90/117 kB | 5.0/57 kB | 8.3/35 kB | 5.5/86 kB | 2.8/49 kBProgress (5): 90/117 kB | 7.7/57 kB | 8.3/35 kB | 5.5/86 kB | 2.8/49 kBProgress (5): 94/117 kB | 7.7/57 kB | 8.3/35 kB | 5.5/86 kB | 2.8/49 kBProgress (5): 98/117 kB | 7.7/57 kB | 8.3/35 kB | 5.5/86 kB | 2.8/49 kBProgress (5): 98/117 kB | 7.7/57 kB | 8.3/35 kB | 8.3/86 kB | 2.8/49 kBProgress (5): 98/117 kB | 7.7/57 kB | 8.3/35 kB | 8.3/86 kB | 5.5/49 kBProgress (5): 98/117 kB | 7.7/57 kB | 8.3/35 kB | 8.3/86 kB | 8.3/49 kBProgress (5): 98/117 kB | 10/57 kB | 8.3/35 kB | 8.3/86 kB | 8.3/49 kB Progress (5): 98/117 kB | 13/57 kB | 8.3/35 kB | 8.3/86 kB | 8.3/49 kBProgress (5): 98/117 kB | 16/57 kB | 8.3/35 kB | 8.3/86 kB | 8.3/49 kBProgress (5): 102/117 kB | 16/57 kB | 8.3/35 kB | 8.3/86 kB | 8.3/49 kBProgress (5): 102/117 kB | 19/57 kB | 8.3/35 kB | 8.3/86 kB | 8.3/49 kBProgress (5): 102/117 kB | 19/57 kB | 8.3/35 kB | 11/86 kB | 8.3/49 kB Progress (5): 102/117 kB | 21/57 kB | 8.3/35 kB | 11/86 kB | 8.3/49 kBProgress (5): 102/117 kB | 21/57 kB | 11/35 kB | 11/86 kB | 8.3/49 kB Progress (5): 102/117 kB | 21/57 kB | 11/35 kB | 14/86 kB | 8.3/49 kBProgress (5): 106/117 kB | 21/57 kB | 11/35 kB | 14/86 kB | 8.3/49 kBProgress (5): 106/117 kB | 21/57 kB | 14/35 kB | 14/86 kB | 8.3/49 kBProgress (5): 106/117 kB | 24/57 kB | 14/35 kB | 14/86 kB | 8.3/49 kBProgress (5): 106/117 kB | 24/57 kB | 14/35 kB | 16/86 kB | 8.3/49 kBProgress (5): 106/117 kB | 24/57 kB | 14/35 kB | 16/86 kB | 11/49 kB Progress (5): 106/117 kB | 24/57 kB | 14/35 kB | 19/86 kB | 11/49 kBProgress (5): 106/117 kB | 24/57 kB | 16/35 kB | 19/86 kB | 11/49 kBProgress (5): 106/117 kB | 24/57 kB | 16/35 kB | 22/86 kB | 11/49 kBProgress (5): 110/117 kB | 24/57 kB | 16/35 kB | 22/86 kB | 11/49 kBProgress (5): 110/117 kB | 27/57 kB | 16/35 kB | 22/86 kB | 11/49 kBProgress (5): 110/117 kB | 27/57 kB | 16/35 kB | 25/86 kB | 11/49 kBProgress (5): 110/117 kB | 27/57 kB | 16/35 kB | 27/86 kB | 11/49 kBProgress (5): 110/117 kB | 27/57 kB | 19/35 kB | 27/86 kB | 11/49 kBProgress (5): 110/117 kB | 27/57 kB | 19/35 kB | 27/86 kB | 14/49 kBProgress (5): 110/117 kB | 27/57 kB | 19/35 kB | 30/86 kB | 14/49 kBProgress (5): 110/117 kB | 27/57 kB | 22/35 kB | 30/86 kB | 14/49 kBProgress (5): 110/117 kB | 30/57 kB | 22/35 kB | 30/86 kB | 14/49 kBProgress (5): 114/117 kB | 30/57 kB | 22/35 kB | 30/86 kB | 14/49 kBProgress (5): 114/117 kB | 30/57 kB | 22/35 kB | 33/86 kB | 14/49 kBProgress (5): 114/117 kB | 30/57 kB | 25/35 kB | 33/86 kB | 14/49 kBProgress (5): 114/117 kB | 30/57 kB | 25/35 kB | 33/86 kB | 16/49 kBProgress (5): 114/117 kB | 30/57 kB | 27/35 kB | 33/86 kB | 16/49 kBProgress (5): 114/117 kB | 30/57 kB | 27/35 kB | 33/86 kB | 19/49 kBProgress (5): 114/117 kB | 30/57 kB | 27/35 kB | 33/86 kB | 22/49 kBProgress (5): 114/117 kB | 30/57 kB | 27/35 kB | 33/86 kB | 25/49 kBProgress (5): 117 kB | 30/57 kB | 27/35 kB | 33/86 kB | 25/49 kB    Progress (5): 117 kB | 30/57 kB | 27/35 kB | 33/86 kB | 27/49 kBProgress (5): 117 kB | 32/57 kB | 27/35 kB | 33/86 kB | 27/49 kBProgress (5): 117 kB | 32/57 kB | 30/35 kB | 33/86 kB | 27/49 kBProgress (5): 117 kB | 32/57 kB | 33/35 kB | 33/86 kB | 27/49 kBProgress (5): 117 kB | 32/57 kB | 35 kB | 33/86 kB | 27/49 kB   Progress (5): 117 kB | 32/57 kB | 35 kB | 33/86 kB | 30/49 kBProgress (5): 117 kB | 32/57 kB | 35 kB | 33/86 kB | 33/49 kBProgress (5): 117 kB | 32/57 kB | 35 kB | 37/86 kB | 33/49 kBProgress (5): 117 kB | 32/57 kB | 35 kB | 41/86 kB | 33/49 kBProgress (5): 117 kB | 32/57 kB | 35 kB | 45/86 kB | 33/49 kBProgress (5): 117 kB | 32/57 kB | 35 kB | 49/86 kB | 33/49 kBProgress (5): 117 kB | 32/57 kB | 35 kB | 53/86 kB | 33/49 kBProgress (5): 117 kB | 32/57 kB | 35 kB | 57/86 kB | 33/49 kBProgress (5): 117 kB | 32/57 kB | 35 kB | 61/86 kB | 33/49 kBProgress (5): 117 kB | 32/57 kB | 35 kB | 65/86 kB | 33/49 kBProgress (5): 117 kB | 32/57 kB | 35 kB | 69/86 kB | 33/49 kBProgress (5): 117 kB | 32/57 kB | 35 kB | 73/86 kB | 33/49 kBProgress (5): 117 kB | 32/57 kB | 35 kB | 77/86 kB | 33/49 kBProgress (5): 117 kB | 32/57 kB | 35 kB | 81/86 kB | 33/49 kBProgress (5): 117 kB | 36/57 kB | 35 kB | 81/86 kB | 33/49 kBProgress (5): 117 kB | 40/57 kB | 35 kB | 81/86 kB | 33/49 kBProgress (5): 117 kB | 45/57 kB | 35 kB | 81/86 kB | 33/49 kBProgress (5): 117 kB | 49/57 kB | 35 kB | 81/86 kB | 33/49 kBProgress (5): 117 kB | 49/57 kB | 35 kB | 81/86 kB | 37/49 kBProgress (5): 117 kB | 49/57 kB | 35 kB | 85/86 kB | 37/49 kBProgress (5): 117 kB | 53/57 kB | 35 kB | 85/86 kB | 37/49 kBProgress (5): 117 kB | 57 kB | 35 kB | 85/86 kB | 37/49 kB   Progress (5): 117 kB | 57 kB | 35 kB | 85/86 kB | 41/49 kBProgress (5): 117 kB | 57 kB | 35 kB | 85/86 kB | 45/49 kBProgress (5): 117 kB | 57 kB | 35 kB | 85/86 kB | 49 kB   Progress (5): 117 kB | 57 kB | 35 kB | 86 kB | 49 kB                                                       Downloaded: https://repo.maven.apache.org/maven2/org/apache/maven/maven-project/2.0.7/maven-project-2.0.7.jar (117 kB at 91 kB/s)
Downloaded: https://repo.maven.apache.org/maven2/org/apache/maven/maven-profile/2.0.7/maven-profile-2.0.7.jar (35 kB at 28 kB/s)
Downloading: https://repo.maven.apache.org/maven2/org/apache/maven/maven-repository-metadata/2.0.7/maven-repository-metadata-2.0.7.jar
Downloading: https://repo.maven.apache.org/maven2/org/apache/maven/maven-plugin-registry/2.0.7/maven-plugin-registry-2.0.7.jar
Downloaded: https://repo.maven.apache.org/maven2/org/apache/maven/maven-artifact-manager/2.0.7/maven-artifact-manager-2.0.7.jar (57 kB at 41 kB/s)
Downloaded: https://repo.maven.apache.org/maven2/org/apache/maven/maven-settings/2.0.7/maven-settings-2.0.7.jar (49 kB at 35 kB/s)
Downloading: https://repo.maven.apache.org/maven2/org/apache/maven/maven-archiver/2.3/maven-archiver-2.3.jar
Downloading: https://repo.maven.apache.org/maven2/org/apache/maven/maven-artifact/2.0.7/maven-artifact-2.0.7.jar
Downloaded: https://repo.maven.apache.org/maven2/org/apache/maven/maven-model/2.0.7/maven-model-2.0.7.jar (86 kB at 61 kB/s)
Downloading: https://repo.maven.apache.org/maven2/org/codehaus/plexus/plexus-archiver/1.0-alpha-9/plexus-archiver-1.0-alpha-9.jar
Progress (1): 4.1/29 kBProgress (1): 7.7/29 kBProgress (1): 12/29 kB Progress (1): 16/29 kBProgress (2): 16/29 kB | 2.8/24 kBProgress (2): 16/29 kB | 5.5/24 kBProgress (2): 16/29 kB | 8.3/24 kBProgress (2): 16/29 kB | 11/24 kB Progress (2): 16/29 kB | 14/24 kBProgress (2): 16/29 kB | 16/24 kBProgress (2): 16/29 kB | 19/24 kBProgress (2): 16/29 kB | 22/24 kBProgress (2): 20/29 kB | 22/24 kBProgress (2): 24/29 kB | 22/24 kBProgress (2): 28/29 kB | 22/24 kBProgress (2): 29 kB | 22/24 kB   Progress (2): 29 kB | 24 kB   Progress (3): 29 kB | 24 kB | 2.8/88 kBProgress (3): 29 kB | 24 kB | 5.5/88 kBProgress (3): 29 kB | 24 kB | 8.3/88 kBProgress (3): 29 kB | 24 kB | 11/88 kB Progress (3): 29 kB | 24 kB | 14/88 kBProgress (3): 29 kB | 24 kB | 16/88 kBProgress (3): 29 kB | 24 kB | 19/88 kBProgress (3): 29 kB | 24 kB | 22/88 kBProgress (4): 29 kB | 24 kB | 22/88 kB | 4.1/18 kBProgress (4): 29 kB | 24 kB | 22/88 kB | 7.7/18 kBProgress (4): 29 kB | 24 kB | 22/88 kB | 12/18 kB Progress (4): 29 kB | 24 kB | 22/88 kB | 16/18 kBProgress (4): 29 kB | 24 kB | 22/88 kB | 18 kB   Progress (5): 29 kB | 24 kB | 22/88 kB | 18 kB | 4.1/157 kBProgress (5): 29 kB | 24 kB | 22/88 kB | 18 kB | 7.7/157 kBProgress (5): 29 kB | 24 kB | 22/88 kB | 18 kB | 12/157 kB Progress (5): 29 kB | 24 kB | 22/88 kB | 18 kB | 16/157 kBProgress (5): 29 kB | 24 kB | 25/88 kB | 18 kB | 16/157 kBProgress (5): 29 kB | 24 kB | 25/88 kB | 18 kB | 20/157 kBProgress (5): 29 kB | 24 kB | 25/88 kB | 18 kB | 24/157 kBProgress (5): 29 kB | 24 kB | 25/88 kB | 18 kB | 28/157 kBProgress (5): 29 kB | 24 kB | 25/88 kB | 18 kB | 32/157 kBProgress (5): 29 kB | 24 kB | 25/88 kB | 18 kB | 36/157 kBProgress (5): 29 kB | 24 kB | 25/88 kB | 18 kB | 40/157 kBProgress (5): 29 kB | 24 kB | 25/88 kB | 18 kB | 45/157 kBProgress (5): 29 kB | 24 kB | 25/88 kB | 18 kB | 49/157 kBProgress (5): 29 kB | 24 kB | 27/88 kB | 18 kB | 49/157 kBProgress (5): 29 kB | 24 kB | 30/88 kB | 18 kB | 49/157 kBProgress (5): 29 kB | 24 kB | 33/88 kB | 18 kB | 49/157 kB                                                          Downloaded: https://repo.maven.apache.org/maven2/org/apache/maven/maven-repository-metadata/2.0.7/maven-repository-metadata-2.0.7.jar (24 kB at 15 kB/s)
Downloading: https://repo.maven.apache.org/maven2/org/codehaus/plexus/plexus-io/1.0-alpha-1/plexus-io-1.0-alpha-1.jar
Downloaded: https://repo.maven.apache.org/maven2/org/apache/maven/maven-plugin-registry/2.0.7/maven-plugin-registry-2.0.7.jar (29 kB at 17 kB/s)
Downloading: https://repo.maven.apache.org/maven2/org/codehaus/plexus/plexus-utils/1.4.9/plexus-utils-1.4.9.jar
Progress (3): 37/88 kB | 18 kB | 49/157 kBProgress (3): 41/88 kB | 18 kB | 49/157 kBProgress (3): 45/88 kB | 18 kB | 49/157 kBProgress (3): 49/88 kB | 18 kB | 49/157 kBProgress (3): 53/88 kB | 18 kB | 49/157 kBProgress (3): 57/88 kB | 18 kB | 49/157 kBProgress (3): 61/88 kB | 18 kB | 49/157 kBProgress (3): 62/88 kB | 18 kB | 49/157 kBProgress (3): 66/88 kB | 18 kB | 49/157 kBProgress (3): 70/88 kB | 18 kB | 49/157 kBProgress (3): 74/88 kB | 18 kB | 49/157 kBProgress (3): 78/88 kB | 18 kB | 49/157 kBProgress (3): 82/88 kB | 18 kB | 49/157 kBProgress (3): 87/88 kB | 18 kB | 49/157 kBProgress (3): 88 kB | 18 kB | 49/157 kB   Progress (3): 88 kB | 18 kB | 53/157 kBProgress (3): 88 kB | 18 kB | 57/157 kBProgress (3): 88 kB | 18 kB | 61/157 kBProgress (3): 88 kB | 18 kB | 65/157 kBProgress (3): 88 kB | 18 kB | 69/157 kBProgress (3): 88 kB | 18 kB | 73/157 kBProgress (3): 88 kB | 18 kB | 77/157 kBProgress (3): 88 kB | 18 kB | 81/157 kBProgress (3): 88 kB | 18 kB | 85/157 kBProgress (3): 88 kB | 18 kB | 90/157 kBProgress (3): 88 kB | 18 kB | 94/157 kBProgress (3): 88 kB | 18 kB | 98/157 kB                                       Downloaded: https://repo.maven.apache.org/maven2/org/apache/maven/maven-archiver/2.3/maven-archiver-2.3.jar (18 kB at 9.6 kB/s)
Progress (3): 88 kB | 98/157 kB | 4.1/204 kBProgress (3): 88 kB | 98/157 kB | 7.7/204 kBProgress (3): 88 kB | 98/157 kB | 12/204 kB Progress (3): 88 kB | 98/157 kB | 16/204 kBProgress (4): 88 kB | 98/157 kB | 16/204 kB | 2.8/12 kBProgress (4): 88 kB | 98/157 kB | 20/204 kB | 2.8/12 kBProgress (4): 88 kB | 98/157 kB | 24/204 kB | 2.8/12 kBProgress (4): 88 kB | 98/157 kB | 28/204 kB | 2.8/12 kBProgress (4): 88 kB | 98/157 kB | 32/204 kB | 2.8/12 kBProgress (4): 88 kB | 98/157 kB | 32/204 kB | 5.5/12 kBProgress (4): 88 kB | 98/157 kB | 36/204 kB | 5.5/12 kBProgress (4): 88 kB | 98/157 kB | 40/204 kB | 5.5/12 kBProgress (4): 88 kB | 98/157 kB | 45/204 kB | 5.5/12 kBProgress (4): 88 kB | 98/157 kB | 45/204 kB | 8.3/12 kBProgress (4): 88 kB | 98/157 kB | 49/204 kB | 8.3/12 kBProgress (4): 88 kB | 98/157 kB | 49/204 kB | 11/12 kB Progress (4): 88 kB | 98/157 kB | 49/204 kB | 12 kB   Progress (4): 88 kB | 102/157 kB | 49/204 kB | 12 kBProgress (4): 88 kB | 106/157 kB | 49/204 kB | 12 kBProgress (4): 88 kB | 110/157 kB | 49/204 kB | 12 kBProgress (4): 88 kB | 114/157 kB | 49/204 kB | 12 kBProgress (4): 88 kB | 118/157 kB | 49/204 kB | 12 kB                                                    Downloaded: https://repo.maven.apache.org/maven2/org/apache/maven/maven-artifact/2.0.7/maven-artifact-2.0.7.jar (88 kB at 44 kB/s)
Progress (3): 122/157 kB | 49/204 kB | 12 kBProgress (3): 126/157 kB | 49/204 kB | 12 kBProgress (3): 131/157 kB | 49/204 kB | 12 kBProgress (3): 135/157 kB | 49/204 kB | 12 kBProgress (3): 139/157 kB | 49/204 kB | 12 kBProgress (3): 143/157 kB | 49/204 kB | 12 kBProgress (3): 147/157 kB | 49/204 kB | 12 kBProgress (3): 151/157 kB | 49/204 kB | 12 kBProgress (3): 155/157 kB | 49/204 kB | 12 kBProgress (3): 157 kB | 49/204 kB | 12 kB    Progress (3): 157 kB | 53/204 kB | 12 kBProgress (3): 157 kB | 57/204 kB | 12 kBProgress (3): 157 kB | 61/204 kB | 12 kBProgress (3): 157 kB | 65/204 kB | 12 kBProgress (3): 157 kB | 69/204 kB | 12 kBProgress (3): 157 kB | 73/204 kB | 12 kBProgress (3): 157 kB | 77/204 kB | 12 kBProgress (3): 157 kB | 81/204 kB | 12 kB                                        Downloaded: https://repo.maven.apache.org/maven2/org/codehaus/plexus/plexus-io/1.0-alpha-1/plexus-io-1.0-alpha-1.jar (12 kB at 6.0 kB/s)
Progress (2): 157 kB | 85/204 kBProgress (2): 157 kB | 90/204 kBProgress (2): 157 kB | 94/204 kBProgress (2): 157 kB | 98/204 kBProgress (2): 157 kB | 102/204 kBProgress (2): 157 kB | 106/204 kBProgress (2): 157 kB | 110/204 kBProgress (2): 157 kB | 114/204 kBProgress (2): 157 kB | 118/204 kBProgress (2): 157 kB | 122/204 kBProgress (2): 157 kB | 126/204 kBProgress (2): 157 kB | 131/204 kBProgress (2): 157 kB | 135/204 kBProgress (2): 157 kB | 139/204 kBProgress (2): 157 kB | 143/204 kBProgress (2): 157 kB | 147/204 kB                                 Downloaded: https://repo.maven.apache.org/maven2/org/codehaus/plexus/plexus-archiver/1.0-alpha-9/plexus-archiver-1.0-alpha-9.jar (157 kB at 69 kB/s)
Progress (1): 151/204 kBProgress (1): 155/204 kBProgress (1): 159/204 kBProgress (1): 163/204 kBProgress (1): 167/204 kBProgress (1): 171/204 kBProgress (1): 176/204 kBProgress (1): 180/204 kBProgress (1): 184/204 kBProgress (1): 188/204 kBProgress (1): 192/204 kBProgress (1): 196/204 kBProgress (1): 200/204 kBProgress (1): 204 kB                        Downloaded: https://repo.maven.apache.org/maven2/org/codehaus/plexus/plexus-utils/1.4.9/plexus-utils-1.4.9.jar (204 kB at 76 kB/s)
[[1;34mINFO[m] Building jar: /opt/workspace/java/generated/target/swaggeraem4j-0.10.0.jar
[[1;34mINFO[m] 
[[1;34mINFO[m] [1m--- [0;32mmaven-dependency-plugin:2.8:copy-dependencies[m [1m(default)[m @ [36mswaggeraem4j[0;1m ---[m
[[1;34mINFO[m] Copying okhttp-2.7.5.jar to /opt/workspace/java/generated/target/lib/okhttp-2.7.5.jar
[[1;34mINFO[m] Copying swagger-annotations-1.5.15.jar to /opt/workspace/java/generated/target/lib/swagger-annotations-1.5.15.jar
[[1;34mINFO[m] Copying gson-2.8.1.jar to /opt/workspace/java/generated/target/lib/gson-2.8.1.jar
[[1;34mINFO[m] Copying hamcrest-core-1.3.jar to /opt/workspace/java/generated/target/lib/hamcrest-core-1.3.jar
[[1;34mINFO[m] Copying logging-interceptor-2.7.5.jar to /opt/workspace/java/generated/target/lib/logging-interceptor-2.7.5.jar
[[1;34mINFO[m] Copying threetenbp-1.3.5.jar to /opt/workspace/java/generated/target/lib/threetenbp-1.3.5.jar
[[1;34mINFO[m] Copying junit-4.12.jar to /opt/workspace/java/generated/target/lib/junit-4.12.jar
[[1;34mINFO[m] Copying okio-1.6.0.jar to /opt/workspace/java/generated/target/lib/okio-1.6.0.jar
[[1;34mINFO[m] 
[[1;34mINFO[m] [1m--- [0;32mmaven-jar-plugin:2.2:jar[m [1m(default)[m @ [36mswaggeraem4j[0;1m ---[m
[[1;34mINFO[m] 
[[1;34mINFO[m] [1m--- [0;32mmaven-jar-plugin:2.2:test-jar[m [1m(default)[m @ [36mswaggeraem4j[0;1m ---[m
[[1;34mINFO[m] Building jar: /opt/workspace/java/generated/target/swaggeraem4j-0.10.0-tests.jar
[[1;34mINFO[m] 
[[1;34mINFO[m] [1m--- [0;32mmaven-javadoc-plugin:2.10.4:jar[m [1m(attach-javadocs)[m @ [36mswaggeraem4j[0;1m ---[m
Downloading: https://repo.maven.apache.org/maven2/org/apache/maven/maven-archiver/2.5/maven-archiver-2.5.pom
Progress (1): 2.2/4.5 kBProgress (1): 4.5 kB                        Downloaded: https://repo.maven.apache.org/maven2/org/apache/maven/maven-archiver/2.5/maven-archiver-2.5.pom (4.5 kB at 7.8 kB/s)
Downloading: https://repo.maven.apache.org/maven2/org/codehaus/plexus/plexus-archiver/2.1/plexus-archiver-2.1.pom
Progress (1): 2.2/2.8 kBProgress (1): 2.8 kB                        Downloaded: https://repo.maven.apache.org/maven2/org/codehaus/plexus/plexus-archiver/2.1/plexus-archiver-2.1.pom (2.8 kB at 7.3 kB/s)
Downloading: https://repo.maven.apache.org/maven2/org/codehaus/plexus/plexus-io/2.0.2/plexus-io-2.0.2.pom
Progress (1): 1.7 kB                    Downloaded: https://repo.maven.apache.org/maven2/org/codehaus/plexus/plexus-io/2.0.2/plexus-io-2.0.2.pom (1.7 kB at 2.9 kB/s)
Downloading: https://repo.maven.apache.org/maven2/org/codehaus/plexus/plexus-interpolation/1.15/plexus-interpolation-1.15.pom
Progress (1): 1.0 kB                    Downloaded: https://repo.maven.apache.org/maven2/org/codehaus/plexus/plexus-interpolation/1.15/plexus-interpolation-1.15.pom (1.0 kB at 1.4 kB/s)
Downloading: https://repo.maven.apache.org/maven2/org/apache/maven/shared/maven-invoker/2.2/maven-invoker-2.2.pom
Progress (1): 2.2/5.9 kBProgress (1): 5.0/5.9 kBProgress (1): 5.9 kB                        Downloaded: https://repo.maven.apache.org/maven2/org/apache/maven/shared/maven-invoker/2.2/maven-invoker-2.2.pom (5.9 kB at 12 kB/s)
Downloading: https://repo.maven.apache.org/maven2/org/apache/httpcomponents/httpclient/4.2.3/httpclient-4.2.3.pom
Progress (1): 2.8/5.9 kBProgress (1): 5.5/5.9 kBProgress (1): 5.9 kB                        Downloaded: https://repo.maven.apache.org/maven2/org/apache/httpcomponents/httpclient/4.2.3/httpclient-4.2.3.pom (5.9 kB at 10 kB/s)
Downloading: https://repo.maven.apache.org/maven2/org/apache/httpcomponents/httpcomponents-client/4.2.3/httpcomponents-client-4.2.3.pom
Progress (1): 2.8/15 kBProgress (1): 5.5/15 kBProgress (1): 8.3/15 kBProgress (1): 11/15 kB Progress (1): 14/15 kBProgress (1): 15 kB                      Downloaded: https://repo.maven.apache.org/maven2/org/apache/httpcomponents/httpcomponents-client/4.2.3/httpcomponents-client-4.2.3.pom (15 kB at 29 kB/s)
Downloading: https://repo.maven.apache.org/maven2/org/apache/httpcomponents/project/6/project-6.pom
Progress (1): 2.8/24 kBProgress (1): 5.5/24 kBProgress (1): 8.3/24 kBProgress (1): 11/24 kB Progress (1): 14/24 kBProgress (1): 16/24 kBProgress (1): 19/24 kBProgress (1): 22/24 kBProgress (1): 24 kB                      Downloaded: https://repo.maven.apache.org/maven2/org/apache/httpcomponents/project/6/project-6.pom (24 kB at 34 kB/s)
Downloading: https://repo.maven.apache.org/maven2/org/apache/httpcomponents/httpcore/4.2.2/httpcore-4.2.2.pom
Progress (1): 2.8/5.7 kBProgress (1): 5.5/5.7 kBProgress (1): 5.7 kB                        Downloaded: https://repo.maven.apache.org/maven2/org/apache/httpcomponents/httpcore/4.2.2/httpcore-4.2.2.pom (5.7 kB at 8.1 kB/s)
Downloading: https://repo.maven.apache.org/maven2/org/apache/httpcomponents/httpcomponents-core/4.2.2/httpcomponents-core-4.2.2.pom
Progress (1): 2.8/11 kBProgress (1): 5.5/11 kBProgress (1): 8.3/11 kBProgress (1): 11/11 kB Progress (1): 11 kB                      Downloaded: https://repo.maven.apache.org/maven2/org/apache/httpcomponents/httpcomponents-core/4.2.2/httpcomponents-core-4.2.2.pom (11 kB at 30 kB/s)
Downloading: https://repo.maven.apache.org/maven2/commons-codec/commons-codec/1.6/commons-codec-1.6.pom
Progress (1): 2.8/11 kBProgress (1): 5.5/11 kBProgress (1): 8.3/11 kBProgress (1): 11/11 kB Progress (1): 11 kB                      Downloaded: https://repo.maven.apache.org/maven2/commons-codec/commons-codec/1.6/commons-codec-1.6.pom (11 kB at 18 kB/s)
Downloading: https://repo.maven.apache.org/maven2/log4j/log4j/1.2.14/log4j-1.2.14.pom
Progress (1): 2.4 kB                    Downloaded: https://repo.maven.apache.org/maven2/log4j/log4j/1.2.14/log4j-1.2.14.pom (2.4 kB at 6.2 kB/s)
Downloading: https://repo.maven.apache.org/maven2/com/thoughtworks/qdox/qdox/1.12.1/qdox-1.12.1.pom
Progress (1): 2.2/18 kBProgress (1): 5.0/18 kBProgress (1): 7.8/18 kBProgress (1): 11/18 kB Progress (1): 13/18 kBProgress (1): 16/18 kBProgress (1): 18 kB                      Downloaded: https://repo.maven.apache.org/maven2/com/thoughtworks/qdox/qdox/1.12.1/qdox-1.12.1.pom (18 kB at 27 kB/s)
Downloading: https://repo.maven.apache.org/maven2/org/apache/maven/maven-archiver/2.5/maven-archiver-2.5.jar
Downloading: https://repo.maven.apache.org/maven2/org/apache/maven/shared/maven-invoker/2.2/maven-invoker-2.2.jar
Downloading: https://repo.maven.apache.org/maven2/org/apache/httpcomponents/httpcore/4.2.2/httpcore-4.2.2.jar
Downloading: https://repo.maven.apache.org/maven2/org/apache/httpcomponents/httpclient/4.2.3/httpclient-4.2.3.jar
Downloading: https://repo.maven.apache.org/maven2/commons-codec/commons-codec/1.6/commons-codec-1.6.jar
Progress (1): 2.2/22 kBProgress (1): 5.0/22 kBProgress (1): 7.7/22 kBProgress (1): 10/22 kB Progress (1): 13/22 kBProgress (2): 13/22 kB | 2.2/30 kBProgress (2): 13/22 kB | 5.0/30 kBProgress (2): 13/22 kB | 7.7/30 kBProgress (3): 13/22 kB | 7.7/30 kB | 2.2/433 kBProgress (3): 13/22 kB | 10/30 kB | 2.2/433 kB Progress (3): 13/22 kB | 13/30 kB | 2.2/433 kBProgress (3): 13/22 kB | 16/30 kB | 2.2/433 kBProgress (3): 13/22 kB | 19/30 kB | 2.2/433 kBProgress (3): 13/22 kB | 19/30 kB | 5.0/433 kBProgress (3): 13/22 kB | 19/30 kB | 7.7/433 kBProgress (3): 13/22 kB | 19/30 kB | 10/433 kB Progress (3): 13/22 kB | 19/30 kB | 13/433 kBProgress (3): 13/22 kB | 19/30 kB | 16/433 kBProgress (3): 16/22 kB | 19/30 kB | 16/433 kBProgress (3): 16/22 kB | 19/30 kB | 19/433 kBProgress (3): 16/22 kB | 21/30 kB | 19/433 kBProgress (3): 16/22 kB | 21/30 kB | 21/433 kBProgress (3): 16/22 kB | 24/30 kB | 21/433 kBProgress (3): 16/22 kB | 27/30 kB | 21/433 kBProgress (3): 16/22 kB | 27/30 kB | 24/433 kBProgress (3): 16/22 kB | 30/30 kB | 24/433 kBProgress (3): 16/22 kB | 30/30 kB | 27/433 kBProgress (3): 16/22 kB | 30 kB | 27/433 kB   Progress (3): 16/22 kB | 30 kB | 30/433 kBProgress (3): 16/22 kB | 30 kB | 32/433 kBProgress (3): 19/22 kB | 30 kB | 32/433 kBProgress (3): 21/22 kB | 30 kB | 32/433 kBProgress (3): 22 kB | 30 kB | 32/433 kB   Progress (4): 22 kB | 30 kB | 32/433 kB | 2.8/233 kBProgress (4): 22 kB | 30 kB | 32/433 kB | 5.5/233 kBProgress (4): 22 kB | 30 kB | 32/433 kB | 8.3/233 kBProgress (4): 22 kB | 30 kB | 32/433 kB | 11/233 kB Progress (4): 22 kB | 30 kB | 32/433 kB | 14/233 kBProgress (4): 22 kB | 30 kB | 32/433 kB | 16/233 kBProgress (4): 22 kB | 30 kB | 32/433 kB | 19/233 kBProgress (4): 22 kB | 30 kB | 32/433 kB | 22/233 kBProgress (4): 22 kB | 30 kB | 32/433 kB | 25/233 kBProgress (4): 22 kB | 30 kB | 32/433 kB | 27/233 kBProgress (5): 22 kB | 30 kB | 32/433 kB | 27/233 kB | 2.2/224 kBProgress (5): 22 kB | 30 kB | 32/433 kB | 27/233 kB | 5.0/224 kBProgress (5): 22 kB | 30 kB | 32/433 kB | 27/233 kB | 7.7/224 kBProgress (5): 22 kB | 30 kB | 32/433 kB | 27/233 kB | 10/224 kB Progress (5): 22 kB | 30 kB | 32/433 kB | 27/233 kB | 13/224 kBProgress (5): 22 kB | 30 kB | 32/433 kB | 27/233 kB | 16/224 kBProgress (5): 22 kB | 30 kB | 32/433 kB | 27/233 kB | 19/224 kBProgress (5): 22 kB | 30 kB | 32/433 kB | 27/233 kB | 21/224 kBProgress (5): 22 kB | 30 kB | 32/433 kB | 27/233 kB | 24/224 kBProgress (5): 22 kB | 30 kB | 32/433 kB | 27/233 kB | 27/224 kBProgress (5): 22 kB | 30 kB | 32/433 kB | 27/233 kB | 30/224 kBProgress (5): 22 kB | 30 kB | 32/433 kB | 27/233 kB | 32/224 kBProgress (5): 22 kB | 30 kB | 36/433 kB | 27/233 kB | 32/224 kBProgress (5): 22 kB | 30 kB | 40/433 kB | 27/233 kB | 32/224 kBProgress (5): 22 kB | 30 kB | 45/433 kB | 27/233 kB | 32/224 kBProgress (5): 22 kB | 30 kB | 49/433 kB | 27/233 kB | 32/224 kB                                                               Downloaded: https://repo.maven.apache.org/maven2/org/apache/maven/shared/maven-invoker/2.2/maven-invoker-2.2.jar (30 kB at 75 kB/s)
Downloading: https://repo.maven.apache.org/maven2/log4j/log4j/1.2.14/log4j-1.2.14.jar
Progress (4): 22 kB | 53/433 kB | 27/233 kB | 32/224 kBProgress (4): 22 kB | 57/433 kB | 27/233 kB | 32/224 kBProgress (4): 22 kB | 61/433 kB | 27/233 kB | 32/224 kBProgress (4): 22 kB | 65/433 kB | 27/233 kB | 32/224 kBProgress (4): 22 kB | 69/433 kB | 27/233 kB | 32/224 kBProgress (4): 22 kB | 73/433 kB | 27/233 kB | 32/224 kBProgress (4): 22 kB | 77/433 kB | 27/233 kB | 32/224 kBProgress (4): 22 kB | 81/433 kB | 27/233 kB | 32/224 kBProgress (4): 22 kB | 85/433 kB | 27/233 kB | 32/224 kBProgress (4): 22 kB | 90/433 kB | 27/233 kB | 32/224 kBProgress (4): 22 kB | 94/433 kB | 27/233 kB | 32/224 kBProgress (4): 22 kB | 98/433 kB | 27/233 kB | 32/224 kB                                                       Downloaded: https://repo.maven.apache.org/maven2/org/apache/maven/maven-archiver/2.5/maven-archiver-2.5.jar (22 kB at 51 kB/s)
Downloading: https://repo.maven.apache.org/maven2/com/thoughtworks/qdox/qdox/1.12.1/qdox-1.12.1.jar
Progress (3): 98/433 kB | 30/233 kB | 32/224 kBProgress (3): 98/433 kB | 33/233 kB | 32/224 kBProgress (3): 98/433 kB | 37/233 kB | 32/224 kBProgress (3): 98/433 kB | 41/233 kB | 32/224 kBProgress (3): 98/433 kB | 45/233 kB | 32/224 kBProgress (3): 98/433 kB | 49/233 kB | 32/224 kBProgress (3): 98/433 kB | 53/233 kB | 32/224 kBProgress (3): 98/433 kB | 57/233 kB | 32/224 kBProgress (3): 98/433 kB | 61/233 kB | 32/224 kBProgress (3): 98/433 kB | 66/233 kB | 32/224 kBProgress (3): 98/433 kB | 70/233 kB | 32/224 kBProgress (3): 98/433 kB | 74/233 kB | 32/224 kBProgress (3): 98/433 kB | 78/233 kB | 32/224 kBProgress (3): 98/433 kB | 82/233 kB | 32/224 kBProgress (3): 98/433 kB | 86/233 kB | 32/224 kBProgress (3): 98/433 kB | 90/233 kB | 32/224 kBProgress (3): 98/433 kB | 94/233 kB | 32/224 kBProgress (3): 98/433 kB | 98/233 kB | 32/224 kBProgress (3): 98/433 kB | 102/233 kB | 32/224 kBProgress (3): 98/433 kB | 106/233 kB | 32/224 kBProgress (3): 98/433 kB | 111/233 kB | 32/224 kBProgress (3): 98/433 kB | 115/233 kB | 32/224 kBProgress (3): 98/433 kB | 115/233 kB | 36/224 kBProgress (3): 98/433 kB | 115/233 kB | 40/224 kBProgress (3): 98/433 kB | 115/233 kB | 45/224 kBProgress (3): 98/433 kB | 115/233 kB | 49/224 kBProgress (3): 98/433 kB | 115/233 kB | 53/224 kBProgress (3): 98/433 kB | 115/233 kB | 57/224 kBProgress (3): 98/433 kB | 115/233 kB | 61/224 kBProgress (3): 98/433 kB | 115/233 kB | 65/224 kBProgress (3): 98/433 kB | 115/233 kB | 69/224 kBProgress (3): 98/433 kB | 115/233 kB | 73/224 kBProgress (3): 98/433 kB | 115/233 kB | 77/224 kBProgress (3): 102/433 kB | 115/233 kB | 77/224 kBProgress (3): 106/433 kB | 115/233 kB | 77/224 kBProgress (3): 110/433 kB | 115/233 kB | 77/224 kBProgress (3): 114/433 kB | 115/233 kB | 77/224 kBProgress (3): 114/433 kB | 115/233 kB | 81/224 kBProgress (3): 114/433 kB | 115/233 kB | 85/224 kBProgress (3): 114/433 kB | 115/233 kB | 90/224 kBProgress (3): 114/433 kB | 115/233 kB | 94/224 kBProgress (3): 114/433 kB | 115/233 kB | 98/224 kBProgress (3): 118/433 kB | 115/233 kB | 98/224 kBProgress (3): 122/433 kB | 115/233 kB | 98/224 kBProgress (3): 126/433 kB | 115/233 kB | 98/224 kBProgress (3): 131/433 kB | 115/233 kB | 98/224 kBProgress (4): 131/433 kB | 115/233 kB | 98/224 kB | 2.2/367 kBProgress (4): 131/433 kB | 115/233 kB | 98/224 kB | 5.0/367 kBProgress (4): 131/433 kB | 115/233 kB | 98/224 kB | 7.7/367 kBProgress (4): 131/433 kB | 115/233 kB | 98/224 kB | 10/367 kB Progress (4): 131/433 kB | 115/233 kB | 98/224 kB | 13/367 kBProgress (4): 131/433 kB | 115/233 kB | 98/224 kB | 16/367 kBProgress (4): 131/433 kB | 115/233 kB | 98/224 kB | 19/367 kBProgress (4): 131/433 kB | 115/233 kB | 98/224 kB | 21/367 kBProgress (4): 131/433 kB | 115/233 kB | 98/224 kB | 24/367 kBProgress (4): 131/433 kB | 115/233 kB | 98/224 kB | 27/367 kBProgress (4): 131/433 kB | 115/233 kB | 98/224 kB | 30/367 kBProgress (4): 131/433 kB | 115/233 kB | 98/224 kB | 32/367 kBProgress (4): 135/433 kB | 115/233 kB | 98/224 kB | 32/367 kBProgress (4): 139/433 kB | 115/233 kB | 98/224 kB | 32/367 kBProgress (4): 143/433 kB | 115/233 kB | 98/224 kB | 32/367 kBProgress (4): 147/433 kB | 115/233 kB | 98/224 kB | 32/367 kBProgress (4): 151/433 kB | 115/233 kB | 98/224 kB | 32/367 kBProgress (4): 155/433 kB | 115/233 kB | 98/224 kB | 32/367 kBProgress (4): 159/433 kB | 115/233 kB | 98/224 kB | 32/367 kBProgress (4): 163/433 kB | 115/233 kB | 98/224 kB | 32/367 kBProgress (5): 163/433 kB | 115/233 kB | 98/224 kB | 32/367 kB | 2.2/180 kBProgress (5): 163/433 kB | 115/233 kB | 98/224 kB | 32/367 kB | 5.0/180 kBProgress (5): 163/433 kB | 115/233 kB | 98/224 kB | 32/367 kB | 7.7/180 kBProgress (5): 163/433 kB | 115/233 kB | 98/224 kB | 32/367 kB | 10/180 kB Progress (5): 163/433 kB | 115/233 kB | 98/224 kB | 32/367 kB | 13/180 kBProgress (5): 163/433 kB | 115/233 kB | 98/224 kB | 32/367 kB | 16/180 kBProgress (5): 163/433 kB | 115/233 kB | 98/224 kB | 32/367 kB | 19/180 kBProgress (5): 163/433 kB | 119/233 kB | 98/224 kB | 32/367 kB | 19/180 kBProgress (5): 163/433 kB | 123/233 kB | 98/224 kB | 32/367 kB | 19/180 kBProgress (5): 163/433 kB | 127/233 kB | 98/224 kB | 32/367 kB | 19/180 kBProgress (5): 163/433 kB | 131/233 kB | 98/224 kB | 32/367 kB | 19/180 kBProgress (5): 163/433 kB | 131/233 kB | 98/224 kB | 32/367 kB | 21/180 kBProgress (5): 163/433 kB | 131/233 kB | 98/224 kB | 32/367 kB | 24/180 kBProgress (5): 163/433 kB | 131/233 kB | 98/224 kB | 32/367 kB | 27/180 kBProgress (5): 163/433 kB | 131/233 kB | 98/224 kB | 32/367 kB | 30/180 kBProgress (5): 163/433 kB | 131/233 kB | 98/224 kB | 32/367 kB | 32/180 kBProgress (5): 163/433 kB | 135/233 kB | 98/224 kB | 32/367 kB | 32/180 kBProgress (5): 163/433 kB | 139/233 kB | 98/224 kB | 32/367 kB | 32/180 kBProgress (5): 163/433 kB | 143/233 kB | 98/224 kB | 32/367 kB | 32/180 kBProgress (5): 163/433 kB | 147/233 kB | 98/224 kB | 32/367 kB | 32/180 kBProgress (5): 163/433 kB | 152/233 kB | 98/224 kB | 32/367 kB | 32/180 kBProgress (5): 163/433 kB | 156/233 kB | 98/224 kB | 32/367 kB | 32/180 kBProgress (5): 163/433 kB | 160/233 kB | 98/224 kB | 32/367 kB | 32/180 kBProgress (5): 163/433 kB | 164/233 kB | 98/224 kB | 32/367 kB | 32/180 kBProgress (5): 163/433 kB | 168/233 kB | 98/224 kB | 32/367 kB | 32/180 kBProgress (5): 163/433 kB | 172/233 kB | 98/224 kB | 32/367 kB | 32/180 kBProgress (5): 163/433 kB | 176/233 kB | 98/224 kB | 32/367 kB | 32/180 kBProgress (5): 163/433 kB | 180/233 kB | 98/224 kB | 32/367 kB | 32/180 kBProgress (5): 163/433 kB | 180/233 kB | 102/224 kB | 32/367 kB | 32/180 kBProgress (5): 163/433 kB | 180/233 kB | 106/224 kB | 32/367 kB | 32/180 kBProgress (5): 163/433 kB | 180/233 kB | 110/224 kB | 32/367 kB | 32/180 kBProgress (5): 163/433 kB | 180/233 kB | 114/224 kB | 32/367 kB | 32/180 kBProgress (5): 163/433 kB | 180/233 kB | 118/224 kB | 32/367 kB | 32/180 kBProgress (5): 163/433 kB | 180/233 kB | 122/224 kB | 32/367 kB | 32/180 kBProgress (5): 163/433 kB | 180/233 kB | 126/224 kB | 32/367 kB | 32/180 kBProgress (5): 163/433 kB | 180/233 kB | 131/224 kB | 32/367 kB | 32/180 kBProgress (5): 163/433 kB | 180/233 kB | 135/224 kB | 32/367 kB | 32/180 kBProgress (5): 163/433 kB | 180/233 kB | 139/224 kB | 32/367 kB | 32/180 kBProgress (5): 163/433 kB | 180/233 kB | 143/224 kB | 32/367 kB | 32/180 kBProgress (5): 163/433 kB | 180/233 kB | 147/224 kB | 32/367 kB | 32/180 kBProgress (5): 167/433 kB | 180/233 kB | 147/224 kB | 32/367 kB | 32/180 kBProgress (5): 171/433 kB | 180/233 kB | 147/224 kB | 32/367 kB | 32/180 kBProgress (5): 176/433 kB | 180/233 kB | 147/224 kB | 32/367 kB | 32/180 kBProgress (5): 180/433 kB | 180/233 kB | 147/224 kB | 32/367 kB | 32/180 kBProgress (5): 184/433 kB | 180/233 kB | 147/224 kB | 32/367 kB | 32/180 kBProgress (5): 188/433 kB | 180/233 kB | 147/224 kB | 32/367 kB | 32/180 kBProgress (5): 192/433 kB | 180/233 kB | 147/224 kB | 32/367 kB | 32/180 kBProgress (5): 196/433 kB | 180/233 kB | 147/224 kB | 32/367 kB | 32/180 kBProgress (5): 196/433 kB | 180/233 kB | 147/224 kB | 36/367 kB | 32/180 kBProgress (5): 196/433 kB | 180/233 kB | 147/224 kB | 40/367 kB | 32/180 kBProgress (5): 196/433 kB | 180/233 kB | 147/224 kB | 45/367 kB | 32/180 kBProgress (5): 196/433 kB | 180/233 kB | 147/224 kB | 49/367 kB | 32/180 kBProgress (5): 200/433 kB | 180/233 kB | 147/224 kB | 49/367 kB | 32/180 kBProgress (5): 204/433 kB | 180/233 kB | 147/224 kB | 49/367 kB | 32/180 kBProgress (5): 208/433 kB | 180/233 kB | 147/224 kB | 49/367 kB | 32/180 kBProgress (5): 212/433 kB | 180/233 kB | 147/224 kB | 49/367 kB | 32/180 kBProgress (5): 212/433 kB | 180/233 kB | 147/224 kB | 53/367 kB | 32/180 kBProgress (5): 212/433 kB | 180/233 kB | 147/224 kB | 57/367 kB | 32/180 kBProgress (5): 212/433 kB | 180/233 kB | 147/224 kB | 57/367 kB | 36/180 kBProgress (5): 212/433 kB | 180/233 kB | 147/224 kB | 57/367 kB | 40/180 kBProgress (5): 212/433 kB | 180/233 kB | 147/224 kB | 57/367 kB | 45/180 kBProgress (5): 212/433 kB | 180/233 kB | 147/224 kB | 57/367 kB | 49/180 kBProgress (5): 217/433 kB | 180/233 kB | 147/224 kB | 57/367 kB | 49/180 kBProgress (5): 217/433 kB | 184/233 kB | 147/224 kB | 57/367 kB | 49/180 kBProgress (5): 217/433 kB | 188/233 kB | 147/224 kB | 57/367 kB | 49/180 kBProgress (5): 217/433 kB | 193/233 kB | 147/224 kB | 57/367 kB | 49/180 kBProgress (5): 217/433 kB | 197/233 kB | 147/224 kB | 57/367 kB | 49/180 kBProgress (5): 221/433 kB | 197/233 kB | 147/224 kB | 57/367 kB | 49/180 kBProgress (5): 225/433 kB | 197/233 kB | 147/224 kB | 57/367 kB | 49/180 kBProgress (5): 229/433 kB | 197/233 kB | 147/224 kB | 57/367 kB | 49/180 kBProgress (5): 229/433 kB | 197/233 kB | 147/224 kB | 61/367 kB | 49/180 kBProgress (5): 229/433 kB | 197/233 kB | 147/224 kB | 65/367 kB | 49/180 kBProgress (5): 229/433 kB | 197/233 kB | 147/224 kB | 69/367 kB | 49/180 kBProgress (5): 229/433 kB | 197/233 kB | 147/224 kB | 73/367 kB | 49/180 kBProgress (5): 229/433 kB | 197/233 kB | 147/224 kB | 77/367 kB | 49/180 kBProgress (5): 229/433 kB | 197/233 kB | 147/224 kB | 81/367 kB | 49/180 kBProgress (5): 229/433 kB | 197/233 kB | 147/224 kB | 85/367 kB | 49/180 kBProgress (5): 229/433 kB | 197/233 kB | 147/224 kB | 90/367 kB | 49/180 kBProgress (5): 229/433 kB | 197/233 kB | 147/224 kB | 94/367 kB | 49/180 kBProgress (5): 229/433 kB | 197/233 kB | 147/224 kB | 98/367 kB | 49/180 kBProgress (5): 229/433 kB | 197/233 kB | 147/224 kB | 98/367 kB | 53/180 kBProgress (5): 229/433 kB | 197/233 kB | 147/224 kB | 98/367 kB | 57/180 kBProgress (5): 229/433 kB | 197/233 kB | 147/224 kB | 98/367 kB | 61/180 kBProgress (5): 229/433 kB | 197/233 kB | 147/224 kB | 98/367 kB | 65/180 kBProgress (5): 229/433 kB | 197/233 kB | 147/224 kB | 98/367 kB | 69/180 kBProgress (5): 229/433 kB | 197/233 kB | 147/224 kB | 98/367 kB | 73/180 kBProgress (5): 229/433 kB | 197/233 kB | 147/224 kB | 98/367 kB | 77/180 kBProgress (5): 229/433 kB | 197/233 kB | 147/224 kB | 98/367 kB | 81/180 kBProgress (5): 229/433 kB | 197/233 kB | 147/224 kB | 98/367 kB | 85/180 kBProgress (5): 229/433 kB | 197/233 kB | 147/224 kB | 98/367 kB | 90/180 kBProgress (5): 229/433 kB | 197/233 kB | 147/224 kB | 98/367 kB | 94/180 kBProgress (5): 229/433 kB | 197/233 kB | 147/224 kB | 98/367 kB | 98/180 kBProgress (5): 229/433 kB | 201/233 kB | 147/224 kB | 98/367 kB | 98/180 kBProgress (5): 229/433 kB | 205/233 kB | 147/224 kB | 98/367 kB | 98/180 kBProgress (5): 229/433 kB | 209/233 kB | 147/224 kB | 98/367 kB | 98/180 kBProgress (5): 229/433 kB | 213/233 kB | 147/224 kB | 98/367 kB | 98/180 kBProgress (5): 229/433 kB | 213/233 kB | 151/224 kB | 98/367 kB | 98/180 kBProgress (5): 229/433 kB | 213/233 kB | 155/224 kB | 98/367 kB | 98/180 kBProgress (5): 229/433 kB | 213/233 kB | 159/224 kB | 98/367 kB | 98/180 kBProgress (5): 229/433 kB | 213/233 kB | 163/224 kB | 98/367 kB | 98/180 kBProgress (5): 229/433 kB | 213/233 kB | 167/224 kB | 98/367 kB | 98/180 kBProgress (5): 229/433 kB | 213/233 kB | 171/224 kB | 98/367 kB | 98/180 kBProgress (5): 229/433 kB | 217/233 kB | 171/224 kB | 98/367 kB | 98/180 kBProgress (5): 229/433 kB | 217/233 kB | 176/224 kB | 98/367 kB | 98/180 kBProgress (5): 229/433 kB | 217/233 kB | 180/224 kB | 98/367 kB | 98/180 kBProgress (5): 233/433 kB | 217/233 kB | 180/224 kB | 98/367 kB | 98/180 kBProgress (5): 237/433 kB | 217/233 kB | 180/224 kB | 98/367 kB | 98/180 kBProgress (5): 237/433 kB | 217/233 kB | 184/224 kB | 98/367 kB | 98/180 kBProgress (5): 237/433 kB | 217/233 kB | 188/224 kB | 98/367 kB | 98/180 kBProgress (5): 237/433 kB | 217/233 kB | 192/224 kB | 98/367 kB | 98/180 kBProgress (5): 237/433 kB | 217/233 kB | 196/224 kB | 98/367 kB | 98/180 kBProgress (5): 237/433 kB | 221/233 kB | 196/224 kB | 98/367 kB | 98/180 kBProgress (5): 241/433 kB | 221/233 kB | 196/224 kB | 98/367 kB | 98/180 kBProgress (5): 245/433 kB | 221/233 kB | 196/224 kB | 98/367 kB | 98/180 kBProgress (5): 245/433 kB | 221/233 kB | 200/224 kB | 98/367 kB | 98/180 kBProgress (5): 245/433 kB | 225/233 kB | 200/224 kB | 98/367 kB | 98/180 kBProgress (5): 245/433 kB | 229/233 kB | 200/224 kB | 98/367 kB | 98/180 kBProgress (5): 245/433 kB | 229/233 kB | 204/224 kB | 98/367 kB | 98/180 kBProgress (5): 245/433 kB | 233 kB | 204/224 kB | 98/367 kB | 98/180 kB    Progress (5): 245/433 kB | 233 kB | 208/224 kB | 98/367 kB | 98/180 kBProgress (5): 245/433 kB | 233 kB | 208/224 kB | 102/367 kB | 98/180 kBProgress (5): 245/433 kB | 233 kB | 208/224 kB | 106/367 kB | 98/180 kBProgress (5): 245/433 kB | 233 kB | 208/224 kB | 110/367 kB | 98/180 kBProgress (5): 245/433 kB | 233 kB | 208/224 kB | 114/367 kB | 98/180 kBProgress (5): 245/433 kB | 233 kB | 212/224 kB | 114/367 kB | 98/180 kBProgress (5): 249/433 kB | 233 kB | 212/224 kB | 114/367 kB | 98/180 kBProgress (5): 253/433 kB | 233 kB | 212/224 kB | 114/367 kB | 98/180 kBProgress (5): 258/433 kB | 233 kB | 212/224 kB | 114/367 kB | 98/180 kBProgress (5): 262/433 kB | 233 kB | 212/224 kB | 114/367 kB | 98/180 kBProgress (5): 262/433 kB | 233 kB | 212/224 kB | 118/367 kB | 98/180 kBProgress (5): 262/433 kB | 233 kB | 212/224 kB | 122/367 kB | 98/180 kBProgress (5): 262/433 kB | 233 kB | 212/224 kB | 126/367 kB | 98/180 kBProgress (5): 262/433 kB | 233 kB | 212/224 kB | 131/367 kB | 98/180 kBProgress (5): 266/433 kB | 233 kB | 212/224 kB | 131/367 kB | 98/180 kBProgress (5): 266/433 kB | 233 kB | 212/224 kB | 135/367 kB | 98/180 kBProgress (5): 266/433 kB | 233 kB | 212/224 kB | 139/367 kB | 98/180 kBProgress (5): 270/433 kB | 233 kB | 212/224 kB | 139/367 kB | 98/180 kBProgress (5): 274/433 kB | 233 kB | 212/224 kB | 139/367 kB | 98/180 kBProgress (5): 278/433 kB | 233 kB | 212/224 kB | 139/367 kB | 98/180 kBProgress (5): 278/433 kB | 233 kB | 212/224 kB | 143/367 kB | 98/180 kBProgress (5): 278/433 kB | 233 kB | 212/224 kB | 143/367 kB | 102/180 kBProgress (5): 282/433 kB | 233 kB | 212/224 kB | 143/367 kB | 102/180 kBProgress (5): 286/433 kB | 233 kB | 212/224 kB | 143/367 kB | 102/180 kBProgress (5): 286/433 kB | 233 kB | 212/224 kB | 143/367 kB | 106/180 kBProgress (5): 290/433 kB | 233 kB | 212/224 kB | 143/367 kB | 106/180 kBProgress (5): 290/433 kB | 233 kB | 212/224 kB | 143/367 kB | 110/180 kBProgress (5): 290/433 kB | 233 kB | 212/224 kB | 143/367 kB | 114/180 kBProgress (5): 294/433 kB | 233 kB | 212/224 kB | 143/367 kB | 114/180 kBProgress (5): 294/433 kB | 233 kB | 212/224 kB | 147/367 kB | 114/180 kBProgress (5): 298/433 kB | 233 kB | 212/224 kB | 147/367 kB | 114/180 kBProgress (5): 303/433 kB | 233 kB | 212/224 kB | 147/367 kB | 114/180 kBProgress (5): 307/433 kB | 233 kB | 212/224 kB | 147/367 kB | 114/180 kBProgress (5): 311/433 kB | 233 kB | 212/224 kB | 147/367 kB | 114/180 kBProgress (5): 311/433 kB | 233 kB | 212/224 kB | 147/367 kB | 118/180 kBProgress (5): 311/433 kB | 233 kB | 212/224 kB | 147/367 kB | 122/180 kBProgress (5): 311/433 kB | 233 kB | 212/224 kB | 147/367 kB | 126/180 kBProgress (5): 311/433 kB | 233 kB | 212/224 kB | 147/367 kB | 131/180 kBProgress (5): 311/433 kB | 233 kB | 212/224 kB | 147/367 kB | 135/180 kBProgress (5): 311/433 kB | 233 kB | 212/224 kB | 147/367 kB | 139/180 kBProgress (5): 311/433 kB | 233 kB | 212/224 kB | 147/367 kB | 143/180 kBProgress (5): 311/433 kB | 233 kB | 212/224 kB | 147/367 kB | 147/180 kBProgress (5): 311/433 kB | 233 kB | 212/224 kB | 147/367 kB | 151/180 kBProgress (5): 311/433 kB | 233 kB | 212/224 kB | 147/367 kB | 155/180 kBProgress (5): 311/433 kB | 233 kB | 212/224 kB | 147/367 kB | 159/180 kBProgress (5): 311/433 kB | 233 kB | 217/224 kB | 147/367 kB | 159/180 kBProgress (5): 311/433 kB | 233 kB | 221/224 kB | 147/367 kB | 159/180 kBProgress (5): 311/433 kB | 233 kB | 224 kB | 147/367 kB | 159/180 kB    Progress (5): 311/433 kB | 233 kB | 224 kB | 147/367 kB | 163/180 kBProgress (5): 311/433 kB | 233 kB | 224 kB | 151/367 kB | 163/180 kBProgress (5): 311/433 kB | 233 kB | 224 kB | 155/367 kB | 163/180 kBProgress (5): 311/433 kB | 233 kB | 224 kB | 159/367 kB | 163/180 kBProgress (5): 311/433 kB | 233 kB | 224 kB | 163/367 kB | 163/180 kBProgress (5): 315/433 kB | 233 kB | 224 kB | 163/367 kB | 163/180 kBProgress (5): 319/433 kB | 233 kB | 224 kB | 163/367 kB | 163/180 kBProgress (5): 323/433 kB | 233 kB | 224 kB | 163/367 kB | 163/180 kBProgress (5): 327/433 kB | 233 kB | 224 kB | 163/367 kB | 163/180 kB                                                                    Downloaded: https://repo.maven.apache.org/maven2/commons-codec/commons-codec/1.6/commons-codec-1.6.jar (233 kB at 190 kB/s)
Downloading: https://repo.maven.apache.org/maven2/org/codehaus/plexus/plexus-container-default/1.0-alpha-9/plexus-container-default-1.0-alpha-9.jar
Progress (4): 331/433 kB | 224 kB | 163/367 kB | 163/180 kBProgress (4): 331/433 kB | 224 kB | 167/367 kB | 163/180 kBProgress (4): 331/433 kB | 224 kB | 171/367 kB | 163/180 kBProgress (4): 331/433 kB | 224 kB | 176/367 kB | 163/180 kBProgress (4): 331/433 kB | 224 kB | 180/367 kB | 163/180 kBProgress (4): 335/433 kB | 224 kB | 180/367 kB | 163/180 kBProgress (4): 339/433 kB | 224 kB | 180/367 kB | 163/180 kBProgress (4): 344/433 kB | 224 kB | 180/367 kB | 163/180 kBProgress (4): 344/433 kB | 224 kB | 184/367 kB | 163/180 kBProgress (4): 344/433 kB | 224 kB | 188/367 kB | 163/180 kBProgress (4): 344/433 kB | 224 kB | 192/367 kB | 163/180 kBProgress (4): 344/433 kB | 224 kB | 196/367 kB | 163/180 kBProgress (4): 348/433 kB | 224 kB | 196/367 kB | 163/180 kBProgress (4): 352/433 kB | 224 kB | 196/367 kB | 163/180 kBProgress (4): 356/433 kB | 224 kB | 196/367 kB | 163/180 kBProgress (4): 360/433 kB | 224 kB | 196/367 kB | 163/180 kBProgress (4): 364/433 kB | 224 kB | 196/367 kB | 163/180 kBProgress (4): 368/433 kB | 224 kB | 196/367 kB | 163/180 kBProgress (4): 372/433 kB | 224 kB | 196/367 kB | 163/180 kBProgress (4): 376/433 kB | 224 kB | 196/367 kB | 163/180 kBProgress (4): 376/433 kB | 224 kB | 196/367 kB | 167/180 kBProgress (4): 376/433 kB | 224 kB | 196/367 kB | 171/180 kBProgress (4): 376/433 kB | 224 kB | 196/367 kB | 176/180 kBProgress (4): 376/433 kB | 224 kB | 196/367 kB | 180/180 kBProgress (4): 376/433 kB | 224 kB | 196/367 kB | 180 kB    Progress (4): 380/433 kB | 224 kB | 196/367 kB | 180 kBProgress (4): 380/433 kB | 224 kB | 200/367 kB | 180 kB                                                       Downloaded: https://repo.maven.apache.org/maven2/org/apache/httpcomponents/httpcore/4.2.2/httpcore-4.2.2.jar (224 kB at 161 kB/s)
Progress (3): 380/433 kB | 204/367 kB | 180 kB                                              Downloading: https://repo.maven.apache.org/maven2/org/codehaus/plexus/plexus-archiver/3.3/plexus-archiver-3.3.jar
Progress (3): 380/433 kB | 208/367 kB | 180 kBProgress (3): 380/433 kB | 212/367 kB | 180 kBProgress (3): 384/433 kB | 212/367 kB | 180 kBProgress (3): 389/433 kB | 212/367 kB | 180 kBProgress (3): 393/433 kB | 212/367 kB | 180 kBProgress (3): 397/433 kB | 212/367 kB | 180 kBProgress (3): 401/433 kB | 212/367 kB | 180 kBProgress (3): 405/433 kB | 212/367 kB | 180 kBProgress (4): 405/433 kB | 212/367 kB | 180 kB | 4.1/195 kBProgress (4): 405/433 kB | 212/367 kB | 180 kB | 7.7/195 kBProgress (4): 405/433 kB | 212/367 kB | 180 kB | 12/195 kB Progress (4): 405/433 kB | 212/367 kB | 180 kB | 16/195 kBProgress (4): 405/433 kB | 212/367 kB | 180 kB | 20/195 kBProgress (4): 405/433 kB | 212/367 kB | 180 kB | 24/195 kBProgress (4): 405/433 kB | 212/367 kB | 180 kB | 28/195 kBProgress (4): 405/433 kB | 212/367 kB | 180 kB | 32/195 kBProgress (4): 409/433 kB | 212/367 kB | 180 kB | 32/195 kBProgress (4): 409/433 kB | 212/367 kB | 180 kB | 36/195 kBProgress (4): 409/433 kB | 212/367 kB | 180 kB | 40/195 kBProgress (4): 409/433 kB | 212/367 kB | 180 kB | 45/195 kBProgress (4): 409/433 kB | 212/367 kB | 180 kB | 49/195 kBProgress (4): 409/433 kB | 212/367 kB | 180 kB | 53/195 kBProgress (4): 409/433 kB | 212/367 kB | 180 kB | 57/195 kBProgress (4): 409/433 kB | 212/367 kB | 180 kB | 61/195 kBProgress (4): 409/433 kB | 212/367 kB | 180 kB | 65/195 kBProgress (4): 413/433 kB | 212/367 kB | 180 kB | 65/195 kBProgress (4): 417/433 kB | 212/367 kB | 180 kB | 65/195 kBProgress (4): 421/433 kB | 212/367 kB | 180 kB | 65/195 kBProgress (4): 425/433 kB | 212/367 kB | 180 kB | 65/195 kBProgress (4): 425/433 kB | 217/367 kB | 180 kB | 65/195 kBProgress (4): 425/433 kB | 221/367 kB | 180 kB | 65/195 kBProgress (4): 425/433 kB | 225/367 kB | 180 kB | 65/195 kBProgress (4): 425/433 kB | 229/367 kB | 180 kB | 65/195 kBProgress (4): 430/433 kB | 229/367 kB | 180 kB | 65/195 kBProgress (4): 430/433 kB | 233/367 kB | 180 kB | 65/195 kBProgress (4): 433 kB | 233/367 kB | 180 kB | 65/195 kB    Progress (4): 433 kB | 237/367 kB | 180 kB | 65/195 kBProgress (4): 433 kB | 241/367 kB | 180 kB | 65/195 kBProgress (4): 433 kB | 245/367 kB | 180 kB | 65/195 kB                                                      Downloaded: https://repo.maven.apache.org/maven2/com/thoughtworks/qdox/qdox/1.12.1/qdox-1.12.1.jar (180 kB at 114 kB/s)
Progress (4): 433 kB | 245/367 kB | 65/195 kB | 4.1/185 kBProgress (4): 433 kB | 245/367 kB | 65/195 kB | 7.7/185 kBProgress (4): 433 kB | 245/367 kB | 65/195 kB | 12/185 kB Progress (4): 433 kB | 245/367 kB | 65/195 kB | 16/185 kBProgress (4): 433 kB | 249/367 kB | 65/195 kB | 16/185 kBProgress (4): 433 kB | 253/367 kB | 65/195 kB | 16/185 kBProgress (4): 433 kB | 258/367 kB | 65/195 kB | 16/185 kBProgress (4): 433 kB | 262/367 kB | 65/195 kB | 16/185 kBProgress (4): 433 kB | 262/367 kB | 65/195 kB | 20/185 kBProgress (4): 433 kB | 262/367 kB | 65/195 kB | 24/185 kBProgress (4): 433 kB | 262/367 kB | 65/195 kB | 28/185 kBProgress (4): 433 kB | 262/367 kB | 65/195 kB | 32/185 kBProgress (4): 433 kB | 262/367 kB | 65/195 kB | 36/185 kBProgress (4): 433 kB | 262/367 kB | 65/195 kB | 40/185 kBProgress (4): 433 kB | 262/367 kB | 65/195 kB | 45/185 kBProgress (4): 433 kB | 262/367 kB | 65/195 kB | 49/185 kBProgress (4): 433 kB | 262/367 kB | 65/195 kB | 53/185 kBProgress (4): 433 kB | 262/367 kB | 65/195 kB | 57/185 kBProgress (4): 433 kB | 262/367 kB | 65/195 kB | 61/185 kBProgress (4): 433 kB | 262/367 kB | 65/195 kB | 65/185 kBProgress (4): 433 kB | 262/367 kB | 69/195 kB | 65/185 kBProgress (4): 433 kB | 262/367 kB | 73/195 kB | 65/185 kBProgress (4): 433 kB | 262/367 kB | 77/195 kB | 65/185 kBProgress (4): 433 kB | 262/367 kB | 81/195 kB | 65/185 kBProgress (4): 433 kB | 262/367 kB | 85/195 kB | 65/185 kBProgress (4): 433 kB | 262/367 kB | 90/195 kB | 65/185 kBProgress (4): 433 kB | 262/367 kB | 94/195 kB | 65/185 kBProgress (4): 433 kB | 262/367 kB | 98/195 kB | 65/185 kBProgress (4): 433 kB | 262/367 kB | 102/195 kB | 65/185 kBProgress (4): 433 kB | 262/367 kB | 106/195 kB | 65/185 kBProgress (4): 433 kB | 262/367 kB | 110/195 kB | 65/185 kBProgress (4): 433 kB | 262/367 kB | 114/195 kB | 65/185 kBProgress (4): 433 kB | 262/367 kB | 118/195 kB | 65/185 kBProgress (4): 433 kB | 262/367 kB | 122/195 kB | 65/185 kBProgress (4): 433 kB | 262/367 kB | 126/195 kB | 65/185 kBProgress (4): 433 kB | 266/367 kB | 126/195 kB | 65/185 kBProgress (4): 433 kB | 266/367 kB | 131/195 kB | 65/185 kBProgress (4): 433 kB | 270/367 kB | 131/195 kB | 65/185 kBProgress (4): 433 kB | 274/367 kB | 131/195 kB | 65/185 kBProgress (4): 433 kB | 278/367 kB | 131/195 kB | 65/185 kBProgress (4): 433 kB | 282/367 kB | 131/195 kB | 65/185 kBProgress (4): 433 kB | 286/367 kB | 131/195 kB | 65/185 kBProgress (4): 433 kB | 290/367 kB | 131/195 kB | 65/185 kBProgress (4): 433 kB | 294/367 kB | 131/195 kB | 65/185 kBProgress (4): 433 kB | 298/367 kB | 131/195 kB | 65/185 kBProgress (4): 433 kB | 303/367 kB | 131/195 kB | 65/185 kB                                                          Downloaded: https://repo.maven.apache.org/maven2/org/apache/httpcomponents/httpclient/4.2.3/httpclient-4.2.3.jar (433 kB at 245 kB/s)
Progress (3): 307/367 kB | 131/195 kB | 65/185 kBProgress (3): 311/367 kB | 131/195 kB | 65/185 kBProgress (3): 311/367 kB | 131/195 kB | 69/185 kBProgress (3): 311/367 kB | 131/195 kB | 73/185 kBProgress (3): 311/367 kB | 131/195 kB | 77/185 kBProgress (3): 311/367 kB | 131/195 kB | 81/185 kBProgress (3): 311/367 kB | 131/195 kB | 85/185 kBProgress (3): 311/367 kB | 131/195 kB | 90/185 kBProgress (3): 311/367 kB | 131/195 kB | 94/185 kBProgress (3): 311/367 kB | 131/195 kB | 98/185 kBProgress (3): 311/367 kB | 131/195 kB | 102/185 kBProgress (3): 311/367 kB | 131/195 kB | 106/185 kBProgress (3): 311/367 kB | 131/195 kB | 110/185 kBProgress (3): 311/367 kB | 131/195 kB | 114/185 kBProgress (3): 315/367 kB | 131/195 kB | 114/185 kBProgress (3): 319/367 kB | 131/195 kB | 114/185 kBProgress (3): 323/367 kB | 131/195 kB | 114/185 kBProgress (3): 327/367 kB | 131/195 kB | 114/185 kBProgress (3): 327/367 kB | 135/195 kB | 114/185 kBProgress (3): 327/367 kB | 139/195 kB | 114/185 kBProgress (3): 327/367 kB | 143/195 kB | 114/185 kBProgress (3): 327/367 kB | 147/195 kB | 114/185 kBProgress (3): 327/367 kB | 151/195 kB | 114/185 kBProgress (3): 327/367 kB | 155/195 kB | 114/185 kBProgress (3): 327/367 kB | 159/195 kB | 114/185 kBProgress (3): 327/367 kB | 163/195 kB | 114/185 kBProgress (3): 327/367 kB | 167/195 kB | 114/185 kBProgress (3): 327/367 kB | 171/195 kB | 114/185 kBProgress (3): 327/367 kB | 176/195 kB | 114/185 kBProgress (3): 327/367 kB | 180/195 kB | 114/185 kBProgress (3): 327/367 kB | 184/195 kB | 114/185 kBProgress (3): 327/367 kB | 188/195 kB | 114/185 kBProgress (3): 327/367 kB | 192/195 kB | 114/185 kBProgress (3): 327/367 kB | 195 kB | 114/185 kB    Progress (3): 331/367 kB | 195 kB | 114/185 kBProgress (3): 335/367 kB | 195 kB | 114/185 kBProgress (3): 339/367 kB | 195 kB | 114/185 kBProgress (3): 344/367 kB | 195 kB | 114/185 kBProgress (3): 348/367 kB | 195 kB | 114/185 kBProgress (3): 352/367 kB | 195 kB | 114/185 kBProgress (3): 356/367 kB | 195 kB | 114/185 kBProgress (3): 360/367 kB | 195 kB | 114/185 kBProgress (3): 364/367 kB | 195 kB | 114/185 kBProgress (3): 367 kB | 195 kB | 114/185 kB                                              Downloaded: https://repo.maven.apache.org/maven2/org/codehaus/plexus/plexus-container-default/1.0-alpha-9/plexus-container-default-1.0-alpha-9.jar (195 kB at 94 kB/s)
Progress (2): 367 kB | 118/185 kBProgress (2): 367 kB | 122/185 kBProgress (2): 367 kB | 126/185 kBProgress (2): 367 kB | 131/185 kBProgress (2): 367 kB | 135/185 kBProgress (2): 367 kB | 139/185 kBProgress (2): 367 kB | 143/185 kBProgress (2): 367 kB | 147/185 kBProgress (2): 367 kB | 151/185 kBProgress (2): 367 kB | 155/185 kBProgress (2): 367 kB | 159/185 kBProgress (2): 367 kB | 163/185 kBProgress (2): 367 kB | 167/185 kBProgress (2): 367 kB | 171/185 kBProgress (2): 367 kB | 176/185 kBProgress (2): 367 kB | 180/185 kBProgress (2): 367 kB | 184/185 kBProgress (2): 367 kB | 185 kB                                 Downloaded: https://repo.maven.apache.org/maven2/log4j/log4j/1.2.14/log4j-1.2.14.jar (367 kB at 172 kB/s)
Downloaded: https://repo.maven.apache.org/maven2/org/codehaus/plexus/plexus-archiver/3.3/plexus-archiver-3.3.jar (185 kB at 74 kB/s)
[[1;34mINFO[m] 
Loading source files for package com.shinesolutions.swaggeraem4j...
Loading source files for package com.shinesolutions.swaggeraem4j.auth...
Loading source files for package com.shinesolutions.swaggeraem4j.model...
Loading source files for package com.shinesolutions.swaggeraem4j.api...
Constructing Javadoc information...
Standard Doclet version 1.8.0_131
Building tree for all the packages and classes...
Generating /opt/workspace/java/generated/target/apidocs/com/shinesolutions/swaggeraem4j/ApiCallback.html...
Generating /opt/workspace/java/generated/target/apidocs/com/shinesolutions/swaggeraem4j/ApiClient.html...
Generating /opt/workspace/java/generated/target/apidocs/com/shinesolutions/swaggeraem4j/ApiException.html...
Generating /opt/workspace/java/generated/target/apidocs/com/shinesolutions/swaggeraem4j/ApiResponse.html...
Generating /opt/workspace/java/generated/target/apidocs/com/shinesolutions/swaggeraem4j/Configuration.html...
Generating /opt/workspace/java/generated/target/apidocs/com/shinesolutions/swaggeraem4j/JSON.html...
Generating /opt/workspace/java/generated/target/apidocs/com/shinesolutions/swaggeraem4j/JSON.DateTypeAdapter.html...
Generating /opt/workspace/java/generated/target/apidocs/com/shinesolutions/swaggeraem4j/JSON.LocalDateTypeAdapter.html...
Generating /opt/workspace/java/generated/target/apidocs/com/shinesolutions/swaggeraem4j/JSON.OffsetDateTimeTypeAdapter.html...
Generating /opt/workspace/java/generated/target/apidocs/com/shinesolutions/swaggeraem4j/JSON.SqlDateTypeAdapter.html...
Generating /opt/workspace/java/generated/target/apidocs/com/shinesolutions/swaggeraem4j/Pair.html...
Generating /opt/workspace/java/generated/target/apidocs/com/shinesolutions/swaggeraem4j/ProgressRequestBody.html...
Generating /opt/workspace/java/generated/target/apidocs/com/shinesolutions/swaggeraem4j/ProgressRequestBody.ProgressRequestListener.html...
Generating /opt/workspace/java/generated/target/apidocs/com/shinesolutions/swaggeraem4j/ProgressResponseBody.html...
Generating /opt/workspace/java/generated/target/apidocs/com/shinesolutions/swaggeraem4j/ProgressResponseBody.ProgressListener.html...
Generating /opt/workspace/java/generated/target/apidocs/com/shinesolutions/swaggeraem4j/StringUtil.html...
Generating /opt/workspace/java/generated/target/apidocs/com/shinesolutions/swaggeraem4j/auth/ApiKeyAuth.html...
Generating /opt/workspace/java/generated/target/apidocs/com/shinesolutions/swaggeraem4j/auth/Authentication.html...
Generating /opt/workspace/java/generated/target/apidocs/com/shinesolutions/swaggeraem4j/auth/HttpBasicAuth.html...
Generating /opt/workspace/java/generated/target/apidocs/com/shinesolutions/swaggeraem4j/auth/OAuth.html...
Generating /opt/workspace/java/generated/target/apidocs/com/shinesolutions/swaggeraem4j/auth/OAuthFlow.html...
Generating /opt/workspace/java/generated/target/apidocs/com/shinesolutions/swaggeraem4j/model/InstallStatus.html...
Generating /opt/workspace/java/generated/target/apidocs/com/shinesolutions/swaggeraem4j/model/InstallStatusStatus.html...
Generating /opt/workspace/java/generated/target/apidocs/com/shinesolutions/swaggeraem4j/model/KeystoreChainItems.html...
Generating /opt/workspace/java/generated/target/apidocs/com/shinesolutions/swaggeraem4j/model/KeystoreInfo.html...
Generating /opt/workspace/java/generated/target/apidocs/com/shinesolutions/swaggeraem4j/model/KeystoreItems.html...
Generating /opt/workspace/java/generated/target/apidocs/com/shinesolutions/swaggeraem4j/model/SamlConfigurationInfo.html...
Generating /opt/workspace/java/generated/target/apidocs/com/shinesolutions/swaggeraem4j/model/SamlConfigurationProperties.html...
Generating /opt/workspace/java/generated/target/apidocs/com/shinesolutions/swaggeraem4j/model/SamlConfigurationPropertyItemsArray.html...
Generating /opt/workspace/java/generated/target/apidocs/com/shinesolutions/swaggeraem4j/model/SamlConfigurationPropertyItemsBoolean.html...
Generating /opt/workspace/java/generated/target/apidocs/com/shinesolutions/swaggeraem4j/model/SamlConfigurationPropertyItemsLong.html...
Generating /opt/workspace/java/generated/target/apidocs/com/shinesolutions/swaggeraem4j/model/SamlConfigurationPropertyItemsString.html...
Generating /opt/workspace/java/generated/target/apidocs/com/shinesolutions/swaggeraem4j/model/TruststoreInfo.html...
Generating /opt/workspace/java/generated/target/apidocs/com/shinesolutions/swaggeraem4j/model/TruststoreItems.html...
Generating /opt/workspace/java/generated/target/apidocs/com/shinesolutions/swaggeraem4j/api/ConsoleApi.html...
Generating /opt/workspace/java/generated/target/apidocs/com/shinesolutions/swaggeraem4j/api/CqApi.html...
Generating /opt/workspace/java/generated/target/apidocs/com/shinesolutions/swaggeraem4j/api/CrxApi.html...
Generating /opt/workspace/java/generated/target/apidocs/com/shinesolutions/swaggeraem4j/api/CustomApi.html...
Generating /opt/workspace/java/generated/target/apidocs/com/shinesolutions/swaggeraem4j/api/SlingApi.html...
Generating /opt/workspace/java/generated/target/apidocs/overview-frame.html...
Generating /opt/workspace/java/generated/target/apidocs/com/shinesolutions/swaggeraem4j/package-frame.html...
Generating /opt/workspace/java/generated/target/apidocs/com/shinesolutions/swaggeraem4j/package-summary.html...
Generating /opt/workspace/java/generated/target/apidocs/com/shinesolutions/swaggeraem4j/package-tree.html...
Generating /opt/workspace/java/generated/target/apidocs/com/shinesolutions/swaggeraem4j/api/package-frame.html...
Generating /opt/workspace/java/generated/target/apidocs/com/shinesolutions/swaggeraem4j/api/package-summary.html...
Generating /opt/workspace/java/generated/target/apidocs/com/shinesolutions/swaggeraem4j/api/package-tree.html...
Generating /opt/workspace/java/generated/target/apidocs/com/shinesolutions/swaggeraem4j/auth/package-frame.html...
Generating /opt/workspace/java/generated/target/apidocs/com/shinesolutions/swaggeraem4j/auth/package-summary.html...
Generating /opt/workspace/java/generated/target/apidocs/com/shinesolutions/swaggeraem4j/auth/package-tree.html...
Generating /opt/workspace/java/generated/target/apidocs/com/shinesolutions/swaggeraem4j/model/package-frame.html...
Generating /opt/workspace/java/generated/target/apidocs/com/shinesolutions/swaggeraem4j/model/package-summary.html...
Generating /opt/workspace/java/generated/target/apidocs/com/shinesolutions/swaggeraem4j/model/package-tree.html...
Generating /opt/workspace/java/generated/target/apidocs/constant-values.html...
Generating /opt/workspace/java/generated/target/apidocs/serialized-form.html...
Generating /opt/workspace/java/generated/target/apidocs/com/shinesolutions/swaggeraem4j/class-use/ProgressRequestBody.html...
Generating /opt/workspace/java/generated/target/apidocs/com/shinesolutions/swaggeraem4j/class-use/ProgressRequestBody.ProgressRequestListener.html...
Generating /opt/workspace/java/generated/target/apidocs/com/shinesolutions/swaggeraem4j/class-use/ApiCallback.html...
Generating /opt/workspace/java/generated/target/apidocs/com/shinesolutions/swaggeraem4j/class-use/Configuration.html...
Generating /opt/workspace/java/generated/target/apidocs/com/shinesolutions/swaggeraem4j/class-use/StringUtil.html...
Generating /opt/workspace/java/generated/target/apidocs/com/shinesolutions/swaggeraem4j/class-use/JSON.html...
Generating /opt/workspace/java/generated/target/apidocs/com/shinesolutions/swaggeraem4j/class-use/JSON.OffsetDateTimeTypeAdapter.html...
Generating /opt/workspace/java/generated/target/apidocs/com/shinesolutions/swaggeraem4j/class-use/JSON.LocalDateTypeAdapter.html...
Generating /opt/workspace/java/generated/target/apidocs/com/shinesolutions/swaggeraem4j/class-use/JSON.SqlDateTypeAdapter.html...
Generating /opt/workspace/java/generated/target/apidocs/com/shinesolutions/swaggeraem4j/class-use/JSON.DateTypeAdapter.html...
Generating /opt/workspace/java/generated/target/apidocs/com/shinesolutions/swaggeraem4j/class-use/ApiResponse.html...
Generating /opt/workspace/java/generated/target/apidocs/com/shinesolutions/swaggeraem4j/class-use/Pair.html...
Generating /opt/workspace/java/generated/target/apidocs/com/shinesolutions/swaggeraem4j/class-use/ProgressResponseBody.html...
Generating /opt/workspace/java/generated/target/apidocs/com/shinesolutions/swaggeraem4j/class-use/ProgressResponseBody.ProgressListener.html...
Generating /opt/workspace/java/generated/target/apidocs/com/shinesolutions/swaggeraem4j/class-use/ApiException.html...
Generating /opt/workspace/java/generated/target/apidocs/com/shinesolutions/swaggeraem4j/class-use/ApiClient.html...
Generating /opt/workspace/java/generated/target/apidocs/com/shinesolutions/swaggeraem4j/auth/class-use/OAuthFlow.html...
Generating /opt/workspace/java/generated/target/apidocs/com/shinesolutions/swaggeraem4j/auth/class-use/Authentication.html...
Generating /opt/workspace/java/generated/target/apidocs/com/shinesolutions/swaggeraem4j/auth/class-use/OAuth.html...
Generating /opt/workspace/java/generated/target/apidocs/com/shinesolutions/swaggeraem4j/auth/class-use/ApiKeyAuth.html...
Generating /opt/workspace/java/generated/target/apidocs/com/shinesolutions/swaggeraem4j/auth/class-use/HttpBasicAuth.html...
Generating /opt/workspace/java/generated/target/apidocs/com/shinesolutions/swaggeraem4j/model/class-use/InstallStatus.html...
Generating /opt/workspace/java/generated/target/apidocs/com/shinesolutions/swaggeraem4j/model/class-use/SamlConfigurationPropertyItemsBoolean.html...
Generating /opt/workspace/java/generated/target/apidocs/com/shinesolutions/swaggeraem4j/model/class-use/KeystoreChainItems.html...
Generating /opt/workspace/java/generated/target/apidocs/com/shinesolutions/swaggeraem4j/model/class-use/InstallStatusStatus.html...
Generating /opt/workspace/java/generated/target/apidocs/com/shinesolutions/swaggeraem4j/model/class-use/SamlConfigurationPropertyItemsArray.html...
Generating /opt/workspace/java/generated/target/apidocs/com/shinesolutions/swaggeraem4j/model/class-use/SamlConfigurationPropertyItemsString.html...
Generating /opt/workspace/java/generated/target/apidocs/com/shinesolutions/swaggeraem4j/model/class-use/SamlConfigurationProperties.html...
Generating /opt/workspace/java/generated/target/apidocs/com/shinesolutions/swaggeraem4j/model/class-use/TruststoreInfo.html...
Generating /opt/workspace/java/generated/target/apidocs/com/shinesolutions/swaggeraem4j/model/class-use/KeystoreItems.html...
Generating /opt/workspace/java/generated/target/apidocs/com/shinesolutions/swaggeraem4j/model/class-use/TruststoreItems.html...
Generating /opt/workspace/java/generated/target/apidocs/com/shinesolutions/swaggeraem4j/model/class-use/SamlConfigurationPropertyItemsLong.html...
Generating /opt/workspace/java/generated/target/apidocs/com/shinesolutions/swaggeraem4j/model/class-use/SamlConfigurationInfo.html...
Generating /opt/workspace/java/generated/target/apidocs/com/shinesolutions/swaggeraem4j/model/class-use/KeystoreInfo.html...
Generating /opt/workspace/java/generated/target/apidocs/com/shinesolutions/swaggeraem4j/api/class-use/CqApi.html...
Generating /opt/workspace/java/generated/target/apidocs/com/shinesolutions/swaggeraem4j/api/class-use/SlingApi.html...
Generating /opt/workspace/java/generated/target/apidocs/com/shinesolutions/swaggeraem4j/api/class-use/CrxApi.html...
Generating /opt/workspace/java/generated/target/apidocs/com/shinesolutions/swaggeraem4j/api/class-use/CustomApi.html...
Generating /opt/workspace/java/generated/target/apidocs/com/shinesolutions/swaggeraem4j/api/class-use/ConsoleApi.html...
Generating /opt/workspace/java/generated/target/apidocs/com/shinesolutions/swaggeraem4j/package-use.html...
Generating /opt/workspace/java/generated/target/apidocs/com/shinesolutions/swaggeraem4j/api/package-use.html...
Generating /opt/workspace/java/generated/target/apidocs/com/shinesolutions/swaggeraem4j/auth/package-use.html...
Generating /opt/workspace/java/generated/target/apidocs/com/shinesolutions/swaggeraem4j/model/package-use.html...
Building index for all the packages and classes...
Generating /opt/workspace/java/generated/target/apidocs/overview-tree.html...
Generating /opt/workspace/java/generated/target/apidocs/index-all.html...
Generating /opt/workspace/java/generated/target/apidocs/deprecated-list.html...
Building index for all classes...
Generating /opt/workspace/java/generated/target/apidocs/allclasses-frame.html...
Generating /opt/workspace/java/generated/target/apidocs/allclasses-noframe.html...
Generating /opt/workspace/java/generated/target/apidocs/index.html...
Generating /opt/workspace/java/generated/target/apidocs/overview-summary.html...
Generating /opt/workspace/java/generated/target/apidocs/help-doc.html...
[[1;34mINFO[m] Building jar: /opt/workspace/java/generated/target/swaggeraem4j-0.10.0-javadoc.jar
[[1;34mINFO[m] 
[[1;34mINFO[m] [1m--- [0;32mmaven-source-plugin:2.2.1:jar-no-fork[m [1m(attach-sources)[m @ [36mswaggeraem4j[0;1m ---[m
Downloading: https://repo.maven.apache.org/maven2/org/codehaus/plexus/plexus-utils/3.0.7/plexus-utils-3.0.7.pom
Progress (1): 2.2/2.5 kBProgress (1): 2.5 kB                        Downloaded: https://repo.maven.apache.org/maven2/org/codehaus/plexus/plexus-utils/3.0.7/plexus-utils-3.0.7.pom (2.5 kB at 4.5 kB/s)
Downloading: https://repo.maven.apache.org/maven2/org/codehaus/plexus/plexus-interpolation/1.15/plexus-interpolation-1.15.jar
Downloading: https://repo.maven.apache.org/maven2/org/codehaus/plexus/plexus-utils/3.0.8/plexus-utils-3.0.8.jar
Progress (1): 2.8/60 kBProgress (1): 5.5/60 kBProgress (1): 8.3/60 kBProgress (1): 11/60 kB Progress (1): 14/60 kBProgress (1): 16/60 kBProgress (1): 19/60 kBProgress (1): 22/60 kBProgress (1): 25/60 kBProgress (2): 25/60 kB | 2.2/232 kBProgress (2): 27/60 kB | 2.2/232 kBProgress (2): 27/60 kB | 5.0/232 kBProgress (2): 27/60 kB | 7.7/232 kBProgress (2): 30/60 kB | 7.7/232 kBProgress (2): 30/60 kB | 10/232 kB Progress (2): 33/60 kB | 10/232 kBProgress (2): 33/60 kB | 13/232 kBProgress (2): 33/60 kB | 16/232 kBProgress (2): 33/60 kB | 19/232 kBProgress (2): 33/60 kB | 21/232 kBProgress (2): 33/60 kB | 24/232 kBProgress (2): 33/60 kB | 27/232 kBProgress (2): 33/60 kB | 30/232 kBProgress (2): 33/60 kB | 32/232 kBProgress (2): 37/60 kB | 32/232 kBProgress (2): 41/60 kB | 32/232 kBProgress (2): 45/60 kB | 32/232 kBProgress (2): 49/60 kB | 32/232 kBProgress (2): 53/60 kB | 32/232 kBProgress (2): 57/60 kB | 32/232 kBProgress (2): 60 kB | 32/232 kB   Progress (2): 60 kB | 36/232 kBProgress (2): 60 kB | 40/232 kBProgress (2): 60 kB | 45/232 kBProgress (2): 60 kB | 49/232 kBProgress (2): 60 kB | 53/232 kBProgress (2): 60 kB | 57/232 kBProgress (2): 60 kB | 61/232 kBProgress (2): 60 kB | 65/232 kBProgress (2): 60 kB | 69/232 kBProgress (2): 60 kB | 73/232 kBProgress (2): 60 kB | 77/232 kBProgress (2): 60 kB | 81/232 kBProgress (2): 60 kB | 85/232 kBProgress (2): 60 kB | 90/232 kBProgress (2): 60 kB | 94/232 kBProgress (2): 60 kB | 98/232 kBProgress (2): 60 kB | 102/232 kBProgress (2): 60 kB | 106/232 kBProgress (2): 60 kB | 110/232 kBProgress (2): 60 kB | 114/232 kBProgress (2): 60 kB | 118/232 kBProgress (2): 60 kB | 122/232 kBProgress (2): 60 kB | 126/232 kBProgress (2): 60 kB | 131/232 kB                                Downloaded: https://repo.maven.apache.org/maven2/org/codehaus/plexus/plexus-interpolation/1.15/plexus-interpolation-1.15.jar (60 kB at 74 kB/s)
Progress (1): 135/232 kBProgress (1): 139/232 kBProgress (1): 143/232 kBProgress (1): 147/232 kBProgress (1): 151/232 kBProgress (1): 155/232 kBProgress (1): 159/232 kBProgress (1): 163/232 kBProgress (1): 167/232 kBProgress (1): 171/232 kBProgress (1): 176/232 kBProgress (1): 180/232 kBProgress (1): 184/232 kBProgress (1): 188/232 kBProgress (1): 192/232 kBProgress (1): 196/232 kBProgress (1): 200/232 kBProgress (1): 204/232 kBProgress (1): 208/232 kBProgress (1): 212/232 kBProgress (1): 217/232 kBProgress (1): 221/232 kBProgress (1): 225/232 kBProgress (1): 229/232 kBProgress (1): 232 kB                        Downloaded: https://repo.maven.apache.org/maven2/org/codehaus/plexus/plexus-utils/3.0.8/plexus-utils-3.0.8.jar (232 kB at 135 kB/s)
[[1;34mINFO[m] Building jar: /opt/workspace/java/generated/target/swaggeraem4j-0.10.0-sources.jar
[[1;34mINFO[m] [1m------------------------------------------------------------------------[m
[[1;34mINFO[m] [1;32mBUILD SUCCESS[m
[[1;34mINFO[m] [1m------------------------------------------------------------------------[m
[[1;34mINFO[m] Total time: 43.677 s
[[1;34mINFO[m] Finished at: 2019-02-01T04:00:27Z
[[1;34mINFO[m] Final Memory: 25M/186M
[[1;34mINFO[m] [1m------------------------------------------------------------------------[m
