[[1;34mINFO[m] Scanning for projects...
[[1;33mWARNING[m] The project com.shinesolutions:swaggeraem4j:jar:0.10.0 uses prerequisites which is only intended for maven-plugin projects but not for non maven-plugin projects. For such purposes you should use the maven-enforcer-plugin. See https://maven.apache.org/enforcer/enforcer-rules/requireMavenVersion.html
[[1;34mINFO[m] 
[[1;34mINFO[m] [1m------------------------------------------------------------------------[m
[[1;34mINFO[m] [1mBuilding swaggeraem4j 0.10.0[m
[[1;34mINFO[m] [1m------------------------------------------------------------------------[m
Downloading: https://repo.maven.apache.org/maven2/org/apache/maven/plugins/maven-install-plugin/2.4/maven-install-plugin-2.4.pom
Progress (1): 2.2/6.4 kBProgress (1): 5.0/6.4 kBProgress (1): 6.4 kB                        Downloaded: https://repo.maven.apache.org/maven2/org/apache/maven/plugins/maven-install-plugin/2.4/maven-install-plugin-2.4.pom (6.4 kB at 3.5 kB/s)
Downloading: https://repo.maven.apache.org/maven2/org/apache/maven/plugins/maven-install-plugin/2.4/maven-install-plugin-2.4.jar
Progress (1): 2.8/27 kBProgress (1): 5.5/27 kBProgress (1): 8.3/27 kBProgress (1): 11/27 kB Progress (1): 14/27 kBProgress (1): 16/27 kBProgress (1): 19/27 kBProgress (1): 22/27 kBProgress (1): 25/27 kBProgress (1): 27 kB                      Downloaded: https://repo.maven.apache.org/maven2/org/apache/maven/plugins/maven-install-plugin/2.4/maven-install-plugin-2.4.jar (27 kB at 38 kB/s)
[[1;34mINFO[m] 
[[1;34mINFO[m] [1m--- [0;32mbuild-helper-maven-plugin:1.10:add-source[m [1m(add_sources)[m @ [36mswaggeraem4j[0;1m ---[m
[[1;34mINFO[m] Source directory: /opt/workspace/java/generated/src/main/java added.
[[1;34mINFO[m] 
[[1;34mINFO[m] [1m--- [0;32mmaven-resources-plugin:2.6:resources[m [1m(default-resources)[m @ [36mswaggeraem4j[0;1m ---[m
[[1;34mINFO[m] Using 'UTF-8' encoding to copy filtered resources.
[[1;34mINFO[m] skip non existing resourceDirectory /opt/workspace/java/generated/src/main/resources
[[1;34mINFO[m] 
[[1;34mINFO[m] [1m--- [0;32mmaven-compiler-plugin:3.1:compile[m [1m(default-compile)[m @ [36mswaggeraem4j[0;1m ---[m
[[1;34mINFO[m] Nothing to compile - all classes are up to date
[[1;34mINFO[m] 
[[1;34mINFO[m] [1m--- [0;32mbuild-helper-maven-plugin:1.10:add-test-source[m [1m(add_test_sources)[m @ [36mswaggeraem4j[0;1m ---[m
[[1;34mINFO[m] Test Source directory: /opt/workspace/java/generated/src/test/java added.
[[1;34mINFO[m] 
[[1;34mINFO[m] [1m--- [0;32mmaven-resources-plugin:2.6:testResources[m [1m(default-testResources)[m @ [36mswaggeraem4j[0;1m ---[m
[[1;34mINFO[m] Using 'UTF-8' encoding to copy filtered resources.
[[1;34mINFO[m] skip non existing resourceDirectory /opt/workspace/java/generated/src/test/resources
[[1;34mINFO[m] 
[[1;34mINFO[m] [1m--- [0;32mmaven-compiler-plugin:3.1:testCompile[m [1m(default-testCompile)[m @ [36mswaggeraem4j[0;1m ---[m
[[1;34mINFO[m] Nothing to compile - all classes are up to date
[[1;34mINFO[m] 
[[1;34mINFO[m] [1m--- [0;32mmaven-surefire-plugin:2.12:test[m [1m(default-test)[m @ [36mswaggeraem4j[0;1m ---[m
[[1;34mINFO[m] Surefire report directory: /opt/workspace/java/generated/target/surefire-reports

-------------------------------------------------------
 T E S T S
-------------------------------------------------------

-------------------------------------------------------
 T E S T S
-------------------------------------------------------
Concurrency config is parallel='methods', perCoreThreadCount=true, threadCount=2, useUnlimitedThreads=false
Running com.shinesolutions.swaggeraem4j.api.CrxApiTest
Tests run: 1, Failures: 0, Errors: 0, Skipped: 1, Time elapsed: 0 sec
Concurrency config is parallel='methods', perCoreThreadCount=true, threadCount=2, useUnlimitedThreads=false
Running com.shinesolutions.swaggeraem4j.api.ConsoleApiTest
Tests run: 1, Failures: 0, Errors: 0, Skipped: 1, Time elapsed: 0 sec
Concurrency config is parallel='methods', perCoreThreadCount=true, threadCount=2, useUnlimitedThreads=false
Running com.shinesolutions.swaggeraem4j.api.CustomApiTest
Tests run: 1, Failures: 0, Errors: 0, Skipped: 1, Time elapsed: 0 sec
Concurrency config is parallel='methods', perCoreThreadCount=true, threadCount=2, useUnlimitedThreads=false
Running com.shinesolutions.swaggeraem4j.api.CqApiTest
Tests run: 1, Failures: 0, Errors: 0, Skipped: 1, Time elapsed: 0 sec
Concurrency config is parallel='methods', perCoreThreadCount=true, threadCount=2, useUnlimitedThreads=false
Running com.shinesolutions.swaggeraem4j.api.SlingApiTest
Tests run: 1, Failures: 0, Errors: 0, Skipped: 1, Time elapsed: 0 sec

Results :

Tests run: 5, Failures: 0, Errors: 0, Skipped: 5

[[1;34mINFO[m] 
[[1;34mINFO[m] [1m--- [0;32mmaven-jar-plugin:2.2:jar[m [1m(default-jar)[m @ [36mswaggeraem4j[0;1m ---[m
[[1;34mINFO[m] 
[[1;34mINFO[m] [1m--- [0;32mmaven-dependency-plugin:2.8:copy-dependencies[m [1m(default)[m @ [36mswaggeraem4j[0;1m ---[m
[[1;34mINFO[m] okhttp-2.7.5.jar already exists in destination.
[[1;34mINFO[m] swagger-annotations-1.5.15.jar already exists in destination.
[[1;34mINFO[m] gson-2.8.1.jar already exists in destination.
[[1;34mINFO[m] hamcrest-core-1.3.jar already exists in destination.
[[1;34mINFO[m] logging-interceptor-2.7.5.jar already exists in destination.
[[1;34mINFO[m] threetenbp-1.3.5.jar already exists in destination.
[[1;34mINFO[m] junit-4.12.jar already exists in destination.
[[1;34mINFO[m] okio-1.6.0.jar already exists in destination.
[[1;34mINFO[m] 
[[1;34mINFO[m] [1m--- [0;32mmaven-jar-plugin:2.2:jar[m [1m(default)[m @ [36mswaggeraem4j[0;1m ---[m
[[1;34mINFO[m] 
[[1;34mINFO[m] [1m--- [0;32mmaven-jar-plugin:2.2:test-jar[m [1m(default)[m @ [36mswaggeraem4j[0;1m ---[m
[[1;34mINFO[m] 
[[1;34mINFO[m] [1m--- [0;32mmaven-javadoc-plugin:2.10.4:jar[m [1m(attach-javadocs)[m @ [36mswaggeraem4j[0;1m ---[m
[[1;34mINFO[m] 
Loading source files for package com.shinesolutions.swaggeraem4j...
Loading source files for package com.shinesolutions.swaggeraem4j.auth...
Loading source files for package com.shinesolutions.swaggeraem4j.model...
Loading source files for package com.shinesolutions.swaggeraem4j.api...
Constructing Javadoc information...
Standard Doclet version 1.8.0_131
Building tree for all the packages and classes...
Generating /opt/workspace/java/generated/target/apidocs/com/shinesolutions/swaggeraem4j/ApiCallback.html...
Generating /opt/workspace/java/generated/target/apidocs/com/shinesolutions/swaggeraem4j/ApiClient.html...
Generating /opt/workspace/java/generated/target/apidocs/com/shinesolutions/swaggeraem4j/ApiException.html...
Generating /opt/workspace/java/generated/target/apidocs/com/shinesolutions/swaggeraem4j/ApiResponse.html...
Generating /opt/workspace/java/generated/target/apidocs/com/shinesolutions/swaggeraem4j/Configuration.html...
Generating /opt/workspace/java/generated/target/apidocs/com/shinesolutions/swaggeraem4j/JSON.html...
Generating /opt/workspace/java/generated/target/apidocs/com/shinesolutions/swaggeraem4j/JSON.DateTypeAdapter.html...
Generating /opt/workspace/java/generated/target/apidocs/com/shinesolutions/swaggeraem4j/JSON.LocalDateTypeAdapter.html...
Generating /opt/workspace/java/generated/target/apidocs/com/shinesolutions/swaggeraem4j/JSON.OffsetDateTimeTypeAdapter.html...
Generating /opt/workspace/java/generated/target/apidocs/com/shinesolutions/swaggeraem4j/JSON.SqlDateTypeAdapter.html...
Generating /opt/workspace/java/generated/target/apidocs/com/shinesolutions/swaggeraem4j/Pair.html...
Generating /opt/workspace/java/generated/target/apidocs/com/shinesolutions/swaggeraem4j/ProgressRequestBody.html...
Generating /opt/workspace/java/generated/target/apidocs/com/shinesolutions/swaggeraem4j/ProgressRequestBody.ProgressRequestListener.html...
Generating /opt/workspace/java/generated/target/apidocs/com/shinesolutions/swaggeraem4j/ProgressResponseBody.html...
Generating /opt/workspace/java/generated/target/apidocs/com/shinesolutions/swaggeraem4j/ProgressResponseBody.ProgressListener.html...
Generating /opt/workspace/java/generated/target/apidocs/com/shinesolutions/swaggeraem4j/StringUtil.html...
Generating /opt/workspace/java/generated/target/apidocs/com/shinesolutions/swaggeraem4j/auth/ApiKeyAuth.html...
Generating /opt/workspace/java/generated/target/apidocs/com/shinesolutions/swaggeraem4j/auth/Authentication.html...
Generating /opt/workspace/java/generated/target/apidocs/com/shinesolutions/swaggeraem4j/auth/HttpBasicAuth.html...
Generating /opt/workspace/java/generated/target/apidocs/com/shinesolutions/swaggeraem4j/auth/OAuth.html...
Generating /opt/workspace/java/generated/target/apidocs/com/shinesolutions/swaggeraem4j/auth/OAuthFlow.html...
Generating /opt/workspace/java/generated/target/apidocs/com/shinesolutions/swaggeraem4j/model/InstallStatus.html...
Generating /opt/workspace/java/generated/target/apidocs/com/shinesolutions/swaggeraem4j/model/InstallStatusStatus.html...
Generating /opt/workspace/java/generated/target/apidocs/com/shinesolutions/swaggeraem4j/model/KeystoreChainItems.html...
Generating /opt/workspace/java/generated/target/apidocs/com/shinesolutions/swaggeraem4j/model/KeystoreInfo.html...
Generating /opt/workspace/java/generated/target/apidocs/com/shinesolutions/swaggeraem4j/model/KeystoreItems.html...
Generating /opt/workspace/java/generated/target/apidocs/com/shinesolutions/swaggeraem4j/model/SamlConfigurationInfo.html...
Generating /opt/workspace/java/generated/target/apidocs/com/shinesolutions/swaggeraem4j/model/SamlConfigurationProperties.html...
Generating /opt/workspace/java/generated/target/apidocs/com/shinesolutions/swaggeraem4j/model/SamlConfigurationPropertyItemsArray.html...
Generating /opt/workspace/java/generated/target/apidocs/com/shinesolutions/swaggeraem4j/model/SamlConfigurationPropertyItemsBoolean.html...
Generating /opt/workspace/java/generated/target/apidocs/com/shinesolutions/swaggeraem4j/model/SamlConfigurationPropertyItemsLong.html...
Generating /opt/workspace/java/generated/target/apidocs/com/shinesolutions/swaggeraem4j/model/SamlConfigurationPropertyItemsString.html...
Generating /opt/workspace/java/generated/target/apidocs/com/shinesolutions/swaggeraem4j/model/TruststoreInfo.html...
Generating /opt/workspace/java/generated/target/apidocs/com/shinesolutions/swaggeraem4j/model/TruststoreItems.html...
Generating /opt/workspace/java/generated/target/apidocs/com/shinesolutions/swaggeraem4j/api/ConsoleApi.html...
Generating /opt/workspace/java/generated/target/apidocs/com/shinesolutions/swaggeraem4j/api/CqApi.html...
Generating /opt/workspace/java/generated/target/apidocs/com/shinesolutions/swaggeraem4j/api/CrxApi.html...
Generating /opt/workspace/java/generated/target/apidocs/com/shinesolutions/swaggeraem4j/api/CustomApi.html...
Generating /opt/workspace/java/generated/target/apidocs/com/shinesolutions/swaggeraem4j/api/SlingApi.html...
Generating /opt/workspace/java/generated/target/apidocs/overview-frame.html...
Generating /opt/workspace/java/generated/target/apidocs/com/shinesolutions/swaggeraem4j/package-frame.html...
Generating /opt/workspace/java/generated/target/apidocs/com/shinesolutions/swaggeraem4j/package-summary.html...
Generating /opt/workspace/java/generated/target/apidocs/com/shinesolutions/swaggeraem4j/package-tree.html...
Generating /opt/workspace/java/generated/target/apidocs/com/shinesolutions/swaggeraem4j/api/package-frame.html...
Generating /opt/workspace/java/generated/target/apidocs/com/shinesolutions/swaggeraem4j/api/package-summary.html...
Generating /opt/workspace/java/generated/target/apidocs/com/shinesolutions/swaggeraem4j/api/package-tree.html...
Generating /opt/workspace/java/generated/target/apidocs/com/shinesolutions/swaggeraem4j/auth/package-frame.html...
Generating /opt/workspace/java/generated/target/apidocs/com/shinesolutions/swaggeraem4j/auth/package-summary.html...
Generating /opt/workspace/java/generated/target/apidocs/com/shinesolutions/swaggeraem4j/auth/package-tree.html...
Generating /opt/workspace/java/generated/target/apidocs/com/shinesolutions/swaggeraem4j/model/package-frame.html...
Generating /opt/workspace/java/generated/target/apidocs/com/shinesolutions/swaggeraem4j/model/package-summary.html...
Generating /opt/workspace/java/generated/target/apidocs/com/shinesolutions/swaggeraem4j/model/package-tree.html...
Generating /opt/workspace/java/generated/target/apidocs/constant-values.html...
Generating /opt/workspace/java/generated/target/apidocs/serialized-form.html...
Generating /opt/workspace/java/generated/target/apidocs/com/shinesolutions/swaggeraem4j/class-use/ProgressRequestBody.html...
Generating /opt/workspace/java/generated/target/apidocs/com/shinesolutions/swaggeraem4j/class-use/ProgressRequestBody.ProgressRequestListener.html...
Generating /opt/workspace/java/generated/target/apidocs/com/shinesolutions/swaggeraem4j/class-use/ApiCallback.html...
Generating /opt/workspace/java/generated/target/apidocs/com/shinesolutions/swaggeraem4j/class-use/Configuration.html...
Generating /opt/workspace/java/generated/target/apidocs/com/shinesolutions/swaggeraem4j/class-use/StringUtil.html...
Generating /opt/workspace/java/generated/target/apidocs/com/shinesolutions/swaggeraem4j/class-use/JSON.html...
Generating /opt/workspace/java/generated/target/apidocs/com/shinesolutions/swaggeraem4j/class-use/JSON.OffsetDateTimeTypeAdapter.html...
Generating /opt/workspace/java/generated/target/apidocs/com/shinesolutions/swaggeraem4j/class-use/JSON.LocalDateTypeAdapter.html...
Generating /opt/workspace/java/generated/target/apidocs/com/shinesolutions/swaggeraem4j/class-use/JSON.SqlDateTypeAdapter.html...
Generating /opt/workspace/java/generated/target/apidocs/com/shinesolutions/swaggeraem4j/class-use/JSON.DateTypeAdapter.html...
Generating /opt/workspace/java/generated/target/apidocs/com/shinesolutions/swaggeraem4j/class-use/ApiResponse.html...
Generating /opt/workspace/java/generated/target/apidocs/com/shinesolutions/swaggeraem4j/class-use/Pair.html...
Generating /opt/workspace/java/generated/target/apidocs/com/shinesolutions/swaggeraem4j/class-use/ProgressResponseBody.html...
Generating /opt/workspace/java/generated/target/apidocs/com/shinesolutions/swaggeraem4j/class-use/ProgressResponseBody.ProgressListener.html...
Generating /opt/workspace/java/generated/target/apidocs/com/shinesolutions/swaggeraem4j/class-use/ApiException.html...
Generating /opt/workspace/java/generated/target/apidocs/com/shinesolutions/swaggeraem4j/class-use/ApiClient.html...
Generating /opt/workspace/java/generated/target/apidocs/com/shinesolutions/swaggeraem4j/auth/class-use/OAuthFlow.html...
Generating /opt/workspace/java/generated/target/apidocs/com/shinesolutions/swaggeraem4j/auth/class-use/Authentication.html...
Generating /opt/workspace/java/generated/target/apidocs/com/shinesolutions/swaggeraem4j/auth/class-use/OAuth.html...
Generating /opt/workspace/java/generated/target/apidocs/com/shinesolutions/swaggeraem4j/auth/class-use/ApiKeyAuth.html...
Generating /opt/workspace/java/generated/target/apidocs/com/shinesolutions/swaggeraem4j/auth/class-use/HttpBasicAuth.html...
Generating /opt/workspace/java/generated/target/apidocs/com/shinesolutions/swaggeraem4j/model/class-use/InstallStatus.html...
Generating /opt/workspace/java/generated/target/apidocs/com/shinesolutions/swaggeraem4j/model/class-use/SamlConfigurationPropertyItemsBoolean.html...
Generating /opt/workspace/java/generated/target/apidocs/com/shinesolutions/swaggeraem4j/model/class-use/KeystoreChainItems.html...
Generating /opt/workspace/java/generated/target/apidocs/com/shinesolutions/swaggeraem4j/model/class-use/InstallStatusStatus.html...
Generating /opt/workspace/java/generated/target/apidocs/com/shinesolutions/swaggeraem4j/model/class-use/SamlConfigurationPropertyItemsArray.html...
Generating /opt/workspace/java/generated/target/apidocs/com/shinesolutions/swaggeraem4j/model/class-use/SamlConfigurationPropertyItemsString.html...
Generating /opt/workspace/java/generated/target/apidocs/com/shinesolutions/swaggeraem4j/model/class-use/SamlConfigurationProperties.html...
Generating /opt/workspace/java/generated/target/apidocs/com/shinesolutions/swaggeraem4j/model/class-use/TruststoreInfo.html...
Generating /opt/workspace/java/generated/target/apidocs/com/shinesolutions/swaggeraem4j/model/class-use/KeystoreItems.html...
Generating /opt/workspace/java/generated/target/apidocs/com/shinesolutions/swaggeraem4j/model/class-use/TruststoreItems.html...
Generating /opt/workspace/java/generated/target/apidocs/com/shinesolutions/swaggeraem4j/model/class-use/SamlConfigurationPropertyItemsLong.html...
Generating /opt/workspace/java/generated/target/apidocs/com/shinesolutions/swaggeraem4j/model/class-use/SamlConfigurationInfo.html...
Generating /opt/workspace/java/generated/target/apidocs/com/shinesolutions/swaggeraem4j/model/class-use/KeystoreInfo.html...
Generating /opt/workspace/java/generated/target/apidocs/com/shinesolutions/swaggeraem4j/api/class-use/CqApi.html...
Generating /opt/workspace/java/generated/target/apidocs/com/shinesolutions/swaggeraem4j/api/class-use/SlingApi.html...
Generating /opt/workspace/java/generated/target/apidocs/com/shinesolutions/swaggeraem4j/api/class-use/CrxApi.html...
Generating /opt/workspace/java/generated/target/apidocs/com/shinesolutions/swaggeraem4j/api/class-use/CustomApi.html...
Generating /opt/workspace/java/generated/target/apidocs/com/shinesolutions/swaggeraem4j/api/class-use/ConsoleApi.html...
Generating /opt/workspace/java/generated/target/apidocs/com/shinesolutions/swaggeraem4j/package-use.html...
Generating /opt/workspace/java/generated/target/apidocs/com/shinesolutions/swaggeraem4j/api/package-use.html...
Generating /opt/workspace/java/generated/target/apidocs/com/shinesolutions/swaggeraem4j/auth/package-use.html...
Generating /opt/workspace/java/generated/target/apidocs/com/shinesolutions/swaggeraem4j/model/package-use.html...
Building index for all the packages and classes...
Generating /opt/workspace/java/generated/target/apidocs/overview-tree.html...
Generating /opt/workspace/java/generated/target/apidocs/index-all.html...
Generating /opt/workspace/java/generated/target/apidocs/deprecated-list.html...
Building index for all classes...
Generating /opt/workspace/java/generated/target/apidocs/allclasses-frame.html...
Generating /opt/workspace/java/generated/target/apidocs/allclasses-noframe.html...
Generating /opt/workspace/java/generated/target/apidocs/index.html...
Generating /opt/workspace/java/generated/target/apidocs/overview-summary.html...
Generating /opt/workspace/java/generated/target/apidocs/help-doc.html...
[[1;34mINFO[m] Building jar: /opt/workspace/java/generated/target/swaggeraem4j-0.10.0-javadoc.jar
[[1;34mINFO[m] 
[[1;34mINFO[m] [1m--- [0;32mmaven-source-plugin:2.2.1:jar-no-fork[m [1m(attach-sources)[m @ [36mswaggeraem4j[0;1m ---[m
[[1;34mINFO[m] 
[[1;34mINFO[m] [1m--- [0;32mmaven-install-plugin:2.4:install[m [1m(default-install)[m @ [36mswaggeraem4j[0;1m ---[m
Downloading: https://repo.maven.apache.org/maven2/org/codehaus/plexus/plexus-utils/3.0.5/plexus-utils-3.0.5.pom
Progress (1): 2.2/2.5 kBProgress (1): 2.5 kB                        Downloaded: https://repo.maven.apache.org/maven2/org/codehaus/plexus/plexus-utils/3.0.5/plexus-utils-3.0.5.pom (2.5 kB at 5.8 kB/s)
Downloading: https://repo.maven.apache.org/maven2/org/codehaus/plexus/plexus-digest/1.0/plexus-digest-1.0.pom
Progress (1): 1.1 kB                    Downloaded: https://repo.maven.apache.org/maven2/org/codehaus/plexus/plexus-digest/1.0/plexus-digest-1.0.pom (1.1 kB at 1.7 kB/s)
Downloading: https://repo.maven.apache.org/maven2/org/codehaus/plexus/plexus-components/1.1.7/plexus-components-1.1.7.pom
Progress (1): 2.2/5.0 kBProgress (1): 5.0 kB                        Downloaded: https://repo.maven.apache.org/maven2/org/codehaus/plexus/plexus-components/1.1.7/plexus-components-1.1.7.pom (5.0 kB at 11 kB/s)
Downloading: https://repo.maven.apache.org/maven2/org/codehaus/plexus/plexus-utils/3.0.5/plexus-utils-3.0.5.jar
Downloading: https://repo.maven.apache.org/maven2/org/codehaus/plexus/plexus-digest/1.0/plexus-digest-1.0.jar
Progress (1): 2.8/230 kBProgress (1): 5.5/230 kBProgress (1): 8.3/230 kBProgress (1): 11/230 kB Progress (1): 14/230 kBProgress (1): 16/230 kBProgress (1): 19/230 kBProgress (1): 22/230 kBProgress (1): 25/230 kBProgress (1): 27/230 kBProgress (1): 30/230 kBProgress (1): 33/230 kBProgress (1): 37/230 kBProgress (1): 41/230 kBProgress (1): 45/230 kBProgress (1): 49/230 kBProgress (1): 53/230 kBProgress (1): 57/230 kBProgress (1): 61/230 kBProgress (1): 63/230 kBProgress (1): 67/230 kBProgress (1): 71/230 kBProgress (1): 75/230 kBProgress (1): 79/230 kBProgress (1): 84/230 kBProgress (1): 88/230 kBProgress (1): 92/230 kBProgress (1): 96/230 kBProgress (1): 100/230 kBProgress (1): 104/230 kBProgress (1): 108/230 kBProgress (1): 112/230 kBProgress (1): 116/230 kBProgress (1): 120/230 kBProgress (1): 124/230 kBProgress (1): 129/230 kBProgress (1): 133/230 kBProgress (1): 137/230 kBProgress (1): 141/230 kBProgress (1): 145/230 kBProgress (1): 149/230 kBProgress (1): 153/230 kBProgress (1): 157/230 kBProgress (1): 161/230 kBProgress (1): 165/230 kBProgress (1): 170/230 kBProgress (1): 174/230 kBProgress (1): 178/230 kBProgress (2): 178/230 kB | 2.8/12 kBProgress (2): 178/230 kB | 5.5/12 kBProgress (2): 178/230 kB | 8.3/12 kBProgress (2): 182/230 kB | 8.3/12 kBProgress (2): 186/230 kB | 8.3/12 kBProgress (2): 190/230 kB | 8.3/12 kBProgress (2): 194/230 kB | 8.3/12 kBProgress (2): 198/230 kB | 8.3/12 kBProgress (2): 202/230 kB | 8.3/12 kBProgress (2): 206/230 kB | 8.3/12 kBProgress (2): 210/230 kB | 8.3/12 kBProgress (2): 215/230 kB | 8.3/12 kBProgress (2): 219/230 kB | 8.3/12 kBProgress (2): 223/230 kB | 8.3/12 kBProgress (2): 227/230 kB | 8.3/12 kBProgress (2): 230 kB | 8.3/12 kB    Progress (2): 230 kB | 11/12 kB Progress (2): 230 kB | 12 kB                               Downloaded: https://repo.maven.apache.org/maven2/org/codehaus/plexus/plexus-utils/3.0.5/plexus-utils-3.0.5.jar (230 kB at 197 kB/s)
Downloaded: https://repo.maven.apache.org/maven2/org/codehaus/plexus/plexus-digest/1.0/plexus-digest-1.0.jar (12 kB at 10 kB/s)
[[1;34mINFO[m] Installing /opt/workspace/java/generated/target/swaggeraem4j-0.10.0.jar to /root/.m2/repository/com/shinesolutions/swaggeraem4j/0.10.0/swaggeraem4j-0.10.0.jar
[[1;34mINFO[m] Installing /opt/workspace/java/generated/pom.xml to /root/.m2/repository/com/shinesolutions/swaggeraem4j/0.10.0/swaggeraem4j-0.10.0.pom
[[1;34mINFO[m] Installing /opt/workspace/java/generated/target/swaggeraem4j-0.10.0-tests.jar to /root/.m2/repository/com/shinesolutions/swaggeraem4j/0.10.0/swaggeraem4j-0.10.0-tests.jar
[[1;34mINFO[m] Installing /opt/workspace/java/generated/target/swaggeraem4j-0.10.0-javadoc.jar to /root/.m2/repository/com/shinesolutions/swaggeraem4j/0.10.0/swaggeraem4j-0.10.0-javadoc.jar
[[1;34mINFO[m] Installing /opt/workspace/java/generated/target/swaggeraem4j-0.10.0-sources.jar to /root/.m2/repository/com/shinesolutions/swaggeraem4j/0.10.0/swaggeraem4j-0.10.0-sources.jar
[[1;34mINFO[m] [1m------------------------------------------------------------------------[m
[[1;34mINFO[m] [1;32mBUILD SUCCESS[m
[[1;34mINFO[m] [1m------------------------------------------------------------------------[m
[[1;34mINFO[m] Total time: 19.692 s
[[1;34mINFO[m] Finished at: 2019-02-01T04:00:49Z
[[1;34mINFO[m] Final Memory: 22M/183M
[[1;34mINFO[m] [1m------------------------------------------------------------------------[m
