[[1;34mINFO[m] Scanning for projects...
[[1;33mWARNING[m] The project com.shinesolutions:swaggeraem4j:jar:0.10.0 uses prerequisites which is only intended for maven-plugin projects but not for non maven-plugin projects. For such purposes you should use the maven-enforcer-plugin. See https://maven.apache.org/enforcer/enforcer-rules/requireMavenVersion.html
[[1;34mINFO[m] 
[[1;34mINFO[m] [1m------------------------------------------------------------------------[m
[[1;34mINFO[m] [1mBuilding swaggeraem4j 0.10.0[m
[[1;34mINFO[m] [1m------------------------------------------------------------------------[m
Downloading: https://repo.maven.apache.org/maven2/org/apache/maven/plugins/maven-jar-plugin/2.2/maven-jar-plugin-2.2.pom
Progress (1): 2.2/8.6 kBProgress (1): 5.0/8.6 kBProgress (1): 7.8/8.6 kBProgress (1): 8.6 kB                        Downloaded: https://repo.maven.apache.org/maven2/org/apache/maven/plugins/maven-jar-plugin/2.2/maven-jar-plugin-2.2.pom (8.6 kB at 5.9 kB/s)
Downloading: https://repo.maven.apache.org/maven2/org/apache/maven/plugins/maven-plugins/10/maven-plugins-10.pom
Progress (1): 2.2/7.5 kBProgress (1): 5.0/7.5 kBProgress (1): 7.5 kB                        Downloaded: https://repo.maven.apache.org/maven2/org/apache/maven/plugins/maven-plugins/10/maven-plugins-10.pom (7.5 kB at 10 kB/s)
Downloading: https://repo.maven.apache.org/maven2/org/apache/maven/plugins/maven-jar-plugin/2.2/maven-jar-plugin-2.2.jar
Progress (1): 2.2/27 kBProgress (1): 5.0/27 kBProgress (1): 7.7/27 kBProgress (1): 10/27 kB Progress (1): 13/27 kBProgress (1): 16/27 kBProgress (1): 19/27 kBProgress (1): 21/27 kBProgress (1): 24/27 kBProgress (1): 27 kB                      Downloaded: https://repo.maven.apache.org/maven2/org/apache/maven/plugins/maven-jar-plugin/2.2/maven-jar-plugin-2.2.jar (27 kB at 45 kB/s)
Downloading: https://repo.maven.apache.org/maven2/org/apache/maven/plugins/maven-javadoc-plugin/2.10.4/maven-javadoc-plugin-2.10.4.pom
Progress (1): 2.2/16 kBProgress (1): 5.0/16 kBProgress (1): 7.8/16 kBProgress (1): 11/16 kB Progress (1): 13/16 kBProgress (1): 16 kB                      Downloaded: https://repo.maven.apache.org/maven2/org/apache/maven/plugins/maven-javadoc-plugin/2.10.4/maven-javadoc-plugin-2.10.4.pom (16 kB at 33 kB/s)
Downloading: https://repo.maven.apache.org/maven2/org/apache/maven/plugins/maven-javadoc-plugin/2.10.4/maven-javadoc-plugin-2.10.4.jar
Progress (1): 2.2/415 kBProgress (1): 5.0/415 kBProgress (1): 7.7/415 kBProgress (1): 10/415 kB Progress (1): 13/415 kBProgress (1): 16/415 kBProgress (1): 19/415 kBProgress (1): 21/415 kBProgress (1): 24/415 kBProgress (1): 27/415 kBProgress (1): 30/415 kBProgress (1): 32/415 kBProgress (1): 36/415 kBProgress (1): 40/415 kBProgress (1): 45/415 kBProgress (1): 49/415 kBProgress (1): 53/415 kBProgress (1): 57/415 kBProgress (1): 61/415 kBProgress (1): 65/415 kBProgress (1): 69/415 kBProgress (1): 73/415 kBProgress (1): 77/415 kBProgress (1): 81/415 kBProgress (1): 85/415 kBProgress (1): 90/415 kBProgress (1): 94/415 kBProgress (1): 98/415 kBProgress (1): 102/415 kBProgress (1): 106/415 kBProgress (1): 110/415 kBProgress (1): 114/415 kBProgress (1): 118/415 kBProgress (1): 122/415 kBProgress (1): 126/415 kBProgress (1): 131/415 kBProgress (1): 135/415 kBProgress (1): 139/415 kBProgress (1): 143/415 kBProgress (1): 147/415 kBProgress (1): 151/415 kBProgress (1): 155/415 kBProgress (1): 159/415 kBProgress (1): 163/415 kBProgress (1): 167/415 kBProgress (1): 171/415 kBProgress (1): 176/415 kBProgress (1): 180/415 kBProgress (1): 184/415 kBProgress (1): 188/415 kBProgress (1): 192/415 kBProgress (1): 196/415 kBProgress (1): 200/415 kBProgress (1): 204/415 kBProgress (1): 208/415 kBProgress (1): 212/415 kBProgress (1): 217/415 kBProgress (1): 221/415 kBProgress (1): 225/415 kBProgress (1): 229/415 kBProgress (1): 233/415 kBProgress (1): 237/415 kBProgress (1): 241/415 kBProgress (1): 245/415 kBProgress (1): 249/415 kBProgress (1): 253/415 kBProgress (1): 258/415 kBProgress (1): 262/415 kBProgress (1): 266/415 kBProgress (1): 270/415 kBProgress (1): 274/415 kBProgress (1): 278/415 kBProgress (1): 282/415 kBProgress (1): 286/415 kBProgress (1): 290/415 kBProgress (1): 294/415 kBProgress (1): 298/415 kBProgress (1): 303/415 kBProgress (1): 307/415 kBProgress (1): 311/415 kBProgress (1): 315/415 kBProgress (1): 319/415 kBProgress (1): 323/415 kBProgress (1): 327/415 kBProgress (1): 331/415 kBProgress (1): 335/415 kBProgress (1): 339/415 kBProgress (1): 344/415 kBProgress (1): 348/415 kBProgress (1): 352/415 kBProgress (1): 356/415 kBProgress (1): 360/415 kBProgress (1): 364/415 kBProgress (1): 368/415 kBProgress (1): 372/415 kBProgress (1): 376/415 kBProgress (1): 380/415 kBProgress (1): 384/415 kBProgress (1): 389/415 kBProgress (1): 393/415 kBProgress (1): 397/415 kBProgress (1): 401/415 kBProgress (1): 405/415 kBProgress (1): 409/415 kBProgress (1): 413/415 kBProgress (1): 415 kB                        Downloaded: https://repo.maven.apache.org/maven2/org/apache/maven/plugins/maven-javadoc-plugin/2.10.4/maven-javadoc-plugin-2.10.4.jar (415 kB at 188 kB/s)
Downloading: https://repo.maven.apache.org/maven2/org/apache/maven/plugins/maven-source-plugin/2.2.1/maven-source-plugin-2.2.1.pom
Progress (1): 2.2/6.7 kBProgress (1): 5.0/6.7 kBProgress (1): 6.7 kB                        Downloaded: https://repo.maven.apache.org/maven2/org/apache/maven/plugins/maven-source-plugin/2.2.1/maven-source-plugin-2.2.1.pom (6.7 kB at 13 kB/s)
Downloading: https://repo.maven.apache.org/maven2/org/apache/maven/plugins/maven-source-plugin/2.2.1/maven-source-plugin-2.2.1.jar
Progress (1): 2.2/30 kBProgress (1): 5.0/30 kBProgress (1): 7.7/30 kBProgress (1): 10/30 kB Progress (1): 13/30 kBProgress (1): 16/30 kBProgress (1): 19/30 kBProgress (1): 21/30 kBProgress (1): 24/30 kBProgress (1): 27/30 kBProgress (1): 30/30 kBProgress (1): 30 kB                      Downloaded: https://repo.maven.apache.org/maven2/org/apache/maven/plugins/maven-source-plugin/2.2.1/maven-source-plugin-2.2.1.jar (30 kB at 10 kB/s)
Downloading: https://repo.maven.apache.org/maven2/org/codehaus/mojo/build-helper-maven-plugin/1.10/build-helper-maven-plugin-1.10.pom
Progress (1): 2.8/5.8 kBProgress (1): 5.5/5.8 kBProgress (1): 5.8 kB                        Downloaded: https://repo.maven.apache.org/maven2/org/codehaus/mojo/build-helper-maven-plugin/1.10/build-helper-maven-plugin-1.10.pom (5.8 kB at 15 kB/s)
Downloading: https://repo.maven.apache.org/maven2/org/codehaus/mojo/build-helper-maven-plugin/1.10/build-helper-maven-plugin-1.10.jar
Progress (1): 2.8/51 kBProgress (1): 5.5/51 kBProgress (1): 8.3/51 kBProgress (1): 11/51 kB Progress (1): 14/51 kBProgress (1): 16/51 kBProgress (1): 19/51 kBProgress (1): 22/51 kBProgress (1): 25/51 kBProgress (1): 27/51 kBProgress (1): 30/51 kBProgress (1): 33/51 kBProgress (1): 37/51 kBProgress (1): 41/51 kBProgress (1): 45/51 kBProgress (1): 49/51 kBProgress (1): 51 kB                      Downloaded: https://repo.maven.apache.org/maven2/org/codehaus/mojo/build-helper-maven-plugin/1.10/build-helper-maven-plugin-1.10.jar (51 kB at 50 kB/s)
Downloading: https://repo.maven.apache.org/maven2/org/apache/maven/plugins/maven-compiler-plugin/3.1/maven-compiler-plugin-3.1.pom
Progress (1): 2.2/10 kBProgress (1): 5.0/10 kBProgress (1): 6.5/10 kBProgress (1): 9.3/10 kBProgress (1): 10 kB                       Downloaded: https://repo.maven.apache.org/maven2/org/apache/maven/plugins/maven-compiler-plugin/3.1/maven-compiler-plugin-3.1.pom (10 kB at 15 kB/s)
Downloading: https://repo.maven.apache.org/maven2/org/apache/maven/plugins/maven-compiler-plugin/3.1/maven-compiler-plugin-3.1.jar
Progress (1): 2.8/43 kBProgress (1): 5.5/43 kBProgress (1): 8.3/43 kBProgress (1): 11/43 kB Progress (1): 14/43 kBProgress (1): 16/43 kBProgress (1): 19/43 kBProgress (1): 22/43 kBProgress (1): 25/43 kBProgress (1): 27/43 kBProgress (1): 30/43 kBProgress (1): 33/43 kBProgress (1): 37/43 kBProgress (1): 41/43 kBProgress (1): 43 kB                      Downloaded: https://repo.maven.apache.org/maven2/org/apache/maven/plugins/maven-compiler-plugin/3.1/maven-compiler-plugin-3.1.jar (43 kB at 53 kB/s)
[[1;34mINFO[m] 
[[1;34mINFO[m] [1m--- [0;32mbuild-helper-maven-plugin:1.10:add-source[m [1m(add_sources)[m @ [36mswaggeraem4j[0;1m ---[m
[[1;34mINFO[m] Source directory: /opt/workspace/java/generated/src/main/java added.
[[1;34mINFO[m] 
[[1;34mINFO[m] [1m--- [0;32mmaven-resources-plugin:2.6:resources[m [1m(default-resources)[m @ [36mswaggeraem4j[0;1m ---[m
[[1;34mINFO[m] Using 'UTF-8' encoding to copy filtered resources.
[[1;34mINFO[m] skip non existing resourceDirectory /opt/workspace/java/generated/src/main/resources
[[1;34mINFO[m] 
[[1;34mINFO[m] [1m--- [0;32mmaven-compiler-plugin:3.1:compile[m [1m(default-compile)[m @ [36mswaggeraem4j[0;1m ---[m
Downloading: https://repo.maven.apache.org/maven2/org/apache/maven/maven-toolchain/1.0/maven-toolchain-1.0.pom
Progress (1): 2.8/3.4 kBProgress (1): 3.4 kB                        Downloaded: https://repo.maven.apache.org/maven2/org/apache/maven/maven-toolchain/1.0/maven-toolchain-1.0.pom (3.4 kB at 8.7 kB/s)
Downloading: https://repo.maven.apache.org/maven2/org/codehaus/plexus/plexus-compiler-api/2.2/plexus-compiler-api-2.2.pom
Progress (1): 865 B                   Downloaded: https://repo.maven.apache.org/maven2/org/codehaus/plexus/plexus-compiler-api/2.2/plexus-compiler-api-2.2.pom (865 B at 1.9 kB/s)
Downloading: https://repo.maven.apache.org/maven2/org/codehaus/plexus/plexus-compiler/2.2/plexus-compiler-2.2.pom
Progress (1): 2.2/3.6 kBProgress (1): 3.6 kB                        Downloaded: https://repo.maven.apache.org/maven2/org/codehaus/plexus/plexus-compiler/2.2/plexus-compiler-2.2.pom (3.6 kB at 6.2 kB/s)
Downloading: https://repo.maven.apache.org/maven2/org/codehaus/plexus/plexus-compiler-manager/2.2/plexus-compiler-manager-2.2.pom
Progress (1): 690 B                   Downloaded: https://repo.maven.apache.org/maven2/org/codehaus/plexus/plexus-compiler-manager/2.2/plexus-compiler-manager-2.2.pom (690 B at 1.7 kB/s)
Downloading: https://repo.maven.apache.org/maven2/org/codehaus/plexus/plexus-compiler-javac/2.2/plexus-compiler-javac-2.2.pom
Progress (1): 769 B                   Downloaded: https://repo.maven.apache.org/maven2/org/codehaus/plexus/plexus-compiler-javac/2.2/plexus-compiler-javac-2.2.pom (769 B at 1.2 kB/s)
Downloading: https://repo.maven.apache.org/maven2/org/codehaus/plexus/plexus-compilers/2.2/plexus-compilers-2.2.pom
Progress (1): 1.2 kB                    Downloaded: https://repo.maven.apache.org/maven2/org/codehaus/plexus/plexus-compilers/2.2/plexus-compilers-2.2.pom (1.2 kB at 2.5 kB/s)
Downloading: https://repo.maven.apache.org/maven2/org/codehaus/plexus/plexus-utils/1.5.1/plexus-utils-1.5.1.jar
Downloading: https://repo.maven.apache.org/maven2/org/apache/maven/maven-toolchain/1.0/maven-toolchain-1.0.jar
Downloading: https://repo.maven.apache.org/maven2/org/apache/maven/shared/maven-shared-utils/0.1/maven-shared-utils-0.1.jar
Downloading: https://repo.maven.apache.org/maven2/org/codehaus/plexus/plexus-compiler-api/2.2/plexus-compiler-api-2.2.jar
Downloading: https://repo.maven.apache.org/maven2/org/codehaus/plexus/plexus-compiler-manager/2.2/plexus-compiler-manager-2.2.jar
Progress (1): 2.8/33 kBProgress (1): 5.5/33 kBProgress (1): 8.3/33 kBProgress (1): 11/33 kB Progress (1): 14/33 kBProgress (1): 16/33 kBProgress (1): 19/33 kBProgress (1): 22/33 kBProgress (1): 25/33 kBProgress (1): 27/33 kBProgress (1): 30/33 kBProgress (1): 33/33 kBProgress (1): 33 kB   Progress (2): 33 kB | 2.2/4.6 kBProgress (2): 33 kB | 4.6 kB                                Downloaded: https://repo.maven.apache.org/maven2/org/apache/maven/maven-toolchain/1.0/maven-toolchain-1.0.jar (33 kB at 43 kB/s)
Downloading: https://repo.maven.apache.org/maven2/org/codehaus/plexus/plexus-compiler-javac/2.2/plexus-compiler-javac-2.2.jar
Progress (2): 4.6 kB | 2.2/211 kBProgress (3): 4.6 kB | 2.2/211 kB | 2.2/25 kBProgress (3): 4.6 kB | 5.0/211 kB | 2.2/25 kBProgress (3): 4.6 kB | 5.0/211 kB | 5.0/25 kBProgress (3): 4.6 kB | 5.0/211 kB | 7.7/25 kBProgress (3): 4.6 kB | 7.7/211 kB | 7.7/25 kBProgress (3): 4.6 kB | 10/211 kB | 7.7/25 kB Progress (3): 4.6 kB | 13/211 kB | 7.7/25 kBProgress (3): 4.6 kB | 16/211 kB | 7.7/25 kBProgress (3): 4.6 kB | 19/211 kB | 7.7/25 kBProgress (3): 4.6 kB | 21/211 kB | 7.7/25 kBProgress (3): 4.6 kB | 24/211 kB | 7.7/25 kBProgress (3): 4.6 kB | 24/211 kB | 10/25 kB Progress (3): 4.6 kB | 27/211 kB | 10/25 kBProgress (3): 4.6 kB | 27/211 kB | 13/25 kBProgress (3): 4.6 kB | 27/211 kB | 16/25 kBProgress (3): 4.6 kB | 27/211 kB | 19/25 kBProgress (3): 4.6 kB | 27/211 kB | 21/25 kBProgress (3): 4.6 kB | 27/211 kB | 24/25 kBProgress (3): 4.6 kB | 27/211 kB | 25 kB   Progress (3): 4.6 kB | 30/211 kB | 25 kBProgress (4): 4.6 kB | 30/211 kB | 25 kB | 2.8/19 kBProgress (4): 4.6 kB | 30/211 kB | 25 kB | 5.5/19 kBProgress (4): 4.6 kB | 32/211 kB | 25 kB | 5.5/19 kB                                                    Downloaded: https://repo.maven.apache.org/maven2/org/codehaus/plexus/plexus-compiler-manager/2.2/plexus-compiler-manager-2.2.jar (4.6 kB at 4.6 kB/s)
Downloading: https://repo.maven.apache.org/maven2/org/codehaus/plexus/plexus-container-default/1.5.5/plexus-container-default-1.5.5.jar
Progress (3): 32/211 kB | 25 kB | 8.3/19 kBProgress (4): 32/211 kB | 25 kB | 8.3/19 kB | 2.2/155 kBProgress (4): 32/211 kB | 25 kB | 8.3/19 kB | 5.0/155 kBProgress (4): 32/211 kB | 25 kB | 8.3/19 kB | 7.7/155 kBProgress (4): 36/211 kB | 25 kB | 8.3/19 kB | 7.7/155 kBProgress (4): 40/211 kB | 25 kB | 8.3/19 kB | 7.7/155 kBProgress (4): 45/211 kB | 25 kB | 8.3/19 kB | 7.7/155 kBProgress (4): 49/211 kB | 25 kB | 8.3/19 kB | 7.7/155 kBProgress (4): 53/211 kB | 25 kB | 8.3/19 kB | 7.7/155 kBProgress (4): 57/211 kB | 25 kB | 8.3/19 kB | 7.7/155 kBProgress (4): 61/211 kB | 25 kB | 8.3/19 kB | 7.7/155 kBProgress (4): 65/211 kB | 25 kB | 8.3/19 kB | 7.7/155 kB                                                        Downloaded: https://repo.maven.apache.org/maven2/org/codehaus/plexus/plexus-compiler-api/2.2/plexus-compiler-api-2.2.jar (25 kB at 21 kB/s)
Downloading: https://repo.maven.apache.org/maven2/org/codehaus/plexus/plexus-classworlds/2.2.2/plexus-classworlds-2.2.2.jar
Progress (3): 65/211 kB | 11/19 kB | 7.7/155 kBProgress (3): 65/211 kB | 14/19 kB | 7.7/155 kBProgress (3): 65/211 kB | 16/19 kB | 7.7/155 kBProgress (3): 65/211 kB | 19 kB | 7.7/155 kB   Progress (3): 69/211 kB | 19 kB | 7.7/155 kBProgress (4): 69/211 kB | 19 kB | 7.7/155 kB | 2.2/217 kBProgress (4): 73/211 kB | 19 kB | 7.7/155 kB | 2.2/217 kBProgress (4): 77/211 kB | 19 kB | 7.7/155 kB | 2.2/217 kBProgress (4): 81/211 kB | 19 kB | 7.7/155 kB | 2.2/217 kBProgress (4): 81/211 kB | 19 kB | 7.7/155 kB | 5.0/217 kBProgress (4): 81/211 kB | 19 kB | 7.7/155 kB | 7.7/217 kBProgress (4): 81/211 kB | 19 kB | 7.7/155 kB | 10/217 kB Progress (4): 81/211 kB | 19 kB | 7.7/155 kB | 13/217 kBProgress (4): 81/211 kB | 19 kB | 7.7/155 kB | 16/217 kBProgress (4): 81/211 kB | 19 kB | 7.7/155 kB | 19/217 kBProgress (4): 81/211 kB | 19 kB | 7.7/155 kB | 21/217 kBProgress (4): 81/211 kB | 19 kB | 7.7/155 kB | 24/217 kBProgress (4): 81/211 kB | 19 kB | 7.7/155 kB | 27/217 kBProgress (4): 81/211 kB | 19 kB | 7.7/155 kB | 30/217 kBProgress (4): 85/211 kB | 19 kB | 7.7/155 kB | 30/217 kBProgress (4): 90/211 kB | 19 kB | 7.7/155 kB | 30/217 kBProgress (4): 94/211 kB | 19 kB | 7.7/155 kB | 30/217 kBProgress (4): 98/211 kB | 19 kB | 7.7/155 kB | 30/217 kBProgress (4): 98/211 kB | 19 kB | 10/155 kB | 30/217 kB Progress (4): 98/211 kB | 19 kB | 13/155 kB | 30/217 kBProgress (4): 98/211 kB | 19 kB | 16/155 kB | 30/217 kBProgress (4): 98/211 kB | 19 kB | 19/155 kB | 30/217 kBProgress (4): 98/211 kB | 19 kB | 21/155 kB | 30/217 kBProgress (4): 98/211 kB | 19 kB | 24/155 kB | 30/217 kBProgress (4): 98/211 kB | 19 kB | 27/155 kB | 30/217 kBProgress (4): 98/211 kB | 19 kB | 30/155 kB | 30/217 kBProgress (4): 98/211 kB | 19 kB | 32/155 kB | 30/217 kBProgress (4): 102/211 kB | 19 kB | 32/155 kB | 30/217 kBProgress (4): 106/211 kB | 19 kB | 32/155 kB | 30/217 kBProgress (4): 110/211 kB | 19 kB | 32/155 kB | 30/217 kBProgress (4): 114/211 kB | 19 kB | 32/155 kB | 30/217 kBProgress (4): 118/211 kB | 19 kB | 32/155 kB | 30/217 kBProgress (4): 122/211 kB | 19 kB | 32/155 kB | 30/217 kBProgress (4): 126/211 kB | 19 kB | 32/155 kB | 30/217 kBProgress (4): 131/211 kB | 19 kB | 32/155 kB | 30/217 kBProgress (5): 131/211 kB | 19 kB | 32/155 kB | 30/217 kB | 2.2/46 kBProgress (5): 131/211 kB | 19 kB | 32/155 kB | 30/217 kB | 2.6/46 kBProgress (5): 131/211 kB | 19 kB | 32/155 kB | 30/217 kB | 5.4/46 kBProgress (5): 131/211 kB | 19 kB | 32/155 kB | 30/217 kB | 8.2/46 kBProgress (5): 131/211 kB | 19 kB | 32/155 kB | 30/217 kB | 11/46 kB Progress (5): 131/211 kB | 19 kB | 32/155 kB | 30/217 kB | 14/46 kBProgress (5): 131/211 kB | 19 kB | 32/155 kB | 30/217 kB | 16/46 kBProgress (5): 131/211 kB | 19 kB | 32/155 kB | 30/217 kB | 19/46 kBProgress (5): 131/211 kB | 19 kB | 32/155 kB | 30/217 kB | 22/46 kBProgress (5): 131/211 kB | 19 kB | 32/155 kB | 30/217 kB | 25/46 kBProgress (5): 131/211 kB | 19 kB | 32/155 kB | 30/217 kB | 27/46 kBProgress (5): 135/211 kB | 19 kB | 32/155 kB | 30/217 kB | 27/46 kBProgress (5): 139/211 kB | 19 kB | 32/155 kB | 30/217 kB | 27/46 kBProgress (5): 143/211 kB | 19 kB | 32/155 kB | 30/217 kB | 27/46 kBProgress (5): 147/211 kB | 19 kB | 32/155 kB | 30/217 kB | 27/46 kBProgress (5): 151/211 kB | 19 kB | 32/155 kB | 30/217 kB | 27/46 kBProgress (5): 155/211 kB | 19 kB | 32/155 kB | 30/217 kB | 27/46 kBProgress (5): 159/211 kB | 19 kB | 32/155 kB | 30/217 kB | 27/46 kBProgress (5): 163/211 kB | 19 kB | 32/155 kB | 30/217 kB | 27/46 kBProgress (5): 167/211 kB | 19 kB | 32/155 kB | 30/217 kB | 27/46 kBProgress (5): 171/211 kB | 19 kB | 32/155 kB | 30/217 kB | 27/46 kBProgress (5): 176/211 kB | 19 kB | 32/155 kB | 30/217 kB | 27/46 kBProgress (5): 180/211 kB | 19 kB | 32/155 kB | 30/217 kB | 27/46 kB                                                                   Downloaded: https://repo.maven.apache.org/maven2/org/codehaus/plexus/plexus-compiler-javac/2.2/plexus-compiler-javac-2.2.jar (19 kB at 14 kB/s)
Downloading: https://repo.maven.apache.org/maven2/org/apache/xbean/xbean-reflect/3.4/xbean-reflect-3.4.jar
Progress (4): 180/211 kB | 32/155 kB | 32/217 kB | 27/46 kBProgress (4): 180/211 kB | 32/155 kB | 36/217 kB | 27/46 kBProgress (4): 180/211 kB | 32/155 kB | 40/217 kB | 27/46 kBProgress (4): 180/211 kB | 32/155 kB | 45/217 kB | 27/46 kBProgress (4): 180/211 kB | 32/155 kB | 49/217 kB | 27/46 kBProgress (4): 180/211 kB | 32/155 kB | 53/217 kB | 27/46 kBProgress (4): 180/211 kB | 32/155 kB | 57/217 kB | 27/46 kBProgress (4): 180/211 kB | 32/155 kB | 61/217 kB | 27/46 kBProgress (4): 180/211 kB | 32/155 kB | 65/217 kB | 27/46 kBProgress (4): 184/211 kB | 32/155 kB | 65/217 kB | 27/46 kBProgress (4): 188/211 kB | 32/155 kB | 65/217 kB | 27/46 kBProgress (4): 192/211 kB | 32/155 kB | 65/217 kB | 27/46 kBProgress (4): 196/211 kB | 32/155 kB | 65/217 kB | 27/46 kBProgress (4): 200/211 kB | 32/155 kB | 65/217 kB | 27/46 kBProgress (4): 204/211 kB | 32/155 kB | 65/217 kB | 27/46 kBProgress (4): 208/211 kB | 32/155 kB | 65/217 kB | 27/46 kBProgress (4): 211 kB | 32/155 kB | 65/217 kB | 27/46 kB    Progress (4): 211 kB | 36/155 kB | 65/217 kB | 27/46 kBProgress (4): 211 kB | 40/155 kB | 65/217 kB | 27/46 kBProgress (4): 211 kB | 45/155 kB | 65/217 kB | 27/46 kBProgress (4): 211 kB | 49/155 kB | 65/217 kB | 27/46 kBProgress (4): 211 kB | 53/155 kB | 65/217 kB | 27/46 kBProgress (4): 211 kB | 57/155 kB | 65/217 kB | 27/46 kBProgress (4): 211 kB | 61/155 kB | 65/217 kB | 27/46 kBProgress (4): 211 kB | 65/155 kB | 65/217 kB | 27/46 kBProgress (4): 211 kB | 69/155 kB | 65/217 kB | 27/46 kBProgress (4): 211 kB | 73/155 kB | 65/217 kB | 27/46 kBProgress (4): 211 kB | 77/155 kB | 65/217 kB | 27/46 kBProgress (4): 211 kB | 81/155 kB | 65/217 kB | 27/46 kBProgress (4): 211 kB | 81/155 kB | 65/217 kB | 30/46 kBProgress (4): 211 kB | 81/155 kB | 65/217 kB | 33/46 kBProgress (4): 211 kB | 81/155 kB | 65/217 kB | 35/46 kBProgress (4): 211 kB | 81/155 kB | 65/217 kB | 40/46 kBProgress (4): 211 kB | 81/155 kB | 65/217 kB | 44/46 kBProgress (4): 211 kB | 81/155 kB | 65/217 kB | 46 kB   Progress (5): 211 kB | 81/155 kB | 65/217 kB | 46 kB | 2.8/134 kBProgress (5): 211 kB | 81/155 kB | 65/217 kB | 46 kB | 5.5/134 kBProgress (5): 211 kB | 81/155 kB | 69/217 kB | 46 kB | 5.5/134 kBProgress (5): 211 kB | 81/155 kB | 73/217 kB | 46 kB | 5.5/134 kBProgress (5): 211 kB | 81/155 kB | 77/217 kB | 46 kB | 5.5/134 kBProgress (5): 211 kB | 81/155 kB | 81/217 kB | 46 kB | 5.5/134 kBProgress (5): 211 kB | 81/155 kB | 85/217 kB | 46 kB | 5.5/134 kBProgress (5): 211 kB | 81/155 kB | 90/217 kB | 46 kB | 5.5/134 kBProgress (5): 211 kB | 81/155 kB | 94/217 kB | 46 kB | 5.5/134 kBProgress (5): 211 kB | 81/155 kB | 98/217 kB | 46 kB | 5.5/134 kBProgress (5): 211 kB | 81/155 kB | 98/217 kB | 46 kB | 8.3/134 kBProgress (5): 211 kB | 81/155 kB | 98/217 kB | 46 kB | 11/134 kB Progress (5): 211 kB | 81/155 kB | 98/217 kB | 46 kB | 14/134 kBProgress (5): 211 kB | 81/155 kB | 98/217 kB | 46 kB | 16/134 kBProgress (5): 211 kB | 81/155 kB | 98/217 kB | 46 kB | 19/134 kBProgress (5): 211 kB | 81/155 kB | 98/217 kB | 46 kB | 22/134 kBProgress (5): 211 kB | 81/155 kB | 98/217 kB | 46 kB | 25/134 kBProgress (5): 211 kB | 81/155 kB | 102/217 kB | 46 kB | 25/134 kBProgress (5): 211 kB | 81/155 kB | 106/217 kB | 46 kB | 25/134 kBProgress (5): 211 kB | 81/155 kB | 110/217 kB | 46 kB | 25/134 kBProgress (5): 211 kB | 81/155 kB | 114/217 kB | 46 kB | 25/134 kB                                                                 Downloaded: https://repo.maven.apache.org/maven2/org/codehaus/plexus/plexus-utils/1.5.1/plexus-utils-1.5.1.jar (211 kB at 124 kB/s)
Progress (4): 85/155 kB | 114/217 kB | 46 kB | 25/134 kBProgress (4): 90/155 kB | 114/217 kB | 46 kB | 25/134 kBProgress (4): 94/155 kB | 114/217 kB | 46 kB | 25/134 kBProgress (4): 98/155 kB | 114/217 kB | 46 kB | 25/134 kB                                                        Downloading: https://repo.maven.apache.org/maven2/log4j/log4j/1.2.12/log4j-1.2.12.jar
Progress (4): 102/155 kB | 114/217 kB | 46 kB | 25/134 kBProgress (4): 106/155 kB | 114/217 kB | 46 kB | 25/134 kBProgress (4): 110/155 kB | 114/217 kB | 46 kB | 25/134 kBProgress (4): 114/155 kB | 114/217 kB | 46 kB | 25/134 kBProgress (4): 118/155 kB | 114/217 kB | 46 kB | 25/134 kBProgress (4): 122/155 kB | 114/217 kB | 46 kB | 25/134 kBProgress (4): 126/155 kB | 114/217 kB | 46 kB | 25/134 kBProgress (4): 131/155 kB | 114/217 kB | 46 kB | 25/134 kBProgress (4): 135/155 kB | 114/217 kB | 46 kB | 25/134 kBProgress (4): 139/155 kB | 114/217 kB | 46 kB | 25/134 kBProgress (4): 143/155 kB | 114/217 kB | 46 kB | 25/134 kBProgress (4): 147/155 kB | 114/217 kB | 46 kB | 25/134 kBProgress (4): 151/155 kB | 114/217 kB | 46 kB | 25/134 kB                                                         Downloaded: https://repo.maven.apache.org/maven2/org/codehaus/plexus/plexus-classworlds/2.2.2/plexus-classworlds-2.2.2.jar (46 kB at 26 kB/s)
Downloading: https://repo.maven.apache.org/maven2/commons-logging/commons-logging-api/1.1/commons-logging-api-1.1.jar
Progress (3): 155 kB | 114/217 kB | 25/134 kBProgress (3): 155 kB | 114/217 kB | 27/134 kBProgress (3): 155 kB | 114/217 kB | 30/134 kBProgress (3): 155 kB | 114/217 kB | 33/134 kBProgress (3): 155 kB | 114/217 kB | 37/134 kBProgress (3): 155 kB | 114/217 kB | 41/134 kBProgress (3): 155 kB | 114/217 kB | 45/134 kBProgress (3): 155 kB | 114/217 kB | 49/134 kBProgress (3): 155 kB | 114/217 kB | 53/134 kBProgress (3): 155 kB | 114/217 kB | 57/134 kBProgress (3): 155 kB | 114/217 kB | 61/134 kBProgress (3): 155 kB | 114/217 kB | 66/134 kBProgress (3): 155 kB | 118/217 kB | 66/134 kBProgress (3): 155 kB | 122/217 kB | 66/134 kBProgress (3): 155 kB | 126/217 kB | 66/134 kBProgress (3): 155 kB | 131/217 kB | 66/134 kBProgress (3): 155 kB | 135/217 kB | 66/134 kBProgress (3): 155 kB | 139/217 kB | 66/134 kBProgress (3): 155 kB | 143/217 kB | 66/134 kBProgress (3): 155 kB | 147/217 kB | 66/134 kBProgress (3): 155 kB | 147/217 kB | 70/134 kBProgress (3): 155 kB | 147/217 kB | 74/134 kBProgress (3): 155 kB | 147/217 kB | 78/134 kBProgress (3): 155 kB | 147/217 kB | 82/134 kBProgress (3): 155 kB | 151/217 kB | 82/134 kBProgress (3): 155 kB | 155/217 kB | 82/134 kBProgress (3): 155 kB | 159/217 kB | 82/134 kBProgress (3): 155 kB | 163/217 kB | 82/134 kBProgress (4): 155 kB | 163/217 kB | 82/134 kB | 4.1/358 kBProgress (4): 155 kB | 163/217 kB | 82/134 kB | 7.7/358 kBProgress (4): 155 kB | 163/217 kB | 82/134 kB | 12/358 kB Progress (4): 155 kB | 163/217 kB | 82/134 kB | 16/358 kBProgress (4): 155 kB | 163/217 kB | 82/134 kB | 20/358 kBProgress (4): 155 kB | 163/217 kB | 82/134 kB | 24/358 kBProgress (4): 155 kB | 163/217 kB | 82/134 kB | 28/358 kBProgress (4): 155 kB | 163/217 kB | 82/134 kB | 32/358 kBProgress (4): 155 kB | 163/217 kB | 82/134 kB | 36/358 kBProgress (4): 155 kB | 163/217 kB | 82/134 kB | 40/358 kBProgress (4): 155 kB | 163/217 kB | 82/134 kB | 45/358 kBProgress (4): 155 kB | 163/217 kB | 82/134 kB | 49/358 kBProgress (4): 155 kB | 163/217 kB | 82/134 kB | 53/358 kBProgress (4): 155 kB | 163/217 kB | 82/134 kB | 57/358 kBProgress (4): 155 kB | 163/217 kB | 82/134 kB | 61/358 kBProgress (4): 155 kB | 163/217 kB | 82/134 kB | 65/358 kBProgress (4): 155 kB | 163/217 kB | 82/134 kB | 69/358 kBProgress (4): 155 kB | 163/217 kB | 82/134 kB | 73/358 kBProgress (4): 155 kB | 163/217 kB | 82/134 kB | 77/358 kBProgress (4): 155 kB | 163/217 kB | 82/134 kB | 81/358 kBProgress (4): 155 kB | 163/217 kB | 82/134 kB | 85/358 kBProgress (4): 155 kB | 163/217 kB | 82/134 kB | 90/358 kBProgress (4): 155 kB | 163/217 kB | 82/134 kB | 94/358 kBProgress (4): 155 kB | 163/217 kB | 82/134 kB | 98/358 kBProgress (4): 155 kB | 163/217 kB | 82/134 kB | 102/358 kBProgress (4): 155 kB | 163/217 kB | 82/134 kB | 106/358 kBProgress (4): 155 kB | 163/217 kB | 82/134 kB | 110/358 kBProgress (4): 155 kB | 163/217 kB | 82/134 kB | 114/358 kBProgress (5): 155 kB | 163/217 kB | 82/134 kB | 114/358 kB | 4.1/45 kBProgress (5): 155 kB | 163/217 kB | 82/134 kB | 114/358 kB | 8.2/45 kBProgress (5): 155 kB | 163/217 kB | 82/134 kB | 114/358 kB | 12/45 kB Progress (5): 155 kB | 163/217 kB | 82/134 kB | 114/358 kB | 16/45 kBProgress (5): 155 kB | 163/217 kB | 82/134 kB | 114/358 kB | 20/45 kBProgress (5): 155 kB | 163/217 kB | 82/134 kB | 114/358 kB | 25/45 kBProgress (5): 155 kB | 163/217 kB | 82/134 kB | 114/358 kB | 29/45 kBProgress (5): 155 kB | 163/217 kB | 82/134 kB | 114/358 kB | 33/45 kBProgress (5): 155 kB | 163/217 kB | 82/134 kB | 114/358 kB | 37/45 kBProgress (5): 155 kB | 163/217 kB | 82/134 kB | 114/358 kB | 41/45 kBProgress (5): 155 kB | 163/217 kB | 82/134 kB | 114/358 kB | 45 kB                                                                     Downloaded: https://repo.maven.apache.org/maven2/org/apache/maven/shared/maven-shared-utils/0.1/maven-shared-utils-0.1.jar (155 kB at 79 kB/s)
Downloading: https://repo.maven.apache.org/maven2/com/google/collections/google-collections/1.0/google-collections-1.0.jar
Progress (4): 163/217 kB | 86/134 kB | 114/358 kB | 45 kBProgress (4): 163/217 kB | 90/134 kB | 114/358 kB | 45 kBProgress (4): 163/217 kB | 94/134 kB | 114/358 kB | 45 kBProgress (4): 163/217 kB | 98/134 kB | 114/358 kB | 45 kBProgress (4): 167/217 kB | 98/134 kB | 114/358 kB | 45 kBProgress (4): 171/217 kB | 98/134 kB | 114/358 kB | 45 kBProgress (4): 176/217 kB | 98/134 kB | 114/358 kB | 45 kBProgress (4): 180/217 kB | 98/134 kB | 114/358 kB | 45 kBProgress (4): 180/217 kB | 102/134 kB | 114/358 kB | 45 kBProgress (4): 180/217 kB | 106/134 kB | 114/358 kB | 45 kBProgress (4): 180/217 kB | 111/134 kB | 114/358 kB | 45 kBProgress (4): 180/217 kB | 115/134 kB | 114/358 kB | 45 kBProgress (4): 180/217 kB | 119/134 kB | 114/358 kB | 45 kBProgress (4): 180/217 kB | 123/134 kB | 114/358 kB | 45 kBProgress (4): 180/217 kB | 127/134 kB | 114/358 kB | 45 kBProgress (4): 180/217 kB | 131/134 kB | 114/358 kB | 45 kBProgress (4): 180/217 kB | 134 kB | 114/358 kB | 45 kB    Progress (4): 184/217 kB | 134 kB | 114/358 kB | 45 kBProgress (4): 188/217 kB | 134 kB | 114/358 kB | 45 kBProgress (4): 192/217 kB | 134 kB | 114/358 kB | 45 kBProgress (4): 196/217 kB | 134 kB | 114/358 kB | 45 kBProgress (4): 200/217 kB | 134 kB | 114/358 kB | 45 kBProgress (4): 204/217 kB | 134 kB | 114/358 kB | 45 kBProgress (4): 208/217 kB | 134 kB | 114/358 kB | 45 kBProgress (4): 212/217 kB | 134 kB | 114/358 kB | 45 kBProgress (4): 217/217 kB | 134 kB | 114/358 kB | 45 kBProgress (4): 217 kB | 134 kB | 114/358 kB | 45 kB    Progress (4): 217 kB | 134 kB | 118/358 kB | 45 kBProgress (4): 217 kB | 134 kB | 122/358 kB | 45 kBProgress (4): 217 kB | 134 kB | 126/358 kB | 45 kBProgress (4): 217 kB | 134 kB | 131/358 kB | 45 kBProgress (4): 217 kB | 134 kB | 135/358 kB | 45 kBProgress (4): 217 kB | 134 kB | 139/358 kB | 45 kBProgress (4): 217 kB | 134 kB | 143/358 kB | 45 kBProgress (4): 217 kB | 134 kB | 147/358 kB | 45 kBProgress (4): 217 kB | 134 kB | 151/358 kB | 45 kBProgress (4): 217 kB | 134 kB | 155/358 kB | 45 kBProgress (4): 217 kB | 134 kB | 159/358 kB | 45 kBProgress (4): 217 kB | 134 kB | 163/358 kB | 45 kBProgress (4): 217 kB | 134 kB | 167/358 kB | 45 kBProgress (4): 217 kB | 134 kB | 171/358 kB | 45 kBProgress (4): 217 kB | 134 kB | 176/358 kB | 45 kBProgress (4): 217 kB | 134 kB | 180/358 kB | 45 kBProgress (4): 217 kB | 134 kB | 184/358 kB | 45 kBProgress (4): 217 kB | 134 kB | 188/358 kB | 45 kBProgress (4): 217 kB | 134 kB | 192/358 kB | 45 kBProgress (4): 217 kB | 134 kB | 196/358 kB | 45 kBProgress (4): 217 kB | 134 kB | 200/358 kB | 45 kBProgress (4): 217 kB | 134 kB | 204/358 kB | 45 kBProgress (4): 217 kB | 134 kB | 208/358 kB | 45 kBProgress (4): 217 kB | 134 kB | 212/358 kB | 45 kBProgress (4): 217 kB | 134 kB | 217/358 kB | 45 kBProgress (4): 217 kB | 134 kB | 221/358 kB | 45 kBProgress (4): 217 kB | 134 kB | 225/358 kB | 45 kBProgress (4): 217 kB | 134 kB | 229/358 kB | 45 kBProgress (4): 217 kB | 134 kB | 233/358 kB | 45 kBProgress (4): 217 kB | 134 kB | 237/358 kB | 45 kBProgress (4): 217 kB | 134 kB | 241/358 kB | 45 kBProgress (4): 217 kB | 134 kB | 245/358 kB | 45 kBProgress (4): 217 kB | 134 kB | 249/358 kB | 45 kBProgress (4): 217 kB | 134 kB | 253/358 kB | 45 kBProgress (4): 217 kB | 134 kB | 258/358 kB | 45 kBProgress (4): 217 kB | 134 kB | 262/358 kB | 45 kBProgress (4): 217 kB | 134 kB | 266/358 kB | 45 kBProgress (4): 217 kB | 134 kB | 270/358 kB | 45 kBProgress (4): 217 kB | 134 kB | 274/358 kB | 45 kBProgress (4): 217 kB | 134 kB | 275/358 kB | 45 kBProgress (4): 217 kB | 134 kB | 279/358 kB | 45 kBProgress (4): 217 kB | 134 kB | 283/358 kB | 45 kBProgress (4): 217 kB | 134 kB | 287/358 kB | 45 kBProgress (4): 217 kB | 134 kB | 291/358 kB | 45 kBProgress (4): 217 kB | 134 kB | 295/358 kB | 45 kBProgress (4): 217 kB | 134 kB | 299/358 kB | 45 kBProgress (4): 217 kB | 134 kB | 303/358 kB | 45 kBProgress (4): 217 kB | 134 kB | 308/358 kB | 45 kBProgress (4): 217 kB | 134 kB | 312/358 kB | 45 kBProgress (4): 217 kB | 134 kB | 316/358 kB | 45 kBProgress (4): 217 kB | 134 kB | 320/358 kB | 45 kBProgress (4): 217 kB | 134 kB | 324/358 kB | 45 kBProgress (5): 217 kB | 134 kB | 324/358 kB | 45 kB | 4.1/640 kBProgress (5): 217 kB | 134 kB | 324/358 kB | 45 kB | 7.7/640 kBProgress (5): 217 kB | 134 kB | 324/358 kB | 45 kB | 12/640 kB Progress (5): 217 kB | 134 kB | 324/358 kB | 45 kB | 16/640 kBProgress (5): 217 kB | 134 kB | 324/358 kB | 45 kB | 20/640 kBProgress (5): 217 kB | 134 kB | 324/358 kB | 45 kB | 24/640 kBProgress (5): 217 kB | 134 kB | 324/358 kB | 45 kB | 28/640 kBProgress (5): 217 kB | 134 kB | 324/358 kB | 45 kB | 32/640 kBProgress (5): 217 kB | 134 kB | 324/358 kB | 45 kB | 36/640 kBProgress (5): 217 kB | 134 kB | 324/358 kB | 45 kB | 40/640 kBProgress (5): 217 kB | 134 kB | 324/358 kB | 45 kB | 45/640 kBProgress (5): 217 kB | 134 kB | 324/358 kB | 45 kB | 49/640 kBProgress (5): 217 kB | 134 kB | 324/358 kB | 45 kB | 53/640 kBProgress (5): 217 kB | 134 kB | 324/358 kB | 45 kB | 57/640 kBProgress (5): 217 kB | 134 kB | 324/358 kB | 45 kB | 61/640 kBProgress (5): 217 kB | 134 kB | 324/358 kB | 45 kB | 65/640 kBProgress (5): 217 kB | 134 kB | 324/358 kB | 45 kB | 69/640 kBProgress (5): 217 kB | 134 kB | 324/358 kB | 45 kB | 73/640 kBProgress (5): 217 kB | 134 kB | 324/358 kB | 45 kB | 77/640 kBProgress (5): 217 kB | 134 kB | 324/358 kB | 45 kB | 81/640 kBProgress (5): 217 kB | 134 kB | 324/358 kB | 45 kB | 85/640 kBProgress (5): 217 kB | 134 kB | 324/358 kB | 45 kB | 90/640 kBProgress (5): 217 kB | 134 kB | 324/358 kB | 45 kB | 94/640 kBProgress (5): 217 kB | 134 kB | 324/358 kB | 45 kB | 98/640 kB                                                              Downloaded: https://repo.maven.apache.org/maven2/commons-logging/commons-logging-api/1.1/commons-logging-api-1.1.jar (45 kB at 20 kB/s)
Downloading: https://repo.maven.apache.org/maven2/junit/junit/3.8.2/junit-3.8.2.jar
Downloaded: https://repo.maven.apache.org/maven2/org/codehaus/plexus/plexus-container-default/1.5.5/plexus-container-default-1.5.5.jar (217 kB at 97 kB/s)
Progress (3): 134 kB | 328/358 kB | 98/640 kBProgress (3): 134 kB | 332/358 kB | 98/640 kBProgress (3): 134 kB | 336/358 kB | 98/640 kBProgress (3): 134 kB | 340/358 kB | 98/640 kB                                             Downloaded: https://repo.maven.apache.org/maven2/org/apache/xbean/xbean-reflect/3.4/xbean-reflect-3.4.jar (134 kB at 60 kB/s)
Progress (2): 340/358 kB | 102/640 kBProgress (2): 340/358 kB | 106/640 kBProgress (2): 340/358 kB | 110/640 kBProgress (2): 340/358 kB | 114/640 kBProgress (2): 344/358 kB | 114/640 kBProgress (2): 348/358 kB | 114/640 kBProgress (2): 353/358 kB | 114/640 kBProgress (2): 357/358 kB | 114/640 kBProgress (2): 358 kB | 114/640 kB    Progress (2): 358 kB | 118/640 kBProgress (2): 358 kB | 122/640 kBProgress (2): 358 kB | 126/640 kBProgress (2): 358 kB | 131/640 kBProgress (2): 358 kB | 135/640 kBProgress (2): 358 kB | 139/640 kBProgress (2): 358 kB | 143/640 kBProgress (2): 358 kB | 147/640 kBProgress (2): 358 kB | 151/640 kBProgress (2): 358 kB | 155/640 kBProgress (2): 358 kB | 159/640 kBProgress (2): 358 kB | 163/640 kBProgress (2): 358 kB | 167/640 kBProgress (2): 358 kB | 171/640 kBProgress (2): 358 kB | 176/640 kBProgress (2): 358 kB | 180/640 kBProgress (2): 358 kB | 184/640 kBProgress (2): 358 kB | 188/640 kBProgress (2): 358 kB | 192/640 kBProgress (2): 358 kB | 196/640 kBProgress (2): 358 kB | 200/640 kBProgress (2): 358 kB | 204/640 kBProgress (2): 358 kB | 208/640 kBProgress (2): 358 kB | 212/640 kBProgress (2): 358 kB | 217/640 kBProgress (2): 358 kB | 221/640 kBProgress (2): 358 kB | 225/640 kBProgress (2): 358 kB | 229/640 kBProgress (3): 358 kB | 229/640 kB | 4.1/121 kBProgress (3): 358 kB | 229/640 kB | 7.7/121 kBProgress (3): 358 kB | 229/640 kB | 12/121 kB Progress (3): 358 kB | 229/640 kB | 16/121 kBProgress (3): 358 kB | 229/640 kB | 20/121 kBProgress (3): 358 kB | 229/640 kB | 24/121 kBProgress (3): 358 kB | 229/640 kB | 28/121 kBProgress (3): 358 kB | 229/640 kB | 32/121 kBProgress (3): 358 kB | 229/640 kB | 36/121 kBProgress (3): 358 kB | 229/640 kB | 40/121 kBProgress (3): 358 kB | 229/640 kB | 45/121 kBProgress (3): 358 kB | 229/640 kB | 49/121 kBProgress (3): 358 kB | 233/640 kB | 49/121 kBProgress (3): 358 kB | 237/640 kB | 49/121 kBProgress (3): 358 kB | 241/640 kB | 49/121 kBProgress (3): 358 kB | 245/640 kB | 49/121 kBProgress (3): 358 kB | 249/640 kB | 49/121 kBProgress (3): 358 kB | 253/640 kB | 49/121 kBProgress (3): 358 kB | 258/640 kB | 49/121 kBProgress (3): 358 kB | 262/640 kB | 49/121 kBProgress (3): 358 kB | 266/640 kB | 49/121 kBProgress (3): 358 kB | 270/640 kB | 49/121 kBProgress (3): 358 kB | 274/640 kB | 49/121 kBProgress (3): 358 kB | 278/640 kB | 49/121 kBProgress (3): 358 kB | 282/640 kB | 49/121 kBProgress (3): 358 kB | 286/640 kB | 49/121 kBProgress (3): 358 kB | 290/640 kB | 49/121 kBProgress (3): 358 kB | 294/640 kB | 49/121 kBProgress (3): 358 kB | 298/640 kB | 49/121 kBProgress (3): 358 kB | 303/640 kB | 49/121 kBProgress (3): 358 kB | 307/640 kB | 49/121 kBProgress (3): 358 kB | 311/640 kB | 49/121 kBProgress (3): 358 kB | 315/640 kB | 49/121 kBProgress (3): 358 kB | 319/640 kB | 49/121 kBProgress (3): 358 kB | 323/640 kB | 49/121 kBProgress (3): 358 kB | 327/640 kB | 49/121 kBProgress (3): 358 kB | 331/640 kB | 49/121 kBProgress (3): 358 kB | 335/640 kB | 49/121 kBProgress (3): 358 kB | 339/640 kB | 49/121 kBProgress (3): 358 kB | 344/640 kB | 49/121 kBProgress (3): 358 kB | 348/640 kB | 49/121 kBProgress (3): 358 kB | 352/640 kB | 49/121 kBProgress (3): 358 kB | 356/640 kB | 49/121 kBProgress (3): 358 kB | 360/640 kB | 49/121 kBProgress (3): 358 kB | 364/640 kB | 49/121 kBProgress (3): 358 kB | 368/640 kB | 49/121 kBProgress (3): 358 kB | 372/640 kB | 49/121 kBProgress (3): 358 kB | 376/640 kB | 49/121 kBProgress (3): 358 kB | 380/640 kB | 49/121 kBProgress (3): 358 kB | 384/640 kB | 49/121 kBProgress (3): 358 kB | 389/640 kB | 49/121 kBProgress (3): 358 kB | 393/640 kB | 49/121 kBProgress (3): 358 kB | 393/640 kB | 53/121 kBProgress (3): 358 kB | 393/640 kB | 57/121 kBProgress (3): 358 kB | 393/640 kB | 61/121 kBProgress (3): 358 kB | 393/640 kB | 65/121 kBProgress (3): 358 kB | 397/640 kB | 65/121 kBProgress (3): 358 kB | 401/640 kB | 65/121 kBProgress (3): 358 kB | 405/640 kB | 65/121 kBProgress (3): 358 kB | 409/640 kB | 65/121 kBProgress (3): 358 kB | 413/640 kB | 65/121 kBProgress (3): 358 kB | 417/640 kB | 65/121 kBProgress (3): 358 kB | 421/640 kB | 65/121 kBProgress (3): 358 kB | 425/640 kB | 65/121 kBProgress (3): 358 kB | 425/640 kB | 69/121 kBProgress (3): 358 kB | 425/640 kB | 73/121 kBProgress (3): 358 kB | 425/640 kB | 77/121 kBProgress (3): 358 kB | 425/640 kB | 81/121 kBProgress (3): 358 kB | 425/640 kB | 85/121 kBProgress (3): 358 kB | 425/640 kB | 90/121 kBProgress (3): 358 kB | 425/640 kB | 94/121 kBProgress (3): 358 kB | 425/640 kB | 98/121 kBProgress (3): 358 kB | 425/640 kB | 102/121 kBProgress (3): 358 kB | 425/640 kB | 106/121 kBProgress (3): 358 kB | 425/640 kB | 110/121 kBProgress (3): 358 kB | 425/640 kB | 114/121 kBProgress (3): 358 kB | 425/640 kB | 118/121 kBProgress (3): 358 kB | 425/640 kB | 121 kB    Progress (3): 358 kB | 430/640 kB | 121 kBProgress (3): 358 kB | 434/640 kB | 121 kBProgress (3): 358 kB | 438/640 kB | 121 kBProgress (3): 358 kB | 442/640 kB | 121 kBProgress (3): 358 kB | 446/640 kB | 121 kBProgress (3): 358 kB | 450/640 kB | 121 kBProgress (3): 358 kB | 454/640 kB | 121 kBProgress (3): 358 kB | 458/640 kB | 121 kBProgress (3): 358 kB | 462/640 kB | 121 kBProgress (3): 358 kB | 466/640 kB | 121 kBProgress (3): 358 kB | 470/640 kB | 121 kBProgress (3): 358 kB | 475/640 kB | 121 kBProgress (3): 358 kB | 479/640 kB | 121 kBProgress (3): 358 kB | 483/640 kB | 121 kBProgress (3): 358 kB | 487/640 kB | 121 kBProgress (3): 358 kB | 491/640 kB | 121 kBProgress (3): 358 kB | 495/640 kB | 121 kBProgress (3): 358 kB | 499/640 kB | 121 kBProgress (3): 358 kB | 503/640 kB | 121 kBProgress (3): 358 kB | 507/640 kB | 121 kBProgress (3): 358 kB | 511/640 kB | 121 kBProgress (3): 358 kB | 516/640 kB | 121 kBProgress (3): 358 kB | 520/640 kB | 121 kBProgress (3): 358 kB | 524/640 kB | 121 kBProgress (3): 358 kB | 528/640 kB | 121 kBProgress (3): 358 kB | 532/640 kB | 121 kBProgress (3): 358 kB | 536/640 kB | 121 kBProgress (3): 358 kB | 540/640 kB | 121 kBProgress (3): 358 kB | 544/640 kB | 121 kBProgress (3): 358 kB | 548/640 kB | 121 kBProgress (3): 358 kB | 552/640 kB | 121 kBProgress (3): 358 kB | 557/640 kB | 121 kBProgress (3): 358 kB | 561/640 kB | 121 kBProgress (3): 358 kB | 565/640 kB | 121 kBProgress (3): 358 kB | 569/640 kB | 121 kBProgress (3): 358 kB | 573/640 kB | 121 kBProgress (3): 358 kB | 577/640 kB | 121 kBProgress (3): 358 kB | 581/640 kB | 121 kBProgress (3): 358 kB | 585/640 kB | 121 kBProgress (3): 358 kB | 589/640 kB | 121 kBProgress (3): 358 kB | 593/640 kB | 121 kBProgress (3): 358 kB | 597/640 kB | 121 kBProgress (3): 358 kB | 602/640 kB | 121 kBProgress (3): 358 kB | 606/640 kB | 121 kBProgress (3): 358 kB | 610/640 kB | 121 kBProgress (3): 358 kB | 614/640 kB | 121 kBProgress (3): 358 kB | 618/640 kB | 121 kBProgress (3): 358 kB | 622/640 kB | 121 kBProgress (3): 358 kB | 626/640 kB | 121 kBProgress (3): 358 kB | 630/640 kB | 121 kBProgress (3): 358 kB | 634/640 kB | 121 kBProgress (3): 358 kB | 638/640 kB | 121 kBProgress (3): 358 kB | 640 kB | 121 kB                                          Downloaded: https://repo.maven.apache.org/maven2/junit/junit/3.8.2/junit-3.8.2.jar (121 kB at 43 kB/s)
Downloaded: https://repo.maven.apache.org/maven2/log4j/log4j/1.2.12/log4j-1.2.12.jar (358 kB at 125 kB/s)
Downloaded: https://repo.maven.apache.org/maven2/com/google/collections/google-collections/1.0/google-collections-1.0.jar (640 kB at 212 kB/s)
[[1;34mINFO[m] Changes detected - recompiling the module!
[[1;34mINFO[m] Compiling 34 source files to /opt/workspace/java/generated/target/classes
[[1;34mINFO[m] 
[[1;34mINFO[m] [1m--- [0;32mbuild-helper-maven-plugin:1.10:add-test-source[m [1m(add_test_sources)[m @ [36mswaggeraem4j[0;1m ---[m
[[1;34mINFO[m] Test Source directory: /opt/workspace/java/generated/src/test/java added.
[[1;34mINFO[m] 
[[1;34mINFO[m] [1m--- [0;32mmaven-resources-plugin:2.6:testResources[m [1m(default-testResources)[m @ [36mswaggeraem4j[0;1m ---[m
[[1;34mINFO[m] Using 'UTF-8' encoding to copy filtered resources.
[[1;34mINFO[m] skip non existing resourceDirectory /opt/workspace/java/generated/src/test/resources
[[1;34mINFO[m] 
[[1;34mINFO[m] [1m--- [0;32mmaven-compiler-plugin:3.1:testCompile[m [1m(default-testCompile)[m @ [36mswaggeraem4j[0;1m ---[m
[[1;34mINFO[m] Changes detected - recompiling the module!
[[1;34mINFO[m] Compiling 5 source files to /opt/workspace/java/generated/target/test-classes
[[1;34mINFO[m] 
[[1;34mINFO[m] [1m--- [0;32mmaven-surefire-plugin:2.12:test[m [1m(default-test)[m @ [36mswaggeraem4j[0;1m ---[m
Downloading: https://repo.maven.apache.org/maven2/org/apache/maven/surefire/surefire-booter/2.12/surefire-booter-2.12.pom
Progress (1): 2.8/3.0 kBProgress (1): 3.0 kB                        Downloaded: https://repo.maven.apache.org/maven2/org/apache/maven/surefire/surefire-booter/2.12/surefire-booter-2.12.pom (3.0 kB at 7.5 kB/s)
Downloading: https://repo.maven.apache.org/maven2/org/apache/maven/surefire/surefire-api/2.12/surefire-api-2.12.pom
Progress (1): 2.2/2.5 kBProgress (1): 2.5 kB                        Downloaded: https://repo.maven.apache.org/maven2/org/apache/maven/surefire/surefire-api/2.12/surefire-api-2.12.pom (2.5 kB at 6.0 kB/s)
Downloading: https://repo.maven.apache.org/maven2/org/apache/maven/surefire/maven-surefire-common/2.12/maven-surefire-common-2.12.pom
Progress (1): 2.2/5.1 kBProgress (1): 5.0/5.1 kBProgress (1): 5.1 kB                        Downloaded: https://repo.maven.apache.org/maven2/org/apache/maven/surefire/maven-surefire-common/2.12/maven-surefire-common-2.12.pom (5.1 kB at 13 kB/s)
Downloading: https://repo.maven.apache.org/maven2/org/codehaus/plexus/plexus-utils/3.0/plexus-utils-3.0.pom
Progress (1): 2.8/4.1 kBProgress (1): 4.1 kB                        Downloaded: https://repo.maven.apache.org/maven2/org/codehaus/plexus/plexus-utils/3.0/plexus-utils-3.0.pom (4.1 kB at 7.9 kB/s)
Downloading: https://repo.maven.apache.org/maven2/org/apache/maven/maven-toolchain/2.0.9/maven-toolchain-2.0.9.pom
Progress (1): 2.8/3.5 kBProgress (1): 3.5 kB                        Downloaded: https://repo.maven.apache.org/maven2/org/apache/maven/maven-toolchain/2.0.9/maven-toolchain-2.0.9.pom (3.5 kB at 6.8 kB/s)
Downloading: https://repo.maven.apache.org/maven2/org/apache/maven/shared/maven-common-artifact-filters/1.3/maven-common-artifact-filters-1.3.pom
Progress (1): 2.8/3.7 kBProgress (1): 3.7 kB                        Downloaded: https://repo.maven.apache.org/maven2/org/apache/maven/shared/maven-common-artifact-filters/1.3/maven-common-artifact-filters-1.3.pom (3.7 kB at 7.9 kB/s)
Downloading: https://repo.maven.apache.org/maven2/org/apache/maven/surefire/surefire-booter/2.12/surefire-booter-2.12.jar
Downloading: https://repo.maven.apache.org/maven2/org/apache/maven/surefire/maven-surefire-common/2.12/maven-surefire-common-2.12.jar
Downloading: https://repo.maven.apache.org/maven2/org/apache/maven/shared/maven-common-artifact-filters/1.3/maven-common-artifact-filters-1.3.jar
Downloading: https://repo.maven.apache.org/maven2/org/apache/maven/surefire/surefire-api/2.12/surefire-api-2.12.jar
Downloading: https://repo.maven.apache.org/maven2/org/codehaus/plexus/plexus-utils/3.0/plexus-utils-3.0.jar
Progress (1): 2.2/33 kBProgress (1): 5.0/33 kBProgress (1): 7.7/33 kBProgress (2): 7.7/33 kB | 2.2/31 kBProgress (2): 7.7/33 kB | 5.0/31 kBProgress (2): 7.7/33 kB | 7.7/31 kBProgress (2): 7.7/33 kB | 10/31 kB Progress (2): 7.7/33 kB | 13/31 kBProgress (2): 10/33 kB | 13/31 kB Progress (2): 13/33 kB | 13/31 kBProgress (3): 13/33 kB | 13/31 kB | 2.8/226 kBProgress (3): 16/33 kB | 13/31 kB | 2.8/226 kBProgress (3): 16/33 kB | 13/31 kB | 5.5/226 kBProgress (3): 16/33 kB | 13/31 kB | 8.3/226 kBProgress (3): 16/33 kB | 13/31 kB | 11/226 kB Progress (3): 19/33 kB | 13/31 kB | 11/226 kBProgress (3): 21/33 kB | 13/31 kB | 11/226 kBProgress (3): 21/33 kB | 16/31 kB | 11/226 kBProgress (3): 21/33 kB | 16/31 kB | 14/226 kBProgress (3): 24/33 kB | 16/31 kB | 14/226 kBProgress (3): 27/33 kB | 16/31 kB | 14/226 kBProgress (3): 27/33 kB | 19/31 kB | 14/226 kBProgress (3): 30/33 kB | 19/31 kB | 14/226 kBProgress (3): 30/33 kB | 21/31 kB | 14/226 kBProgress (3): 32/33 kB | 21/31 kB | 14/226 kBProgress (3): 32/33 kB | 24/31 kB | 14/226 kBProgress (3): 32/33 kB | 27/31 kB | 14/226 kBProgress (4): 32/33 kB | 27/31 kB | 14/226 kB | 2.2/124 kBProgress (4): 32/33 kB | 27/31 kB | 14/226 kB | 5.0/124 kBProgress (4): 32/33 kB | 27/31 kB | 14/226 kB | 7.7/124 kBProgress (4): 32/33 kB | 27/31 kB | 14/226 kB | 10/124 kB Progress (4): 32/33 kB | 27/31 kB | 14/226 kB | 13/124 kBProgress (4): 32/33 kB | 27/31 kB | 14/226 kB | 16/124 kBProgress (4): 32/33 kB | 27/31 kB | 14/226 kB | 19/124 kBProgress (4): 32/33 kB | 27/31 kB | 14/226 kB | 21/124 kBProgress (4): 32/33 kB | 27/31 kB | 14/226 kB | 24/124 kBProgress (4): 32/33 kB | 27/31 kB | 14/226 kB | 27/124 kBProgress (4): 32/33 kB | 27/31 kB | 16/226 kB | 27/124 kBProgress (4): 32/33 kB | 30/31 kB | 16/226 kB | 27/124 kBProgress (4): 32/33 kB | 31 kB | 16/226 kB | 27/124 kB   Progress (4): 33 kB | 31 kB | 16/226 kB | 27/124 kB   Progress (4): 33 kB | 31 kB | 19/226 kB | 27/124 kBProgress (4): 33 kB | 31 kB | 22/226 kB | 27/124 kBProgress (4): 33 kB | 31 kB | 25/226 kB | 27/124 kBProgress (4): 33 kB | 31 kB | 27/226 kB | 27/124 kBProgress (4): 33 kB | 31 kB | 30/226 kB | 27/124 kBProgress (4): 33 kB | 31 kB | 33/226 kB | 27/124 kBProgress (4): 33 kB | 31 kB | 33/226 kB | 30/124 kBProgress (4): 33 kB | 31 kB | 33/226 kB | 32/124 kBProgress (4): 33 kB | 31 kB | 33/226 kB | 36/124 kBProgress (4): 33 kB | 31 kB | 33/226 kB | 40/124 kBProgress (4): 33 kB | 31 kB | 33/226 kB | 45/124 kBProgress (4): 33 kB | 31 kB | 33/226 kB | 49/124 kBProgress (4): 33 kB | 31 kB | 33/226 kB | 53/124 kBProgress (4): 33 kB | 31 kB | 33/226 kB | 57/124 kBProgress (4): 33 kB | 31 kB | 33/226 kB | 61/124 kBProgress (4): 33 kB | 31 kB | 33/226 kB | 65/124 kBProgress (4): 33 kB | 31 kB | 33/226 kB | 69/124 kBProgress (4): 33 kB | 31 kB | 33/226 kB | 73/124 kBProgress (4): 33 kB | 31 kB | 33/226 kB | 77/124 kBProgress (4): 33 kB | 31 kB | 33/226 kB | 81/124 kBProgress (4): 33 kB | 31 kB | 33/226 kB | 85/124 kBProgress (4): 33 kB | 31 kB | 33/226 kB | 90/124 kBProgress (4): 33 kB | 31 kB | 33/226 kB | 94/124 kBProgress (4): 33 kB | 31 kB | 33/226 kB | 98/124 kBProgress (4): 33 kB | 31 kB | 33/226 kB | 102/124 kBProgress (4): 33 kB | 31 kB | 33/226 kB | 106/124 kBProgress (4): 33 kB | 31 kB | 33/226 kB | 110/124 kBProgress (4): 33 kB | 31 kB | 33/226 kB | 114/124 kBProgress (4): 33 kB | 31 kB | 33/226 kB | 118/124 kBProgress (4): 33 kB | 31 kB | 33/226 kB | 122/124 kBProgress (4): 33 kB | 31 kB | 33/226 kB | 124 kB    Progress (5): 33 kB | 31 kB | 33/226 kB | 124 kB | 2.8/224 kBProgress (5): 33 kB | 31 kB | 33/226 kB | 124 kB | 5.5/224 kBProgress (5): 33 kB | 31 kB | 33/226 kB | 124 kB | 8.3/224 kBProgress (5): 33 kB | 31 kB | 33/226 kB | 124 kB | 11/224 kB Progress (5): 33 kB | 31 kB | 33/226 kB | 124 kB | 14/224 kBProgress (5): 33 kB | 31 kB | 33/226 kB | 124 kB | 16/224 kBProgress (5): 33 kB | 31 kB | 33/226 kB | 124 kB | 19/224 kBProgress (5): 33 kB | 31 kB | 33/226 kB | 124 kB | 22/224 kBProgress (5): 33 kB | 31 kB | 33/226 kB | 124 kB | 25/224 kBProgress (5): 33 kB | 31 kB | 33/226 kB | 124 kB | 27/224 kBProgress (5): 33 kB | 31 kB | 33/226 kB | 124 kB | 30/224 kBProgress (5): 33 kB | 31 kB | 33/226 kB | 124 kB | 33/224 kBProgress (5): 33 kB | 31 kB | 33/226 kB | 124 kB | 37/224 kBProgress (5): 33 kB | 31 kB | 33/226 kB | 124 kB | 41/224 kBProgress (5): 33 kB | 31 kB | 33/226 kB | 124 kB | 45/224 kBProgress (5): 33 kB | 31 kB | 33/226 kB | 124 kB | 49/224 kBProgress (5): 33 kB | 31 kB | 37/226 kB | 124 kB | 49/224 kBProgress (5): 33 kB | 31 kB | 41/226 kB | 124 kB | 49/224 kBProgress (5): 33 kB | 31 kB | 45/226 kB | 124 kB | 49/224 kBProgress (5): 33 kB | 31 kB | 49/226 kB | 124 kB | 49/224 kBProgress (5): 33 kB | 31 kB | 53/226 kB | 124 kB | 49/224 kBProgress (5): 33 kB | 31 kB | 57/226 kB | 124 kB | 49/224 kBProgress (5): 33 kB | 31 kB | 61/226 kB | 124 kB | 49/224 kBProgress (5): 33 kB | 31 kB | 63/226 kB | 124 kB | 49/224 kBProgress (5): 33 kB | 31 kB | 67/226 kB | 124 kB | 49/224 kBProgress (5): 33 kB | 31 kB | 71/226 kB | 124 kB | 49/224 kBProgress (5): 33 kB | 31 kB | 75/226 kB | 124 kB | 49/224 kBProgress (5): 33 kB | 31 kB | 79/226 kB | 124 kB | 49/224 kBProgress (5): 33 kB | 31 kB | 83/226 kB | 124 kB | 49/224 kBProgress (5): 33 kB | 31 kB | 87/226 kB | 124 kB | 49/224 kBProgress (5): 33 kB | 31 kB | 92/226 kB | 124 kB | 49/224 kBProgress (5): 33 kB | 31 kB | 96/226 kB | 124 kB | 49/224 kBProgress (5): 33 kB | 31 kB | 100/226 kB | 124 kB | 49/224 kBProgress (5): 33 kB | 31 kB | 104/226 kB | 124 kB | 49/224 kBProgress (5): 33 kB | 31 kB | 108/226 kB | 124 kB | 49/224 kBProgress (5): 33 kB | 31 kB | 112/226 kB | 124 kB | 49/224 kB                                                             Downloaded: https://repo.maven.apache.org/maven2/org/apache/maven/surefire/surefire-booter/2.12/surefire-booter-2.12.jar (33 kB at 74 kB/s)
Downloading: https://repo.maven.apache.org/maven2/org/apache/maven/reporting/maven-reporting-api/2.0.9/maven-reporting-api-2.0.9.jar
Downloaded: https://repo.maven.apache.org/maven2/org/apache/maven/surefire/surefire-api/2.12/surefire-api-2.12.jar (124 kB at 260 kB/s)
Downloading: https://repo.maven.apache.org/maven2/org/apache/maven/maven-toolchain/2.0.9/maven-toolchain-2.0.9.jar
Progress (3): 31 kB | 112/226 kB | 53/224 kBProgress (3): 31 kB | 112/226 kB | 57/224 kBProgress (3): 31 kB | 112/226 kB | 61/224 kBProgress (3): 31 kB | 112/226 kB | 64/224 kBProgress (3): 31 kB | 112/226 kB | 68/224 kBProgress (3): 31 kB | 112/226 kB | 72/224 kBProgress (3): 31 kB | 112/226 kB | 76/224 kBProgress (3): 31 kB | 112/226 kB | 80/224 kBProgress (3): 31 kB | 112/226 kB | 84/224 kBProgress (3): 31 kB | 112/226 kB | 88/224 kBProgress (3): 31 kB | 112/226 kB | 92/224 kBProgress (3): 31 kB | 112/226 kB | 96/224 kBProgress (3): 31 kB | 112/226 kB | 100/224 kBProgress (3): 31 kB | 112/226 kB | 105/224 kBProgress (3): 31 kB | 112/226 kB | 109/224 kBProgress (3): 31 kB | 112/226 kB | 113/224 kBProgress (3): 31 kB | 116/226 kB | 113/224 kBProgress (3): 31 kB | 120/226 kB | 113/224 kBProgress (3): 31 kB | 124/226 kB | 113/224 kBProgress (3): 31 kB | 128/226 kB | 113/224 kBProgress (3): 31 kB | 132/226 kB | 113/224 kBProgress (3): 31 kB | 137/226 kB | 113/224 kBProgress (3): 31 kB | 141/226 kB | 113/224 kBProgress (3): 31 kB | 145/226 kB | 113/224 kBProgress (3): 31 kB | 149/226 kB | 113/224 kBProgress (3): 31 kB | 153/226 kB | 113/224 kBProgress (3): 31 kB | 157/226 kB | 113/224 kBProgress (3): 31 kB | 161/226 kB | 113/224 kBProgress (4): 31 kB | 161/226 kB | 113/224 kB | 2.2/10 kBProgress (4): 31 kB | 161/226 kB | 113/224 kB | 5.0/10 kBProgress (4): 31 kB | 165/226 kB | 113/224 kB | 5.0/10 kBProgress (4): 31 kB | 169/226 kB | 113/224 kB | 5.0/10 kBProgress (4): 31 kB | 173/226 kB | 113/224 kB | 5.0/10 kBProgress (4): 31 kB | 178/226 kB | 113/224 kB | 5.0/10 kBProgress (5): 31 kB | 178/226 kB | 113/224 kB | 5.0/10 kB | 4.1/38 kBProgress (5): 31 kB | 178/226 kB | 113/224 kB | 5.0/10 kB | 7.7/38 kBProgress (5): 31 kB | 178/226 kB | 113/224 kB | 5.0/10 kB | 12/38 kB Progress (5): 31 kB | 178/226 kB | 113/224 kB | 5.0/10 kB | 16/38 kBProgress (5): 31 kB | 178/226 kB | 113/224 kB | 5.0/10 kB | 20/38 kBProgress (5): 31 kB | 178/226 kB | 113/224 kB | 5.0/10 kB | 24/38 kBProgress (5): 31 kB | 178/226 kB | 113/224 kB | 5.0/10 kB | 28/38 kBProgress (5): 31 kB | 178/226 kB | 113/224 kB | 5.0/10 kB | 32/38 kBProgress (5): 31 kB | 178/226 kB | 113/224 kB | 5.0/10 kB | 36/38 kBProgress (5): 31 kB | 178/226 kB | 113/224 kB | 5.0/10 kB | 38 kB   Progress (5): 31 kB | 178/226 kB | 117/224 kB | 5.0/10 kB | 38 kBProgress (5): 31 kB | 178/226 kB | 121/224 kB | 5.0/10 kB | 38 kBProgress (5): 31 kB | 178/226 kB | 125/224 kB | 5.0/10 kB | 38 kBProgress (5): 31 kB | 178/226 kB | 129/224 kB | 5.0/10 kB | 38 kBProgress (5): 31 kB | 178/226 kB | 133/224 kB | 5.0/10 kB | 38 kBProgress (5): 31 kB | 178/226 kB | 137/224 kB | 5.0/10 kB | 38 kBProgress (5): 31 kB | 178/226 kB | 141/224 kB | 5.0/10 kB | 38 kBProgress (5): 31 kB | 178/226 kB | 146/224 kB | 5.0/10 kB | 38 kBProgress (5): 31 kB | 178/226 kB | 150/224 kB | 5.0/10 kB | 38 kBProgress (5): 31 kB | 178/226 kB | 154/224 kB | 5.0/10 kB | 38 kBProgress (5): 31 kB | 178/226 kB | 158/224 kB | 5.0/10 kB | 38 kBProgress (5): 31 kB | 178/226 kB | 162/224 kB | 5.0/10 kB | 38 kBProgress (5): 31 kB | 178/226 kB | 166/224 kB | 5.0/10 kB | 38 kBProgress (5): 31 kB | 178/226 kB | 170/224 kB | 5.0/10 kB | 38 kBProgress (5): 31 kB | 178/226 kB | 174/224 kB | 5.0/10 kB | 38 kBProgress (5): 31 kB | 178/226 kB | 178/224 kB | 5.0/10 kB | 38 kBProgress (5): 31 kB | 178/226 kB | 182/224 kB | 5.0/10 kB | 38 kBProgress (5): 31 kB | 178/226 kB | 187/224 kB | 5.0/10 kB | 38 kBProgress (5): 31 kB | 178/226 kB | 191/224 kB | 5.0/10 kB | 38 kBProgress (5): 31 kB | 178/226 kB | 195/224 kB | 5.0/10 kB | 38 kBProgress (5): 31 kB | 182/226 kB | 195/224 kB | 5.0/10 kB | 38 kBProgress (5): 31 kB | 186/226 kB | 195/224 kB | 5.0/10 kB | 38 kBProgress (5): 31 kB | 190/226 kB | 195/224 kB | 5.0/10 kB | 38 kBProgress (5): 31 kB | 194/226 kB | 195/224 kB | 5.0/10 kB | 38 kBProgress (5): 31 kB | 198/226 kB | 195/224 kB | 5.0/10 kB | 38 kBProgress (5): 31 kB | 202/226 kB | 195/224 kB | 5.0/10 kB | 38 kBProgress (5): 31 kB | 206/226 kB | 195/224 kB | 5.0/10 kB | 38 kBProgress (5): 31 kB | 210/226 kB | 195/224 kB | 5.0/10 kB | 38 kBProgress (5): 31 kB | 214/226 kB | 195/224 kB | 5.0/10 kB | 38 kBProgress (5): 31 kB | 219/226 kB | 195/224 kB | 5.0/10 kB | 38 kBProgress (5): 31 kB | 223/226 kB | 195/224 kB | 5.0/10 kB | 38 kBProgress (5): 31 kB | 226 kB | 195/224 kB | 5.0/10 kB | 38 kB                                                                 Downloaded: https://repo.maven.apache.org/maven2/org/apache/maven/shared/maven-common-artifact-filters/1.3/maven-common-artifact-filters-1.3.jar (31 kB at 36 kB/s)
Progress (4): 226 kB | 199/224 kB | 5.0/10 kB | 38 kBProgress (4): 226 kB | 203/224 kB | 5.0/10 kB | 38 kBProgress (4): 226 kB | 207/224 kB | 5.0/10 kB | 38 kBProgress (4): 226 kB | 211/224 kB | 5.0/10 kB | 38 kB                                                     Downloaded: https://repo.maven.apache.org/maven2/org/apache/maven/maven-toolchain/2.0.9/maven-toolchain-2.0.9.jar (38 kB at 44 kB/s)
Progress (3): 226 kB | 215/224 kB | 5.0/10 kBProgress (3): 226 kB | 219/224 kB | 5.0/10 kBProgress (3): 226 kB | 223/224 kB | 5.0/10 kBProgress (3): 226 kB | 224 kB | 5.0/10 kB                                             Downloaded: https://repo.maven.apache.org/maven2/org/codehaus/plexus/plexus-utils/3.0/plexus-utils-3.0.jar (226 kB at 227 kB/s)
Downloaded: https://repo.maven.apache.org/maven2/org/apache/maven/surefire/maven-surefire-common/2.12/maven-surefire-common-2.12.jar (224 kB at 187 kB/s)
Progress (1): 7.7/10 kBProgress (1): 10 kB                       Downloaded: https://repo.maven.apache.org/maven2/org/apache/maven/reporting/maven-reporting-api/2.0.9/maven-reporting-api-2.0.9.jar (10 kB at 4.7 kB/s)
[[1;34mINFO[m] Surefire report directory: /opt/workspace/java/generated/target/surefire-reports
Downloading: https://repo.maven.apache.org/maven2/org/apache/maven/surefire/surefire-junit47/2.12/surefire-junit47-2.12.pom
Progress (1): 2.2/3.7 kBProgress (1): 3.7 kB                        Downloaded: https://repo.maven.apache.org/maven2/org/apache/maven/surefire/surefire-junit47/2.12/surefire-junit47-2.12.pom (3.7 kB at 4.8 kB/s)
Downloading: https://repo.maven.apache.org/maven2/org/apache/maven/surefire/surefire-providers/2.12/surefire-providers-2.12.pom
Progress (1): 2.2/2.3 kBProgress (1): 2.3 kB                        Downloaded: https://repo.maven.apache.org/maven2/org/apache/maven/surefire/surefire-providers/2.12/surefire-providers-2.12.pom (2.3 kB at 3.3 kB/s)
Downloading: https://repo.maven.apache.org/maven2/org/apache/maven/surefire/common-junit48/2.12/common-junit48-2.12.pom
Progress (1): 2.2/2.5 kBProgress (1): 2.5 kB                        Downloaded: https://repo.maven.apache.org/maven2/org/apache/maven/surefire/common-junit48/2.12/common-junit48-2.12.pom (2.5 kB at 5.4 kB/s)
Downloading: https://repo.maven.apache.org/maven2/org/apache/maven/surefire/common-junit4/2.12/common-junit4-2.12.pom
Progress (1): 1.7 kB                    Downloaded: https://repo.maven.apache.org/maven2/org/apache/maven/surefire/common-junit4/2.12/common-junit4-2.12.pom (1.7 kB at 2.5 kB/s)
Downloading: https://repo.maven.apache.org/maven2/org/apache/maven/surefire/common-junit3/2.12/common-junit3-2.12.pom
Progress (1): 1.6 kB                    Downloaded: https://repo.maven.apache.org/maven2/org/apache/maven/surefire/common-junit3/2.12/common-junit3-2.12.pom (1.6 kB at 2.6 kB/s)
Downloading: https://repo.maven.apache.org/maven2/org/apache/maven/surefire/surefire-grouper/2.12/surefire-grouper-2.12.pom
Progress (1): 2.2/2.5 kBProgress (1): 2.5 kB                        Downloaded: https://repo.maven.apache.org/maven2/org/apache/maven/surefire/surefire-grouper/2.12/surefire-grouper-2.12.pom (2.5 kB at 5.4 kB/s)
Downloading: https://repo.maven.apache.org/maven2/org/apache/maven/surefire/surefire-junit47/2.12/surefire-junit47-2.12.jar
Downloading: https://repo.maven.apache.org/maven2/org/apache/maven/surefire/surefire-grouper/2.12/surefire-grouper-2.12.jar
Downloading: https://repo.maven.apache.org/maven2/org/apache/maven/surefire/common-junit3/2.12/common-junit3-2.12.jar
Downloading: https://repo.maven.apache.org/maven2/org/apache/maven/surefire/common-junit48/2.12/common-junit48-2.12.jar
Downloading: https://repo.maven.apache.org/maven2/org/apache/maven/surefire/common-junit4/2.12/common-junit4-2.12.jar
Progress (1): 2.2/38 kBProgress (1): 5.0/38 kBProgress (1): 7.7/38 kBProgress (1): 10/38 kB Progress (1): 13/38 kBProgress (1): 16/38 kBProgress (1): 19/38 kBProgress (1): 21/38 kBProgress (1): 24/38 kBProgress (1): 27/38 kBProgress (1): 30/38 kBProgress (1): 32/38 kBProgress (1): 35/38 kBProgress (2): 35/38 kB | 2.2/26 kBProgress (3): 35/38 kB | 2.2/26 kB | 2.2/11 kBProgress (3): 38/38 kB | 2.2/26 kB | 2.2/11 kBProgress (3): 38 kB | 2.2/26 kB | 2.2/11 kB   Progress (3): 38 kB | 2.2/26 kB | 5.0/11 kBProgress (3): 38 kB | 2.2/26 kB | 7.7/11 kBProgress (3): 38 kB | 5.0/26 kB | 7.7/11 kBProgress (3): 38 kB | 5.0/26 kB | 10/11 kB Progress (3): 38 kB | 7.7/26 kB | 10/11 kBProgress (3): 38 kB | 7.7/26 kB | 11 kB   Progress (3): 38 kB | 10/26 kB | 11 kB Progress (3): 38 kB | 13/26 kB | 11 kBProgress (3): 38 kB | 16/26 kB | 11 kBProgress (3): 38 kB | 19/26 kB | 11 kBProgress (3): 38 kB | 21/26 kB | 11 kBProgress (3): 38 kB | 24/26 kB | 11 kBProgress (3): 38 kB | 26 kB | 11 kB                                      Downloaded: https://repo.maven.apache.org/maven2/org/apache/maven/surefire/common-junit48/2.12/common-junit48-2.12.jar (26 kB at 57 kB/s)
Downloaded: https://repo.maven.apache.org/maven2/org/apache/maven/surefire/common-junit3/2.12/common-junit3-2.12.jar (11 kB at 25 kB/s)
Downloaded: https://repo.maven.apache.org/maven2/org/apache/maven/surefire/surefire-grouper/2.12/surefire-grouper-2.12.jar (38 kB at 82 kB/s)
Progress (1): 2.2/15 kBProgress (1): 5.0/15 kBProgress (1): 7.7/15 kBProgress (1): 10/15 kB Progress (1): 13/15 kBProgress (1): 15 kB                      Downloaded: https://repo.maven.apache.org/maven2/org/apache/maven/surefire/common-junit4/2.12/common-junit4-2.12.jar (15 kB at 18 kB/s)
Progress (1): 2.2/49 kBProgress (1): 5.0/49 kBProgress (1): 7.7/49 kBProgress (1): 10/49 kB Progress (1): 13/49 kBProgress (1): 16/49 kBProgress (1): 19/49 kBProgress (1): 21/49 kBProgress (1): 24/49 kBProgress (1): 27/49 kBProgress (1): 30/49 kBProgress (1): 32/49 kBProgress (1): 36/49 kBProgress (1): 40/49 kBProgress (1): 45/49 kBProgress (1): 49 kB                      Downloaded: https://repo.maven.apache.org/maven2/org/apache/maven/surefire/surefire-junit47/2.12/surefire-junit47-2.12.jar (49 kB at 31 kB/s)

-------------------------------------------------------
 T E S T S
-------------------------------------------------------

-------------------------------------------------------
 T E S T S
-------------------------------------------------------
Concurrency config is parallel='methods', perCoreThreadCount=true, threadCount=2, useUnlimitedThreads=false
Running com.shinesolutions.swaggeraem4j.api.CrxApiTest
Tests run: 1, Failures: 0, Errors: 0, Skipped: 1, Time elapsed: 0 sec
Concurrency config is parallel='methods', perCoreThreadCount=true, threadCount=2, useUnlimitedThreads=false
Running com.shinesolutions.swaggeraem4j.api.ConsoleApiTest
Tests run: 1, Failures: 0, Errors: 0, Skipped: 1, Time elapsed: 0 sec
Concurrency config is parallel='methods', perCoreThreadCount=true, threadCount=2, useUnlimitedThreads=false
Running com.shinesolutions.swaggeraem4j.api.CustomApiTest
Tests run: 1, Failures: 0, Errors: 0, Skipped: 1, Time elapsed: 0 sec
Concurrency config is parallel='methods', perCoreThreadCount=true, threadCount=2, useUnlimitedThreads=false
Running com.shinesolutions.swaggeraem4j.api.CqApiTest
Tests run: 1, Failures: 0, Errors: 0, Skipped: 1, Time elapsed: 0 sec
Concurrency config is parallel='methods', perCoreThreadCount=true, threadCount=2, useUnlimitedThreads=false
Running com.shinesolutions.swaggeraem4j.api.SlingApiTest
Tests run: 1, Failures: 0, Errors: 0, Skipped: 1, Time elapsed: 0 sec

Results :

Tests run: 5, Failures: 0, Errors: 0, Skipped: 5

[[1;34mINFO[m] [1m------------------------------------------------------------------------[m
[[1;34mINFO[m] [1;32mBUILD SUCCESS[m
[[1;34mINFO[m] [1m------------------------------------------------------------------------[m
[[1;34mINFO[m] Total time: 39.017 s
[[1;34mINFO[m] Finished at: 2019-02-01T03:59:42Z
[[1;34mINFO[m] Final Memory: 21M/141M
[[1;34mINFO[m] [1m------------------------------------------------------------------------[m
